2015-07-10 00:50:55,412 [RMI TCP Connection(3)-127.0.0.1] ERROR org.apache.shiro.web.env.EnvironmentLoader - Shiro environment initialization failed
java.lang.IllegalArgumentException: Line argument must contain a key and a value.  Only one string token was found.
	at org.apache.shiro.config.Ini$Section.splitKeyValue(Ini.java:542) ~[shiro-core-1.2.2.jar:1.2.2]
	at org.apache.shiro.config.Ini$Section.toMapProps(Ini.java:567) ~[shiro-core-1.2.2.jar:1.2.2]
	at org.apache.shiro.config.Ini$Section.<init>(Ini.java:464) ~[shiro-core-1.2.2.jar:1.2.2]
	at org.apache.shiro.config.Ini$Section.<init>(Ini.java:445) ~[shiro-core-1.2.2.jar:1.2.2]
	at org.apache.shiro.config.Ini.addSection(Ini.java:302) ~[shiro-core-1.2.2.jar:1.2.2]
	at org.apache.shiro.config.Ini.load(Ini.java:351) ~[shiro-core-1.2.2.jar:1.2.2]
	at org.apache.shiro.config.Ini.load(Ini.java:287) ~[shiro-core-1.2.2.jar:1.2.2]
	at org.apache.shiro.config.Ini.load(Ini.java:275) ~[shiro-core-1.2.2.jar:1.2.2]
	at org.apache.shiro.web.env.IniWebEnvironment.convertPathToIni(IniWebEnvironment.java:265) ~[shiro-web-1.2.2.jar:1.2.2]
	at org.apache.shiro.web.env.IniWebEnvironment.createIni(IniWebEnvironment.java:163) ~[shiro-web-1.2.2.jar:1.2.2]
	at org.apache.shiro.web.env.IniWebEnvironment.getSpecifiedIni(IniWebEnvironment.java:121) ~[shiro-web-1.2.2.jar:1.2.2]
	at org.apache.shiro.web.env.IniWebEnvironment.init(IniWebEnvironment.java:77) ~[shiro-web-1.2.2.jar:1.2.2]
	at org.apache.shiro.util.LifecycleUtils.init(LifecycleUtils.java:45) ~[shiro-core-1.2.2.jar:1.2.2]
	at org.apache.shiro.util.LifecycleUtils.init(LifecycleUtils.java:40) ~[shiro-core-1.2.2.jar:1.2.2]
	at org.apache.shiro.web.env.EnvironmentLoader.createEnvironment(EnvironmentLoader.java:221) ~[shiro-web-1.2.2.jar:1.2.2]
	at org.apache.shiro.web.env.EnvironmentLoader.initEnvironment(EnvironmentLoader.java:133) ~[shiro-web-1.2.2.jar:1.2.2]
	at org.apache.shiro.web.env.EnvironmentLoaderListener.contextInitialized(EnvironmentLoaderListener.java:58) [shiro-web-1.2.2.jar:1.2.2]
	at org.apache.catalina.core.StandardContext.listenerStart(StandardContext.java:4992) [catalina.jar:7.0.55]
	at org.apache.catalina.core.StandardContext.startInternal(StandardContext.java:5490) [catalina.jar:7.0.55]
	at org.apache.catalina.util.LifecycleBase.start(LifecycleBase.java:150) [catalina.jar:7.0.55]
	at org.apache.catalina.core.ContainerBase.addChildInternal(ContainerBase.java:901) [catalina.jar:7.0.55]
	at org.apache.catalina.core.ContainerBase.addChild(ContainerBase.java:877) [catalina.jar:7.0.55]
	at org.apache.catalina.core.StandardHost.addChild(StandardHost.java:649) [catalina.jar:7.0.55]
	at org.apache.catalina.startup.HostConfig.manageApp(HostConfig.java:1763) [catalina.jar:7.0.55]
	at sun.reflect.NativeMethodAccessorImpl.invoke0(Native Method) ~[na:1.7.0_51]
	at sun.reflect.NativeMethodAccessorImpl.invoke(NativeMethodAccessorImpl.java:57) ~[na:1.7.0_51]
	at sun.reflect.DelegatingMethodAccessorImpl.invoke(DelegatingMethodAccessorImpl.java:43) ~[na:1.7.0_51]
	at java.lang.reflect.Method.invoke(Method.java:606) ~[na:1.7.0_51]
	at org.apache.tomcat.util.modeler.BaseModelMBean.invoke(BaseModelMBean.java:301) [tomcat-coyote.jar:7.0.55]
	at com.sun.jmx.interceptor.DefaultMBeanServerInterceptor.invoke(DefaultMBeanServerInterceptor.java:819) [na:1.7.0_51]
	at com.sun.jmx.mbeanserver.JmxMBeanServer.invoke(JmxMBeanServer.java:801) [na:1.7.0_51]
	at org.apache.catalina.mbeans.MBeanFactory.createStandardContext(MBeanFactory.java:618) [catalina.jar:7.0.55]
	at org.apache.catalina.mbeans.MBeanFactory.createStandardContext(MBeanFactory.java:565) [catalina.jar:7.0.55]
	at sun.reflect.NativeMethodAccessorImpl.invoke0(Native Method) ~[na:1.7.0_51]
	at sun.reflect.NativeMethodAccessorImpl.invoke(NativeMethodAccessorImpl.java:57) ~[na:1.7.0_51]
	at sun.reflect.DelegatingMethodAccessorImpl.invoke(DelegatingMethodAccessorImpl.java:43) ~[na:1.7.0_51]
	at java.lang.reflect.Method.invoke(Method.java:606) ~[na:1.7.0_51]
	at org.apache.tomcat.util.modeler.BaseModelMBean.invoke(BaseModelMBean.java:301) [tomcat-coyote.jar:7.0.55]
	at com.sun.jmx.interceptor.DefaultMBeanServerInterceptor.invoke(DefaultMBeanServerInterceptor.java:819) [na:1.7.0_51]
	at com.sun.jmx.mbeanserver.JmxMBeanServer.invoke(JmxMBeanServer.java:801) [na:1.7.0_51]
	at javax.management.remote.rmi.RMIConnectionImpl.doOperation(RMIConnectionImpl.java:1487) [na:1.7.0_51]
	at javax.management.remote.rmi.RMIConnectionImpl.access$300(RMIConnectionImpl.java:97) [na:1.7.0_51]
	at javax.management.remote.rmi.RMIConnectionImpl$PrivilegedOperation.run(RMIConnectionImpl.java:1328) [na:1.7.0_51]
	at javax.management.remote.rmi.RMIConnectionImpl.doPrivilegedOperation(RMIConnectionImpl.java:1420) [na:1.7.0_51]
	at javax.management.remote.rmi.RMIConnectionImpl.invoke(RMIConnectionImpl.java:848) [na:1.7.0_51]
	at sun.reflect.NativeMethodAccessorImpl.invoke0(Native Method) ~[na:1.7.0_51]
	at sun.reflect.NativeMethodAccessorImpl.invoke(NativeMethodAccessorImpl.java:57) ~[na:1.7.0_51]
	at sun.reflect.DelegatingMethodAccessorImpl.invoke(DelegatingMethodAccessorImpl.java:43) ~[na:1.7.0_51]
	at java.lang.reflect.Method.invoke(Method.java:606) ~[na:1.7.0_51]
	at sun.rmi.server.UnicastServerRef.dispatch(UnicastServerRef.java:322) [na:1.7.0_51]
	at sun.rmi.transport.Transport$1.run(Transport.java:177) [na:1.7.0_51]
	at sun.rmi.transport.Transport$1.run(Transport.java:174) [na:1.7.0_51]
	at java.security.AccessController.doPrivileged(Native Method) [na:1.7.0_51]
	at sun.rmi.transport.Transport.serviceCall(Transport.java:173) [na:1.7.0_51]
	at sun.rmi.transport.tcp.TCPTransport.handleMessages(TCPTransport.java:556) [na:1.7.0_51]
	at sun.rmi.transport.tcp.TCPTransport$ConnectionHandler.run0(TCPTransport.java:811) [na:1.7.0_51]
	at sun.rmi.transport.tcp.TCPTransport$ConnectionHandler.run(TCPTransport.java:670) [na:1.7.0_51]
	at java.util.concurrent.ThreadPoolExecutor.runWorker(ThreadPoolExecutor.java:1145) [na:1.7.0_51]
	at java.util.concurrent.ThreadPoolExecutor$Worker.run(ThreadPoolExecutor.java:615) [na:1.7.0_51]
	at java.lang.Thread.run(Thread.java:744) [na:1.7.0_51]
2015-07-10 00:56:05,356 [RMI TCP Connection(3)-127.0.0.1] ERROR org.springframework.web.context.ContextLoader - Context initialization failed
org.springframework.beans.factory.BeanCreationException: Error creating bean with name 'personDaoImpl': Injection of resource dependencies failed; nested exception is org.springframework.beans.factory.NoSuchBeanDefinitionException: No qualifying bean of type [org.springframework.ldap.core.LdapTemplate] found for dependency: expected at least 1 bean which qualifies as autowire candidate for this dependency. Dependency annotations: {@javax.annotation.Resource(shareable=true, mappedName=, description=, name=, type=class java.lang.Object, authenticationType=CONTAINER, lookup=)}
	at org.springframework.context.annotation.CommonAnnotationBeanPostProcessor.postProcessPropertyValues(CommonAnnotationBeanPostProcessor.java:307) ~[spring-context-3.2.13.RELEASE.jar:3.2.13.RELEASE]
	at org.springframework.beans.factory.support.AbstractAutowireCapableBeanFactory.populateBean(AbstractAutowireCapableBeanFactory.java:1148) ~[spring-beans-3.2.13.RELEASE.jar:3.2.13.RELEASE]
	at org.springframework.beans.factory.support.AbstractAutowireCapableBeanFactory.doCreateBean(AbstractAutowireCapableBeanFactory.java:519) ~[spring-beans-3.2.13.RELEASE.jar:3.2.13.RELEASE]
	at org.springframework.beans.factory.support.AbstractAutowireCapableBeanFactory.createBean(AbstractAutowireCapableBeanFactory.java:458) ~[spring-beans-3.2.13.RELEASE.jar:3.2.13.RELEASE]
	at org.springframework.beans.factory.support.AbstractBeanFactory$1.getObject(AbstractBeanFactory.java:293) ~[spring-beans-3.2.13.RELEASE.jar:3.2.13.RELEASE]
	at org.springframework.beans.factory.support.DefaultSingletonBeanRegistry.getSingleton(DefaultSingletonBeanRegistry.java:223) ~[spring-beans-3.2.13.RELEASE.jar:3.2.13.RELEASE]
	at org.springframework.beans.factory.support.AbstractBeanFactory.doGetBean(AbstractBeanFactory.java:290) ~[spring-beans-3.2.13.RELEASE.jar:3.2.13.RELEASE]
	at org.springframework.beans.factory.support.AbstractBeanFactory.getBean(AbstractBeanFactory.java:191) ~[spring-beans-3.2.13.RELEASE.jar:3.2.13.RELEASE]
	at org.springframework.beans.factory.support.DefaultListableBeanFactory.preInstantiateSingletons(DefaultListableBeanFactory.java:636) ~[spring-beans-3.2.13.RELEASE.jar:3.2.13.RELEASE]
	at org.springframework.context.support.AbstractApplicationContext.finishBeanFactoryInitialization(AbstractApplicationContext.java:934) ~[spring-context-3.2.13.RELEASE.jar:3.2.13.RELEASE]
	at org.springframework.context.support.AbstractApplicationContext.__refresh(AbstractApplicationContext.java:479) ~[spring-context-3.2.13.RELEASE.jar:3.2.13.RELEASE]
	at org.springframework.context.support.AbstractApplicationContext.refresh(AbstractApplicationContext.java) ~[spring-context-3.2.13.RELEASE.jar:3.2.13.RELEASE]
	at org.springframework.web.context.ContextLoader.configureAndRefreshWebApplicationContext(ContextLoader.java:410) ~[spring-web-3.2.13.RELEASE.jar:3.2.13.RELEASE]
	at org.springframework.web.context.ContextLoader.initWebApplicationContext(ContextLoader.java:306) ~[spring-web-3.2.13.RELEASE.jar:3.2.13.RELEASE]
	at org.springframework.web.context.ContextLoaderListener.contextInitialized(ContextLoaderListener.java:112) [spring-web-3.2.13.RELEASE.jar:3.2.13.RELEASE]
	at org.apache.catalina.core.StandardContext.listenerStart(StandardContext.java:4992) [catalina.jar:7.0.55]
	at org.apache.catalina.core.StandardContext.startInternal(StandardContext.java:5490) [catalina.jar:7.0.55]
	at org.apache.catalina.util.LifecycleBase.start(LifecycleBase.java:150) [catalina.jar:7.0.55]
	at org.apache.catalina.core.ContainerBase.addChildInternal(ContainerBase.java:901) [catalina.jar:7.0.55]
	at org.apache.catalina.core.ContainerBase.addChild(ContainerBase.java:877) [catalina.jar:7.0.55]
	at org.apache.catalina.core.StandardHost.addChild(StandardHost.java:649) [catalina.jar:7.0.55]
	at org.apache.catalina.startup.HostConfig.manageApp(HostConfig.java:1763) [catalina.jar:7.0.55]
	at sun.reflect.NativeMethodAccessorImpl.invoke0(Native Method) ~[na:1.7.0_51]
	at sun.reflect.NativeMethodAccessorImpl.invoke(NativeMethodAccessorImpl.java:57) ~[na:1.7.0_51]
	at sun.reflect.DelegatingMethodAccessorImpl.invoke(DelegatingMethodAccessorImpl.java:43) ~[na:1.7.0_51]
	at java.lang.reflect.Method.invoke(Method.java:606) ~[na:1.7.0_51]
	at org.apache.tomcat.util.modeler.BaseModelMBean.invoke(BaseModelMBean.java:301) [tomcat-coyote.jar:7.0.55]
	at com.sun.jmx.interceptor.DefaultMBeanServerInterceptor.invoke(DefaultMBeanServerInterceptor.java:819) [na:1.7.0_51]
	at com.sun.jmx.mbeanserver.JmxMBeanServer.invoke(JmxMBeanServer.java:801) [na:1.7.0_51]
	at org.apache.catalina.mbeans.MBeanFactory.createStandardContext(MBeanFactory.java:618) [catalina.jar:7.0.55]
	at org.apache.catalina.mbeans.MBeanFactory.createStandardContext(MBeanFactory.java:565) [catalina.jar:7.0.55]
	at sun.reflect.NativeMethodAccessorImpl.invoke0(Native Method) ~[na:1.7.0_51]
	at sun.reflect.NativeMethodAccessorImpl.invoke(NativeMethodAccessorImpl.java:57) ~[na:1.7.0_51]
	at sun.reflect.DelegatingMethodAccessorImpl.invoke(DelegatingMethodAccessorImpl.java:43) ~[na:1.7.0_51]
	at java.lang.reflect.Method.invoke(Method.java:606) ~[na:1.7.0_51]
	at org.apache.tomcat.util.modeler.BaseModelMBean.invoke(BaseModelMBean.java:301) [tomcat-coyote.jar:7.0.55]
	at com.sun.jmx.interceptor.DefaultMBeanServerInterceptor.invoke(DefaultMBeanServerInterceptor.java:819) [na:1.7.0_51]
	at com.sun.jmx.mbeanserver.JmxMBeanServer.invoke(JmxMBeanServer.java:801) [na:1.7.0_51]
	at javax.management.remote.rmi.RMIConnectionImpl.doOperation(RMIConnectionImpl.java:1487) [na:1.7.0_51]
	at javax.management.remote.rmi.RMIConnectionImpl.access$300(RMIConnectionImpl.java:97) [na:1.7.0_51]
	at javax.management.remote.rmi.RMIConnectionImpl$PrivilegedOperation.run(RMIConnectionImpl.java:1328) [na:1.7.0_51]
	at javax.management.remote.rmi.RMIConnectionImpl.doPrivilegedOperation(RMIConnectionImpl.java:1420) [na:1.7.0_51]
	at javax.management.remote.rmi.RMIConnectionImpl.invoke(RMIConnectionImpl.java:848) [na:1.7.0_51]
	at sun.reflect.NativeMethodAccessorImpl.invoke0(Native Method) ~[na:1.7.0_51]
	at sun.reflect.NativeMethodAccessorImpl.invoke(NativeMethodAccessorImpl.java:57) ~[na:1.7.0_51]
	at sun.reflect.DelegatingMethodAccessorImpl.invoke(DelegatingMethodAccessorImpl.java:43) ~[na:1.7.0_51]
	at java.lang.reflect.Method.invoke(Method.java:606) ~[na:1.7.0_51]
	at sun.rmi.server.UnicastServerRef.dispatch(UnicastServerRef.java:322) [na:1.7.0_51]
	at sun.rmi.transport.Transport$1.run(Transport.java:177) [na:1.7.0_51]
	at sun.rmi.transport.Transport$1.run(Transport.java:174) [na:1.7.0_51]
	at java.security.AccessController.doPrivileged(Native Method) [na:1.7.0_51]
	at sun.rmi.transport.Transport.serviceCall(Transport.java:173) [na:1.7.0_51]
	at sun.rmi.transport.tcp.TCPTransport.handleMessages(TCPTransport.java:556) [na:1.7.0_51]
	at sun.rmi.transport.tcp.TCPTransport$ConnectionHandler.run0(TCPTransport.java:811) [na:1.7.0_51]
	at sun.rmi.transport.tcp.TCPTransport$ConnectionHandler.run(TCPTransport.java:670) [na:1.7.0_51]
	at java.util.concurrent.ThreadPoolExecutor.runWorker(ThreadPoolExecutor.java:1145) [na:1.7.0_51]
	at java.util.concurrent.ThreadPoolExecutor$Worker.run(ThreadPoolExecutor.java:615) [na:1.7.0_51]
	at java.lang.Thread.run(Thread.java:744) [na:1.7.0_51]
Caused by: org.springframework.beans.factory.NoSuchBeanDefinitionException: No qualifying bean of type [org.springframework.ldap.core.LdapTemplate] found for dependency: expected at least 1 bean which qualifies as autowire candidate for this dependency. Dependency annotations: {@javax.annotation.Resource(shareable=true, mappedName=, description=, name=, type=class java.lang.Object, authenticationType=CONTAINER, lookup=)}
	at org.springframework.beans.factory.support.DefaultListableBeanFactory.raiseNoSuchBeanDefinitionException(DefaultListableBeanFactory.java:997) ~[spring-beans-3.2.13.RELEASE.jar:3.2.13.RELEASE]
	at org.springframework.beans.factory.support.DefaultListableBeanFactory.doResolveDependency(DefaultListableBeanFactory.java:867) ~[spring-beans-3.2.13.RELEASE.jar:3.2.13.RELEASE]
	at org.springframework.beans.factory.support.DefaultListableBeanFactory.resolveDependency(DefaultListableBeanFactory.java:779) ~[spring-beans-3.2.13.RELEASE.jar:3.2.13.RELEASE]
	at org.springframework.context.annotation.CommonAnnotationBeanPostProcessor.autowireResource(CommonAnnotationBeanPostProcessor.java:445) ~[spring-context-3.2.13.RELEASE.jar:3.2.13.RELEASE]
	at org.springframework.context.annotation.CommonAnnotationBeanPostProcessor.getResource(CommonAnnotationBeanPostProcessor.java:423) ~[spring-context-3.2.13.RELEASE.jar:3.2.13.RELEASE]
	at org.springframework.context.annotation.CommonAnnotationBeanPostProcessor$ResourceElement.getResourceToInject(CommonAnnotationBeanPostProcessor.java:551) ~[spring-context-3.2.13.RELEASE.jar:3.2.13.RELEASE]
	at org.springframework.beans.factory.annotation.InjectionMetadata$InjectedElement.inject(InjectionMetadata.java:169) ~[spring-beans-3.2.13.RELEASE.jar:3.2.13.RELEASE]
	at org.springframework.beans.factory.annotation.InjectionMetadata.inject(InjectionMetadata.java:88) ~[spring-beans-3.2.13.RELEASE.jar:3.2.13.RELEASE]
	at org.springframework.context.annotation.CommonAnnotationBeanPostProcessor.postProcessPropertyValues(CommonAnnotationBeanPostProcessor.java:304) ~[spring-context-3.2.13.RELEASE.jar:3.2.13.RELEASE]
	... 57 common frames omitted
2015-07-10 00:56:05,422 [RMI TCP Connection(3)-127.0.0.1] ERROR org.apache.shiro.web.env.EnvironmentLoader - Shiro environment initialization failed
java.lang.IllegalArgumentException: Line argument must contain a key and a value.  Only one string token was found.
	at org.apache.shiro.config.Ini$Section.splitKeyValue(Ini.java:542) ~[shiro-core-1.2.2.jar:1.2.2]
	at org.apache.shiro.config.Ini$Section.toMapProps(Ini.java:567) ~[shiro-core-1.2.2.jar:1.2.2]
	at org.apache.shiro.config.Ini$Section.<init>(Ini.java:464) ~[shiro-core-1.2.2.jar:1.2.2]
	at org.apache.shiro.config.Ini$Section.<init>(Ini.java:445) ~[shiro-core-1.2.2.jar:1.2.2]
	at org.apache.shiro.config.Ini.addSection(Ini.java:302) ~[shiro-core-1.2.2.jar:1.2.2]
	at org.apache.shiro.config.Ini.load(Ini.java:351) ~[shiro-core-1.2.2.jar:1.2.2]
	at org.apache.shiro.config.Ini.load(Ini.java:287) ~[shiro-core-1.2.2.jar:1.2.2]
	at org.apache.shiro.config.Ini.load(Ini.java:275) ~[shiro-core-1.2.2.jar:1.2.2]
	at org.apache.shiro.web.env.IniWebEnvironment.convertPathToIni(IniWebEnvironment.java:265) ~[shiro-web-1.2.2.jar:1.2.2]
	at org.apache.shiro.web.env.IniWebEnvironment.createIni(IniWebEnvironment.java:163) ~[shiro-web-1.2.2.jar:1.2.2]
	at org.apache.shiro.web.env.IniWebEnvironment.getSpecifiedIni(IniWebEnvironment.java:121) ~[shiro-web-1.2.2.jar:1.2.2]
	at org.apache.shiro.web.env.IniWebEnvironment.init(IniWebEnvironment.java:77) ~[shiro-web-1.2.2.jar:1.2.2]
	at org.apache.shiro.util.LifecycleUtils.init(LifecycleUtils.java:45) ~[shiro-core-1.2.2.jar:1.2.2]
	at org.apache.shiro.util.LifecycleUtils.init(LifecycleUtils.java:40) ~[shiro-core-1.2.2.jar:1.2.2]
	at org.apache.shiro.web.env.EnvironmentLoader.createEnvironment(EnvironmentLoader.java:221) ~[shiro-web-1.2.2.jar:1.2.2]
	at org.apache.shiro.web.env.EnvironmentLoader.initEnvironment(EnvironmentLoader.java:133) ~[shiro-web-1.2.2.jar:1.2.2]
	at org.apache.shiro.web.env.EnvironmentLoaderListener.contextInitialized(EnvironmentLoaderListener.java:58) [shiro-web-1.2.2.jar:1.2.2]
	at org.apache.catalina.core.StandardContext.listenerStart(StandardContext.java:4992) [catalina.jar:7.0.55]
	at org.apache.catalina.core.StandardContext.startInternal(StandardContext.java:5490) [catalina.jar:7.0.55]
	at org.apache.catalina.util.LifecycleBase.start(LifecycleBase.java:150) [catalina.jar:7.0.55]
	at org.apache.catalina.core.ContainerBase.addChildInternal(ContainerBase.java:901) [catalina.jar:7.0.55]
	at org.apache.catalina.core.ContainerBase.addChild(ContainerBase.java:877) [catalina.jar:7.0.55]
	at org.apache.catalina.core.StandardHost.addChild(StandardHost.java:649) [catalina.jar:7.0.55]
	at org.apache.catalina.startup.HostConfig.manageApp(HostConfig.java:1763) [catalina.jar:7.0.55]
	at sun.reflect.NativeMethodAccessorImpl.invoke0(Native Method) ~[na:1.7.0_51]
	at sun.reflect.NativeMethodAccessorImpl.invoke(NativeMethodAccessorImpl.java:57) ~[na:1.7.0_51]
	at sun.reflect.DelegatingMethodAccessorImpl.invoke(DelegatingMethodAccessorImpl.java:43) ~[na:1.7.0_51]
	at java.lang.reflect.Method.invoke(Method.java:606) ~[na:1.7.0_51]
	at org.apache.tomcat.util.modeler.BaseModelMBean.invoke(BaseModelMBean.java:301) [tomcat-coyote.jar:7.0.55]
	at com.sun.jmx.interceptor.DefaultMBeanServerInterceptor.invoke(DefaultMBeanServerInterceptor.java:819) [na:1.7.0_51]
	at com.sun.jmx.mbeanserver.JmxMBeanServer.invoke(JmxMBeanServer.java:801) [na:1.7.0_51]
	at org.apache.catalina.mbeans.MBeanFactory.createStandardContext(MBeanFactory.java:618) [catalina.jar:7.0.55]
	at org.apache.catalina.mbeans.MBeanFactory.createStandardContext(MBeanFactory.java:565) [catalina.jar:7.0.55]
	at sun.reflect.NativeMethodAccessorImpl.invoke0(Native Method) ~[na:1.7.0_51]
	at sun.reflect.NativeMethodAccessorImpl.invoke(NativeMethodAccessorImpl.java:57) ~[na:1.7.0_51]
	at sun.reflect.DelegatingMethodAccessorImpl.invoke(DelegatingMethodAccessorImpl.java:43) ~[na:1.7.0_51]
	at java.lang.reflect.Method.invoke(Method.java:606) ~[na:1.7.0_51]
	at org.apache.tomcat.util.modeler.BaseModelMBean.invoke(BaseModelMBean.java:301) [tomcat-coyote.jar:7.0.55]
	at com.sun.jmx.interceptor.DefaultMBeanServerInterceptor.invoke(DefaultMBeanServerInterceptor.java:819) [na:1.7.0_51]
	at com.sun.jmx.mbeanserver.JmxMBeanServer.invoke(JmxMBeanServer.java:801) [na:1.7.0_51]
	at javax.management.remote.rmi.RMIConnectionImpl.doOperation(RMIConnectionImpl.java:1487) [na:1.7.0_51]
	at javax.management.remote.rmi.RMIConnectionImpl.access$300(RMIConnectionImpl.java:97) [na:1.7.0_51]
	at javax.management.remote.rmi.RMIConnectionImpl$PrivilegedOperation.run(RMIConnectionImpl.java:1328) [na:1.7.0_51]
	at javax.management.remote.rmi.RMIConnectionImpl.doPrivilegedOperation(RMIConnectionImpl.java:1420) [na:1.7.0_51]
	at javax.management.remote.rmi.RMIConnectionImpl.invoke(RMIConnectionImpl.java:848) [na:1.7.0_51]
	at sun.reflect.NativeMethodAccessorImpl.invoke0(Native Method) ~[na:1.7.0_51]
	at sun.reflect.NativeMethodAccessorImpl.invoke(NativeMethodAccessorImpl.java:57) ~[na:1.7.0_51]
	at sun.reflect.DelegatingMethodAccessorImpl.invoke(DelegatingMethodAccessorImpl.java:43) ~[na:1.7.0_51]
	at java.lang.reflect.Method.invoke(Method.java:606) ~[na:1.7.0_51]
	at sun.rmi.server.UnicastServerRef.dispatch(UnicastServerRef.java:322) [na:1.7.0_51]
	at sun.rmi.transport.Transport$1.run(Transport.java:177) [na:1.7.0_51]
	at sun.rmi.transport.Transport$1.run(Transport.java:174) [na:1.7.0_51]
	at java.security.AccessController.doPrivileged(Native Method) [na:1.7.0_51]
	at sun.rmi.transport.Transport.serviceCall(Transport.java:173) [na:1.7.0_51]
	at sun.rmi.transport.tcp.TCPTransport.handleMessages(TCPTransport.java:556) [na:1.7.0_51]
	at sun.rmi.transport.tcp.TCPTransport$ConnectionHandler.run0(TCPTransport.java:811) [na:1.7.0_51]
	at sun.rmi.transport.tcp.TCPTransport$ConnectionHandler.run(TCPTransport.java:670) [na:1.7.0_51]
	at java.util.concurrent.ThreadPoolExecutor.runWorker(ThreadPoolExecutor.java:1145) [na:1.7.0_51]
	at java.util.concurrent.ThreadPoolExecutor$Worker.run(ThreadPoolExecutor.java:615) [na:1.7.0_51]
	at java.lang.Thread.run(Thread.java:744) [na:1.7.0_51]
