2015-07-14 19:30:39,481 [http-apr-8080-exec-6] ERROR org.springframework.web.servlet.DispatcherServlet - Context initialization failed
org.springframework.beans.factory.BeanCreationException: Error creating bean with name 'baseDeptController' defined in file [D:\project\myframework\myframework\target\classes\cn\mypandora\system\controller\BaseDeptController.class]: BeanPostProcessor before instantiation of bean failed; nested exception is org.springframework.beans.factory.BeanCreationException: Error creating bean with name 'org.apache.shiro.spring.security.interceptor.AuthorizationAttributeSourceAdvisor#0' defined in ServletContext resource [/WEB-INF/spring-mvc.xml]: Cannot resolve reference to bean 'securityManager' while setting bean property 'securityManager'; nested exception is org.springframework.beans.factory.NoSuchBeanDefinitionException: No bean named 'securityManager' is defined
	at org.springframework.beans.factory.support.AbstractAutowireCapableBeanFactory.createBean(AbstractAutowireCapableBeanFactory.java:454) ~[spring-beans-3.2.13.RELEASE.jar:3.2.13.RELEASE]
	at org.springframework.beans.factory.support.AbstractBeanFactory$1.getObject(AbstractBeanFactory.java:293) ~[spring-beans-3.2.13.RELEASE.jar:3.2.13.RELEASE]
	at org.springframework.beans.factory.support.DefaultSingletonBeanRegistry.getSingleton(DefaultSingletonBeanRegistry.java:223) ~[spring-beans-3.2.13.RELEASE.jar:3.2.13.RELEASE]
	at org.springframework.beans.factory.support.AbstractBeanFactory.doGetBean(AbstractBeanFactory.java:290) ~[spring-beans-3.2.13.RELEASE.jar:3.2.13.RELEASE]
	at org.springframework.beans.factory.support.AbstractBeanFactory.getBean(AbstractBeanFactory.java:191) ~[spring-beans-3.2.13.RELEASE.jar:3.2.13.RELEASE]
	at org.springframework.beans.factory.support.DefaultListableBeanFactory.preInstantiateSingletons(DefaultListableBeanFactory.java:636) ~[spring-beans-3.2.13.RELEASE.jar:3.2.13.RELEASE]
	at org.springframework.context.support.AbstractApplicationContext.finishBeanFactoryInitialization(AbstractApplicationContext.java:934) ~[spring-context-3.2.13.RELEASE.jar:3.2.13.RELEASE]
	at org.springframework.context.support.AbstractApplicationContext.__refresh(AbstractApplicationContext.java:479) ~[spring-context-3.2.13.RELEASE.jar:3.2.13.RELEASE]
	at org.springframework.context.support.AbstractApplicationContext.refresh(AbstractApplicationContext.java) ~[spring-context-3.2.13.RELEASE.jar:3.2.13.RELEASE]
	at org.springframework.web.servlet.FrameworkServlet.configureAndRefreshWebApplicationContext(FrameworkServlet.java:651) ~[spring-webmvc-3.2.13.RELEASE.jar:3.2.13.RELEASE]
	at org.springframework.web.servlet.FrameworkServlet.createWebApplicationContext(FrameworkServlet.java:602) ~[spring-webmvc-3.2.13.RELEASE.jar:3.2.13.RELEASE]
	at org.springframework.web.servlet.FrameworkServlet.createWebApplicationContext(FrameworkServlet.java:665) ~[spring-webmvc-3.2.13.RELEASE.jar:3.2.13.RELEASE]
	at org.springframework.web.servlet.FrameworkServlet.initWebApplicationContext(FrameworkServlet.java:521) ~[spring-webmvc-3.2.13.RELEASE.jar:3.2.13.RELEASE]
	at org.springframework.web.servlet.FrameworkServlet.initServletBean(FrameworkServlet.java:462) ~[spring-webmvc-3.2.13.RELEASE.jar:3.2.13.RELEASE]
	at org.springframework.web.servlet.HttpServletBean.init(HttpServletBean.java:136) [spring-webmvc-3.2.13.RELEASE.jar:3.2.13.RELEASE]
	at javax.servlet.GenericServlet.init(GenericServlet.java:158) [servlet-api.jar:3.0.FR]
	at org.apache.catalina.core.StandardWrapper.initServlet(StandardWrapper.java:1284) [catalina.jar:7.0.55]
	at org.apache.catalina.core.StandardWrapper.loadServlet(StandardWrapper.java:1197) [catalina.jar:7.0.55]
	at org.apache.catalina.core.StandardWrapper.allocate(StandardWrapper.java:864) [catalina.jar:7.0.55]
	at org.apache.catalina.core.StandardWrapperValve.invoke(StandardWrapperValve.java:134) [catalina.jar:7.0.55]
	at org.apache.catalina.core.StandardContextValve.__invoke(StandardContextValve.java:122) [catalina.jar:7.0.55]
	at org.apache.catalina.core.StandardContextValve.invoke(StandardContextValve.java) [catalina.jar:7.0.55]
	at org.apache.catalina.authenticator.AuthenticatorBase.invoke(AuthenticatorBase.java:501) [catalina.jar:7.0.55]
	at org.apache.catalina.core.StandardHostValve.__invoke(StandardHostValve.java:171) [catalina.jar:7.0.55]
	at org.apache.catalina.core.StandardHostValve.invoke(StandardHostValve.java) [catalina.jar:7.0.55]
	at org.apache.catalina.valves.ErrorReportValve.invoke(ErrorReportValve.java:103) [catalina.jar:7.0.55]
	at org.apache.catalina.valves.AccessLogValve.invoke(AccessLogValve.java:950) [catalina.jar:7.0.55]
	at org.apache.catalina.core.StandardEngineValve.invoke(StandardEngineValve.java:116) [catalina.jar:7.0.55]
	at org.apache.catalina.connector.CoyoteAdapter.service(CoyoteAdapter.java:408) [catalina.jar:7.0.55]
	at org.apache.coyote.http11.AbstractHttp11Processor.process(AbstractHttp11Processor.java:1070) [tomcat-coyote.jar:7.0.55]
	at org.apache.coyote.AbstractProtocol$AbstractConnectionHandler.process(AbstractProtocol.java:611) [tomcat-coyote.jar:7.0.55]
	at org.apache.tomcat.util.net.AprEndpoint$SocketProcessor.doRun(AprEndpoint.java:2440) [tomcat-coyote.jar:7.0.55]
	at org.apache.tomcat.util.net.AprEndpoint$SocketProcessor.run(AprEndpoint.java:2429) [tomcat-coyote.jar:7.0.55]
	at java.util.concurrent.ThreadPoolExecutor.runWorker(ThreadPoolExecutor.java:1145) [na:1.7.0_51]
	at java.util.concurrent.ThreadPoolExecutor$Worker.run(ThreadPoolExecutor.java:615) [na:1.7.0_51]
	at org.apache.tomcat.util.threads.TaskThread$WrappingRunnable.run(TaskThread.java:61) [tomcat-coyote.jar:7.0.55]
	at java.lang.Thread.run(Thread.java:744) [na:1.7.0_51]
Caused by: org.springframework.beans.factory.BeanCreationException: Error creating bean with name 'org.apache.shiro.spring.security.interceptor.AuthorizationAttributeSourceAdvisor#0' defined in ServletContext resource [/WEB-INF/spring-mvc.xml]: Cannot resolve reference to bean 'securityManager' while setting bean property 'securityManager'; nested exception is org.springframework.beans.factory.NoSuchBeanDefinitionException: No bean named 'securityManager' is defined
	at org.springframework.beans.factory.support.BeanDefinitionValueResolver.resolveReference(BeanDefinitionValueResolver.java:334) ~[spring-beans-3.2.13.RELEASE.jar:3.2.13.RELEASE]
	at org.springframework.beans.factory.support.BeanDefinitionValueResolver.resolveValueIfNecessary(BeanDefinitionValueResolver.java:108) ~[spring-beans-3.2.13.RELEASE.jar:3.2.13.RELEASE]
	at org.springframework.beans.factory.support.AbstractAutowireCapableBeanFactory.applyPropertyValues(AbstractAutowireCapableBeanFactory.java:1419) ~[spring-beans-3.2.13.RELEASE.jar:3.2.13.RELEASE]
	at org.springframework.beans.factory.support.AbstractAutowireCapableBeanFactory.populateBean(AbstractAutowireCapableBeanFactory.java:1160) ~[spring-beans-3.2.13.RELEASE.jar:3.2.13.RELEASE]
	at org.springframework.beans.factory.support.AbstractAutowireCapableBeanFactory.doCreateBean(AbstractAutowireCapableBeanFactory.java:519) ~[spring-beans-3.2.13.RELEASE.jar:3.2.13.RELEASE]
	at org.springframework.beans.factory.support.AbstractAutowireCapableBeanFactory.createBean(AbstractAutowireCapableBeanFactory.java:458) ~[spring-beans-3.2.13.RELEASE.jar:3.2.13.RELEASE]
	at org.springframework.beans.factory.support.AbstractBeanFactory$1.getObject(AbstractBeanFactory.java:293) ~[spring-beans-3.2.13.RELEASE.jar:3.2.13.RELEASE]
	at org.springframework.beans.factory.support.DefaultSingletonBeanRegistry.getSingleton(DefaultSingletonBeanRegistry.java:223) ~[spring-beans-3.2.13.RELEASE.jar:3.2.13.RELEASE]
	at org.springframework.beans.factory.support.AbstractBeanFactory.doGetBean(AbstractBeanFactory.java:290) ~[spring-beans-3.2.13.RELEASE.jar:3.2.13.RELEASE]
	at org.springframework.beans.factory.support.AbstractBeanFactory.getBean(AbstractBeanFactory.java:195) ~[spring-beans-3.2.13.RELEASE.jar:3.2.13.RELEASE]
	at org.springframework.aop.framework.autoproxy.BeanFactoryAdvisorRetrievalHelper.findAdvisorBeans(BeanFactoryAdvisorRetrievalHelper.java:92) ~[spring-aop-3.2.13.RELEASE.jar:3.2.13.RELEASE]
	at org.springframework.aop.framework.autoproxy.AbstractAdvisorAutoProxyCreator.findCandidateAdvisors(AbstractAdvisorAutoProxyCreator.java:101) ~[spring-aop-3.2.13.RELEASE.jar:3.2.13.RELEASE]
	at org.springframework.aop.aspectj.autoproxy.AspectJAwareAdvisorAutoProxyCreator.shouldSkip(AspectJAwareAdvisorAutoProxyCreator.java:103) ~[spring-aop-3.2.13.RELEASE.jar:3.2.13.RELEASE]
	at org.springframework.aop.framework.autoproxy.AbstractAutoProxyCreator.postProcessBeforeInstantiation(AbstractAutoProxyCreator.java:278) ~[spring-aop-3.2.13.RELEASE.jar:3.2.13.RELEASE]
	at org.springframework.beans.factory.support.AbstractAutowireCapableBeanFactory.applyBeanPostProcessorsBeforeInstantiation(AbstractAutowireCapableBeanFactory.java:922) ~[spring-beans-3.2.13.RELEASE.jar:3.2.13.RELEASE]
	at org.springframework.beans.factory.support.AbstractAutowireCapableBeanFactory.resolveBeforeInstantiation(AbstractAutowireCapableBeanFactory.java:894) ~[spring-beans-3.2.13.RELEASE.jar:3.2.13.RELEASE]
	at org.springframework.beans.factory.support.AbstractAutowireCapableBeanFactory.createBean(AbstractAutowireCapableBeanFactory.java:448) ~[spring-beans-3.2.13.RELEASE.jar:3.2.13.RELEASE]
	... 36 common frames omitted
Caused by: org.springframework.beans.factory.NoSuchBeanDefinitionException: No bean named 'securityManager' is defined
	at org.springframework.beans.factory.support.DefaultListableBeanFactory.getBeanDefinition(DefaultListableBeanFactory.java:575) ~[spring-beans-3.2.13.RELEASE.jar:3.2.13.RELEASE]
	at org.springframework.beans.factory.support.AbstractBeanFactory.getMergedLocalBeanDefinition(AbstractBeanFactory.java:1111) ~[spring-beans-3.2.13.RELEASE.jar:3.2.13.RELEASE]
	at org.springframework.beans.factory.support.AbstractBeanFactory.doGetBean(AbstractBeanFactory.java:276) ~[spring-beans-3.2.13.RELEASE.jar:3.2.13.RELEASE]
	at org.springframework.beans.factory.support.AbstractBeanFactory.getBean(AbstractBeanFactory.java:195) ~[spring-beans-3.2.13.RELEASE.jar:3.2.13.RELEASE]
	at org.springframework.beans.factory.support.AbstractBeanFactory.doGetBean(AbstractBeanFactory.java:267) ~[spring-beans-3.2.13.RELEASE.jar:3.2.13.RELEASE]
	at org.springframework.beans.factory.support.AbstractBeanFactory.getBean(AbstractBeanFactory.java:191) ~[spring-beans-3.2.13.RELEASE.jar:3.2.13.RELEASE]
	at org.springframework.beans.factory.support.BeanDefinitionValueResolver.resolveReference(BeanDefinitionValueResolver.java:328) ~[spring-beans-3.2.13.RELEASE.jar:3.2.13.RELEASE]
	... 52 common frames omitted
2015-07-14 19:30:42,602 [http-apr-8080-exec-3] ERROR org.springframework.web.servlet.DispatcherServlet - Context initialization failed
org.springframework.beans.factory.BeanCreationException: Error creating bean with name 'baseDeptController' defined in file [D:\project\myframework\myframework\target\classes\cn\mypandora\system\controller\BaseDeptController.class]: BeanPostProcessor before instantiation of bean failed; nested exception is org.springframework.beans.factory.BeanCreationException: Error creating bean with name 'org.apache.shiro.spring.security.interceptor.AuthorizationAttributeSourceAdvisor#0' defined in ServletContext resource [/WEB-INF/spring-mvc.xml]: Cannot resolve reference to bean 'securityManager' while setting bean property 'securityManager'; nested exception is org.springframework.beans.factory.NoSuchBeanDefinitionException: No bean named 'securityManager' is defined
	at org.springframework.beans.factory.support.AbstractAutowireCapableBeanFactory.createBean(AbstractAutowireCapableBeanFactory.java:454) ~[spring-beans-3.2.13.RELEASE.jar:3.2.13.RELEASE]
	at org.springframework.beans.factory.support.AbstractBeanFactory$1.getObject(AbstractBeanFactory.java:293) ~[spring-beans-3.2.13.RELEASE.jar:3.2.13.RELEASE]
	at org.springframework.beans.factory.support.DefaultSingletonBeanRegistry.getSingleton(DefaultSingletonBeanRegistry.java:223) ~[spring-beans-3.2.13.RELEASE.jar:3.2.13.RELEASE]
	at org.springframework.beans.factory.support.AbstractBeanFactory.doGetBean(AbstractBeanFactory.java:290) ~[spring-beans-3.2.13.RELEASE.jar:3.2.13.RELEASE]
	at org.springframework.beans.factory.support.AbstractBeanFactory.getBean(AbstractBeanFactory.java:191) ~[spring-beans-3.2.13.RELEASE.jar:3.2.13.RELEASE]
	at org.springframework.beans.factory.support.DefaultListableBeanFactory.preInstantiateSingletons(DefaultListableBeanFactory.java:636) ~[spring-beans-3.2.13.RELEASE.jar:3.2.13.RELEASE]
	at org.springframework.context.support.AbstractApplicationContext.finishBeanFactoryInitialization(AbstractApplicationContext.java:934) ~[spring-context-3.2.13.RELEASE.jar:3.2.13.RELEASE]
	at org.springframework.context.support.AbstractApplicationContext.__refresh(AbstractApplicationContext.java:479) ~[spring-context-3.2.13.RELEASE.jar:3.2.13.RELEASE]
	at org.springframework.context.support.AbstractApplicationContext.refresh(AbstractApplicationContext.java) ~[spring-context-3.2.13.RELEASE.jar:3.2.13.RELEASE]
	at org.springframework.web.servlet.FrameworkServlet.configureAndRefreshWebApplicationContext(FrameworkServlet.java:651) ~[spring-webmvc-3.2.13.RELEASE.jar:3.2.13.RELEASE]
	at org.springframework.web.servlet.FrameworkServlet.createWebApplicationContext(FrameworkServlet.java:602) ~[spring-webmvc-3.2.13.RELEASE.jar:3.2.13.RELEASE]
	at org.springframework.web.servlet.FrameworkServlet.createWebApplicationContext(FrameworkServlet.java:665) ~[spring-webmvc-3.2.13.RELEASE.jar:3.2.13.RELEASE]
	at org.springframework.web.servlet.FrameworkServlet.initWebApplicationContext(FrameworkServlet.java:521) ~[spring-webmvc-3.2.13.RELEASE.jar:3.2.13.RELEASE]
	at org.springframework.web.servlet.FrameworkServlet.initServletBean(FrameworkServlet.java:462) ~[spring-webmvc-3.2.13.RELEASE.jar:3.2.13.RELEASE]
	at org.springframework.web.servlet.HttpServletBean.init(HttpServletBean.java:136) [spring-webmvc-3.2.13.RELEASE.jar:3.2.13.RELEASE]
	at javax.servlet.GenericServlet.init(GenericServlet.java:158) [servlet-api.jar:3.0.FR]
	at org.apache.catalina.core.StandardWrapper.initServlet(StandardWrapper.java:1284) [catalina.jar:7.0.55]
	at org.apache.catalina.core.StandardWrapper.loadServlet(StandardWrapper.java:1197) [catalina.jar:7.0.55]
	at org.apache.catalina.core.StandardWrapper.allocate(StandardWrapper.java:864) [catalina.jar:7.0.55]
	at org.apache.catalina.core.StandardWrapperValve.invoke(StandardWrapperValve.java:134) [catalina.jar:7.0.55]
	at org.apache.catalina.core.StandardContextValve.__invoke(StandardContextValve.java:122) [catalina.jar:7.0.55]
	at org.apache.catalina.core.StandardContextValve.invoke(StandardContextValve.java) [catalina.jar:7.0.55]
	at org.apache.catalina.authenticator.AuthenticatorBase.invoke(AuthenticatorBase.java:501) [catalina.jar:7.0.55]
	at org.apache.catalina.core.StandardHostValve.__invoke(StandardHostValve.java:171) [catalina.jar:7.0.55]
	at org.apache.catalina.core.StandardHostValve.invoke(StandardHostValve.java) [catalina.jar:7.0.55]
	at org.apache.catalina.valves.ErrorReportValve.invoke(ErrorReportValve.java:103) [catalina.jar:7.0.55]
	at org.apache.catalina.valves.AccessLogValve.invoke(AccessLogValve.java:950) [catalina.jar:7.0.55]
	at org.apache.catalina.core.StandardEngineValve.invoke(StandardEngineValve.java:116) [catalina.jar:7.0.55]
	at org.apache.catalina.connector.CoyoteAdapter.service(CoyoteAdapter.java:408) [catalina.jar:7.0.55]
	at org.apache.coyote.http11.AbstractHttp11Processor.process(AbstractHttp11Processor.java:1070) [tomcat-coyote.jar:7.0.55]
	at org.apache.coyote.AbstractProtocol$AbstractConnectionHandler.process(AbstractProtocol.java:611) [tomcat-coyote.jar:7.0.55]
	at org.apache.tomcat.util.net.AprEndpoint$SocketProcessor.doRun(AprEndpoint.java:2440) [tomcat-coyote.jar:7.0.55]
	at org.apache.tomcat.util.net.AprEndpoint$SocketProcessor.run(AprEndpoint.java:2429) [tomcat-coyote.jar:7.0.55]
	at java.util.concurrent.ThreadPoolExecutor.runWorker(ThreadPoolExecutor.java:1145) [na:1.7.0_51]
	at java.util.concurrent.ThreadPoolExecutor$Worker.run(ThreadPoolExecutor.java:615) [na:1.7.0_51]
	at org.apache.tomcat.util.threads.TaskThread$WrappingRunnable.run(TaskThread.java:61) [tomcat-coyote.jar:7.0.55]
	at java.lang.Thread.run(Thread.java:744) [na:1.7.0_51]
Caused by: org.springframework.beans.factory.BeanCreationException: Error creating bean with name 'org.apache.shiro.spring.security.interceptor.AuthorizationAttributeSourceAdvisor#0' defined in ServletContext resource [/WEB-INF/spring-mvc.xml]: Cannot resolve reference to bean 'securityManager' while setting bean property 'securityManager'; nested exception is org.springframework.beans.factory.NoSuchBeanDefinitionException: No bean named 'securityManager' is defined
	at org.springframework.beans.factory.support.BeanDefinitionValueResolver.resolveReference(BeanDefinitionValueResolver.java:334) ~[spring-beans-3.2.13.RELEASE.jar:3.2.13.RELEASE]
	at org.springframework.beans.factory.support.BeanDefinitionValueResolver.resolveValueIfNecessary(BeanDefinitionValueResolver.java:108) ~[spring-beans-3.2.13.RELEASE.jar:3.2.13.RELEASE]
	at org.springframework.beans.factory.support.AbstractAutowireCapableBeanFactory.applyPropertyValues(AbstractAutowireCapableBeanFactory.java:1419) ~[spring-beans-3.2.13.RELEASE.jar:3.2.13.RELEASE]
	at org.springframework.beans.factory.support.AbstractAutowireCapableBeanFactory.populateBean(AbstractAutowireCapableBeanFactory.java:1160) ~[spring-beans-3.2.13.RELEASE.jar:3.2.13.RELEASE]
	at org.springframework.beans.factory.support.AbstractAutowireCapableBeanFactory.doCreateBean(AbstractAutowireCapableBeanFactory.java:519) ~[spring-beans-3.2.13.RELEASE.jar:3.2.13.RELEASE]
	at org.springframework.beans.factory.support.AbstractAutowireCapableBeanFactory.createBean(AbstractAutowireCapableBeanFactory.java:458) ~[spring-beans-3.2.13.RELEASE.jar:3.2.13.RELEASE]
	at org.springframework.beans.factory.support.AbstractBeanFactory$1.getObject(AbstractBeanFactory.java:293) ~[spring-beans-3.2.13.RELEASE.jar:3.2.13.RELEASE]
	at org.springframework.beans.factory.support.DefaultSingletonBeanRegistry.getSingleton(DefaultSingletonBeanRegistry.java:223) ~[spring-beans-3.2.13.RELEASE.jar:3.2.13.RELEASE]
	at org.springframework.beans.factory.support.AbstractBeanFactory.doGetBean(AbstractBeanFactory.java:290) ~[spring-beans-3.2.13.RELEASE.jar:3.2.13.RELEASE]
	at org.springframework.beans.factory.support.AbstractBeanFactory.getBean(AbstractBeanFactory.java:195) ~[spring-beans-3.2.13.RELEASE.jar:3.2.13.RELEASE]
	at org.springframework.aop.framework.autoproxy.BeanFactoryAdvisorRetrievalHelper.findAdvisorBeans(BeanFactoryAdvisorRetrievalHelper.java:92) ~[spring-aop-3.2.13.RELEASE.jar:3.2.13.RELEASE]
	at org.springframework.aop.framework.autoproxy.AbstractAdvisorAutoProxyCreator.findCandidateAdvisors(AbstractAdvisorAutoProxyCreator.java:101) ~[spring-aop-3.2.13.RELEASE.jar:3.2.13.RELEASE]
	at org.springframework.aop.aspectj.autoproxy.AspectJAwareAdvisorAutoProxyCreator.shouldSkip(AspectJAwareAdvisorAutoProxyCreator.java:103) ~[spring-aop-3.2.13.RELEASE.jar:3.2.13.RELEASE]
	at org.springframework.aop.framework.autoproxy.AbstractAutoProxyCreator.postProcessBeforeInstantiation(AbstractAutoProxyCreator.java:278) ~[spring-aop-3.2.13.RELEASE.jar:3.2.13.RELEASE]
	at org.springframework.beans.factory.support.AbstractAutowireCapableBeanFactory.applyBeanPostProcessorsBeforeInstantiation(AbstractAutowireCapableBeanFactory.java:922) ~[spring-beans-3.2.13.RELEASE.jar:3.2.13.RELEASE]
	at org.springframework.beans.factory.support.AbstractAutowireCapableBeanFactory.resolveBeforeInstantiation(AbstractAutowireCapableBeanFactory.java:894) ~[spring-beans-3.2.13.RELEASE.jar:3.2.13.RELEASE]
	at org.springframework.beans.factory.support.AbstractAutowireCapableBeanFactory.createBean(AbstractAutowireCapableBeanFactory.java:448) ~[spring-beans-3.2.13.RELEASE.jar:3.2.13.RELEASE]
	... 36 common frames omitted
Caused by: org.springframework.beans.factory.NoSuchBeanDefinitionException: No bean named 'securityManager' is defined
	at org.springframework.beans.factory.support.DefaultListableBeanFactory.getBeanDefinition(DefaultListableBeanFactory.java:575) ~[spring-beans-3.2.13.RELEASE.jar:3.2.13.RELEASE]
	at org.springframework.beans.factory.support.AbstractBeanFactory.getMergedLocalBeanDefinition(AbstractBeanFactory.java:1111) ~[spring-beans-3.2.13.RELEASE.jar:3.2.13.RELEASE]
	at org.springframework.beans.factory.support.AbstractBeanFactory.doGetBean(AbstractBeanFactory.java:276) ~[spring-beans-3.2.13.RELEASE.jar:3.2.13.RELEASE]
	at org.springframework.beans.factory.support.AbstractBeanFactory.getBean(AbstractBeanFactory.java:195) ~[spring-beans-3.2.13.RELEASE.jar:3.2.13.RELEASE]
	at org.springframework.beans.factory.support.AbstractBeanFactory.doGetBean(AbstractBeanFactory.java:267) ~[spring-beans-3.2.13.RELEASE.jar:3.2.13.RELEASE]
	at org.springframework.beans.factory.support.AbstractBeanFactory.getBean(AbstractBeanFactory.java:191) ~[spring-beans-3.2.13.RELEASE.jar:3.2.13.RELEASE]
	at org.springframework.beans.factory.support.BeanDefinitionValueResolver.resolveReference(BeanDefinitionValueResolver.java:328) ~[spring-beans-3.2.13.RELEASE.jar:3.2.13.RELEASE]
	... 52 common frames omitted
