2015-05-30 13:52:33,983 [http-nio-8080-exec-2] DEBUG cn.mypandora.log.MyLogAspect - begin around
2015-05-30 13:52:33,990 [http-nio-8080-exec-2] DEBUG cn.mypandora.orm.dao.impl.BaseEntityDaoImpl - SQL Key <cn.mypandora.system.UserEntity.hasMatchUser>
2015-05-30 13:52:34,194 [http-nio-8080-exec-2] DEBUG cn.mypandora.system.UserEntity.hasMatchUser - ooo Using Connection [com.mchange.v2.c3p0.impl.NewProxyConnection@110fc77]
2015-05-30 13:52:34,201 [http-nio-8080-exec-2] DEBUG cn.mypandora.system.UserEntity.hasMatchUser - ==>  Preparing: select * from t_base_user where 1=1 and user_name = ? and password = ? order by id desc 
2015-05-30 13:52:34,245 [http-nio-8080-exec-2] DEBUG cn.mypandora.system.UserEntity.hasMatchUser - ==> Parameters: admin(String), 1(String)
2015-05-30 13:52:34,418 [http-nio-8080-exec-2] DEBUG cn.mypandora.log.MyLogAspect - end around
2015-05-30 13:52:39,673 [http-nio-8080-exec-17] DEBUG cn.mypandora.log.MyLogAspect - begin around
2015-05-30 13:52:39,674 [http-nio-8080-exec-17] DEBUG cn.mypandora.orm.dao.impl.BaseEntityDaoImpl - SQL Key <cn.mypandora.system.UserEntity.hasMatchUser>
2015-05-30 13:52:39,676 [http-nio-8080-exec-17] DEBUG cn.mypandora.system.UserEntity.hasMatchUser - ooo Using Connection [com.mchange.v2.c3p0.impl.NewProxyConnection@6a2132]
2015-05-30 13:52:39,676 [http-nio-8080-exec-17] DEBUG cn.mypandora.system.UserEntity.hasMatchUser - ==>  Preparing: select * from t_base_user where 1=1 and user_name = ? and password = ? order by id desc 
2015-05-30 13:52:39,677 [http-nio-8080-exec-17] DEBUG cn.mypandora.system.UserEntity.hasMatchUser - ==> Parameters: 8(String), 8(String)
2015-05-30 13:52:39,684 [http-nio-8080-exec-17] DEBUG cn.mypandora.log.MyLogAspect - end around
2015-05-30 13:52:39,688 [http-nio-8080-exec-17] DEBUG cn.mypandora.log.MyLogAspect - begin around
2015-05-30 13:52:39,688 [http-nio-8080-exec-17] DEBUG cn.mypandora.orm.dao.impl.BaseEntityDaoImpl - SQL Key <cn.mypandora.system.UserEntity.findUserByName>
2015-05-30 13:52:39,690 [http-nio-8080-exec-17] DEBUG cn.mypandora.system.UserEntity.findUserByName - ooo Using Connection [com.mchange.v2.c3p0.impl.NewProxyConnection@1e12baf]
2015-05-30 13:52:39,691 [http-nio-8080-exec-17] DEBUG cn.mypandora.system.UserEntity.findUserByName - ==>  Preparing: select * from t_base_user where 1=1 and user_name = ? 
2015-05-30 13:52:39,691 [http-nio-8080-exec-17] DEBUG cn.mypandora.system.UserEntity.findUserByName - ==> Parameters: 8(String)
2015-05-30 13:52:39,695 [http-nio-8080-exec-17] DEBUG cn.mypandora.log.MyLogAspect - end around
2015-05-30 13:52:39,716 [http-nio-8080-exec-17] DEBUG cn.mypandora.log.MyLogAspect - begin around
2015-05-30 13:52:39,716 [http-nio-8080-exec-17] DEBUG cn.mypandora.orm.dao.impl.BaseEntityDaoImpl - SQL Key <cn.mypandora.system.UserEntity.update>
2015-05-30 13:52:39,724 [http-nio-8080-exec-17] DEBUG cn.mypandora.system.UserEntity.update - ooo Using Connection [com.mchange.v2.c3p0.impl.NewProxyConnection@1e42133]
2015-05-30 13:52:39,725 [http-nio-8080-exec-17] DEBUG cn.mypandora.system.UserEntity.update - ==>  Preparing: update t_base_user SET user_name=?, password=?, credits=?, last_ip=?, sex=? WHERE id = ? 
2015-05-30 13:52:39,727 [http-nio-8080-exec-17] DEBUG cn.mypandora.system.UserEntity.update - ==> Parameters: 8(String), 8(String), 170(Integer), 0:0:0:0:0:0:0:1(String), 1(Integer), 30(Long)
2015-05-30 13:52:39,728 [http-nio-8080-exec-17] DEBUG cn.mypandora.log.MyLogAspect - end around
2015-05-30 13:52:39,730 [http-nio-8080-exec-17] DEBUG cn.mypandora.log.MyLogAspect - begin around
2015-05-30 13:52:39,731 [http-nio-8080-exec-17] DEBUG cn.mypandora.orm.dao.impl.BaseEntityDaoImpl - SQL Key <cn.mypandora.system.LogEntity.add>
2015-05-30 13:52:39,731 [http-nio-8080-exec-17] DEBUG cn.mypandora.system.LogEntity.add - ooo Using Connection [com.mchange.v2.c3p0.impl.NewProxyConnection@1e42133]
2015-05-30 13:52:39,731 [http-nio-8080-exec-17] DEBUG cn.mypandora.system.LogEntity.add - ==>  Preparing: INSERT INTO t_base_log ( user_name, description, ip, create_time ) VALUES ( ?, ?, ?, ? ) 
2015-05-30 13:52:39,741 [http-nio-8080-exec-17] DEBUG cn.mypandora.system.LogEntity.add - ==> Parameters: 稍后获取(String), 用户登录成功(String), 稍后获取(String), 2015-05-30 13:52:39.729(Timestamp)
2015-05-30 13:52:39,742 [http-nio-8080-exec-17] DEBUG cn.mypandora.log.MyLogAspect - end around
2015-05-30 13:52:39,974 [http-nio-8080-exec-17] DEBUG cn.mypandora.system.LogEntity.add!selectKey - ooo Using Connection [com.mchange.v2.c3p0.impl.NewProxyConnection@1e42133]
2015-05-30 13:52:39,974 [http-nio-8080-exec-17] DEBUG cn.mypandora.system.LogEntity.add!selectKey - ==>  Preparing: SELECT LAST_INSERT_ID() AS ID 
2015-05-30 13:52:39,974 [http-nio-8080-exec-17] DEBUG cn.mypandora.system.LogEntity.add!selectKey - ==> Parameters: 
2015-05-30 13:52:40,098 [http-nio-8080-exec-17] DEBUG cn.mypandora.log.MyLogAspect - begin around
2015-05-30 13:52:40,098 [http-nio-8080-exec-17] DEBUG cn.mypandora.orm.dao.impl.BaseNestedDaoImpl - SQL Key <cn.mypandora.system.BaseRes.getDescendants>
2015-05-30 13:52:40,100 [http-nio-8080-exec-17] DEBUG cn.mypandora.system.BaseRes.getDescendants - ooo Using Connection [com.mchange.v2.c3p0.impl.NewProxyConnection@12253b4]
2015-05-30 13:52:40,100 [http-nio-8080-exec-17] DEBUG cn.mypandora.system.BaseRes.getDescendants - ==>  Preparing: SELECT * FROM t_base_res t WHERE 1=1 AND t.lft>( SELECT s.lft FROM t_base_res s WHERE s.id=?) AND t.rgt<( SELECT s.rgt FROM t_base_res s WHERE s.id=?) ORDER BY t.lft ASC 
2015-05-30 13:52:40,101 [http-nio-8080-exec-17] DEBUG cn.mypandora.system.BaseRes.getDescendants - ==> Parameters: 1(Long), 1(Long)
2015-05-30 13:52:40,163 [http-nio-8080-exec-17] DEBUG cn.mypandora.log.MyLogAspect - end around
2015-05-30 13:52:41,989 [http-nio-8080-exec-7] DEBUG cn.mypandora.log.MyLogAspect - begin around
2015-05-30 13:52:41,990 [http-nio-8080-exec-7] DEBUG cn.mypandora.orm.dao.impl.BaseEntityDaoImpl - SQL Key <cn.mypandora.system.UserEntity.pageUsers>
2015-05-30 13:52:41,991 [http-nio-8080-exec-7] DEBUG cn.mypandora.system.UserEntity.pageUsers - ooo Using Connection [com.mchange.v2.c3p0.impl.NewProxyConnection@bd0722]
2015-05-30 13:52:42,106 [http-nio-8080-exec-7] DEBUG cn.mypandora.orm.OffsetLimitInterceptor - 生成的分页SQL：select * from t_base_user where 1=1 order by ? ? limit 0 ,10
2015-05-30 13:52:42,107 [http-nio-8080-exec-7] DEBUG cn.mypandora.system.UserEntity.pageUsers - ==>  Preparing: select * from t_base_user where 1=1 order by ? ? limit 0 ,10 
2015-05-30 13:52:42,107 [http-nio-8080-exec-7] DEBUG cn.mypandora.system.UserEntity.pageUsers - ==> Parameters: id(String), desc(String)
2015-05-30 13:52:42,129 [http-nio-8080-exec-7] DEBUG cn.mypandora.orm.dao.impl.BaseEntityDaoImpl - SQL Key <cn.mypandora.system.UserEntity.pageUsers>
2015-05-30 13:52:42,168 [http-nio-8080-exec-7] DEBUG cn.mypandora.dao.base.countSql - ooo Using Connection [com.mchange.v2.c3p0.impl.NewProxyConnection@1a8a59]
2015-05-30 13:52:42,168 [http-nio-8080-exec-7] DEBUG cn.mypandora.dao.base.countSql - ==>  Preparing: select count(1) from (select * from t_base_user where 1=1 ) count_sql_alias 
2015-05-30 13:52:42,168 [http-nio-8080-exec-7] DEBUG cn.mypandora.dao.base.countSql - ==> Parameters: 
2015-05-30 13:52:42,227 [http-nio-8080-exec-7] DEBUG cn.mypandora.log.MyLogAspect - end around
2015-05-30 13:52:54,481 [http-nio-8080-exec-5] DEBUG cn.mypandora.log.MyLogAspect - begin around
2015-05-30 13:52:54,482 [http-nio-8080-exec-5] DEBUG cn.mypandora.orm.dao.impl.BaseNestedDaoImpl - SQL Key <cn.mypandora.system.BaseRes.loadTreeWithLevel>
2015-05-30 13:52:54,483 [http-nio-8080-exec-5] DEBUG cn.mypandora.system.BaseRes.loadTreeWithLevel - ooo Using Connection [com.mchange.v2.c3p0.impl.NewProxyConnection@1962bb7]
2015-05-30 13:52:54,484 [http-nio-8080-exec-5] DEBUG cn.mypandora.system.BaseRes.loadTreeWithLevel - ==>  Preparing: SELECT node.*,(COUNT(parent.name)-1) AS LEVEL FROM t_base_res node,t_base_res parent WHERE node.lft BETWEEN parent.lft AND parent.rgt GROUP BY node.name HAVING COUNT(parent.name)-1>0 ORDER BY node.lft 
2015-05-30 13:52:54,484 [http-nio-8080-exec-5] DEBUG cn.mypandora.system.BaseRes.loadTreeWithLevel - ==> Parameters: 
2015-05-30 13:52:54,568 [http-nio-8080-exec-5] DEBUG cn.mypandora.log.MyLogAspect - end around
2015-05-30 13:53:19,097 [http-nio-8080-exec-4] DEBUG cn.mypandora.log.MyLogAspect - begin around
2015-05-30 13:53:19,098 [http-nio-8080-exec-4] DEBUG cn.mypandora.orm.dao.impl.BaseEntityDaoImpl - SQL Key <cn.mypandora.system.UserEntity.pageUsers>
2015-05-30 13:53:19,099 [http-nio-8080-exec-4] DEBUG cn.mypandora.orm.dao.impl.BaseEntityDaoImpl - SQL Key <cn.mypandora.system.UserEntity.pageUsers>
2015-05-30 13:53:19,100 [http-nio-8080-exec-4] DEBUG cn.mypandora.dao.base.countSql - ooo Using Connection [com.mchange.v2.c3p0.impl.NewProxyConnection@55859c]
2015-05-30 13:53:19,100 [http-nio-8080-exec-4] DEBUG cn.mypandora.dao.base.countSql - ==>  Preparing: select count(1) from (select * from t_base_user where 1=1 ) count_sql_alias 
2015-05-30 13:53:19,101 [http-nio-8080-exec-4] DEBUG cn.mypandora.dao.base.countSql - ==> Parameters: 
2015-05-30 13:53:19,102 [http-nio-8080-exec-4] DEBUG cn.mypandora.log.MyLogAspect - end around
2015-05-30 13:53:31,013 [http-nio-8080-exec-20] DEBUG cn.mypandora.log.MyLogAspect - begin around
2015-05-30 13:53:31,013 [http-nio-8080-exec-20] DEBUG cn.mypandora.orm.dao.impl.BaseNestedDaoImpl - SQL Key <cn.mypandora.system.BaseRes.loadTreeWithLevel>
2015-05-30 13:53:31,015 [http-nio-8080-exec-20] DEBUG cn.mypandora.system.BaseRes.loadTreeWithLevel - ooo Using Connection [com.mchange.v2.c3p0.impl.NewProxyConnection@1f1b1d8]
2015-05-30 13:53:31,015 [http-nio-8080-exec-20] DEBUG cn.mypandora.system.BaseRes.loadTreeWithLevel - ==>  Preparing: SELECT node.*,(COUNT(parent.name)-1) AS LEVEL FROM t_base_res node,t_base_res parent WHERE node.lft BETWEEN parent.lft AND parent.rgt GROUP BY node.name HAVING COUNT(parent.name)-1>0 ORDER BY node.lft 
2015-05-30 13:53:31,016 [http-nio-8080-exec-20] DEBUG cn.mypandora.system.BaseRes.loadTreeWithLevel - ==> Parameters: 
2015-05-30 13:53:31,040 [http-nio-8080-exec-20] DEBUG cn.mypandora.log.MyLogAspect - end around
2015-05-30 13:53:57,184 [http-nio-8080-exec-4] DEBUG cn.mypandora.log.MyLogAspect - begin around
2015-05-30 13:53:57,184 [http-nio-8080-exec-4] DEBUG cn.mypandora.orm.dao.impl.BaseNestedDaoImpl - SQL Key <cn.mypandora.system.BaseRes.loadTreeWithLevel>
2015-05-30 13:53:57,185 [http-nio-8080-exec-4] DEBUG cn.mypandora.system.BaseRes.loadTreeWithLevel - ooo Using Connection [com.mchange.v2.c3p0.impl.NewProxyConnection@1bd8728]
2015-05-30 13:53:57,185 [http-nio-8080-exec-4] DEBUG cn.mypandora.system.BaseRes.loadTreeWithLevel - ==>  Preparing: SELECT node.*,(COUNT(parent.name)-1) AS LEVEL FROM t_base_res node,t_base_res parent WHERE node.lft BETWEEN parent.lft AND parent.rgt GROUP BY node.name HAVING COUNT(parent.name)-1>0 ORDER BY node.lft 
2015-05-30 13:53:57,186 [http-nio-8080-exec-4] DEBUG cn.mypandora.system.BaseRes.loadTreeWithLevel - ==> Parameters: 
2015-05-30 13:53:57,192 [http-nio-8080-exec-4] DEBUG cn.mypandora.log.MyLogAspect - end around
2015-05-30 13:53:59,966 [http-nio-8080-exec-6] DEBUG cn.mypandora.log.MyLogAspect - begin around
2015-05-30 13:53:59,966 [http-nio-8080-exec-6] DEBUG cn.mypandora.orm.dao.impl.BaseEntityDaoImpl - SQL Key <cn.mypandora.system.LogEntity.pageLogs>
2015-05-30 13:53:59,967 [http-nio-8080-exec-6] DEBUG cn.mypandora.system.LogEntity.pageLogs - ooo Using Connection [com.mchange.v2.c3p0.impl.NewProxyConnection@1a0aadf]
2015-05-30 13:53:59,968 [http-nio-8080-exec-6] DEBUG cn.mypandora.orm.OffsetLimitInterceptor - 生成的分页SQL：select * from t_base_log where 1=1 order by create_time desc limit 0 ,10
2015-05-30 13:53:59,968 [http-nio-8080-exec-6] DEBUG cn.mypandora.system.LogEntity.pageLogs - ==>  Preparing: select * from t_base_log where 1=1 order by create_time desc limit 0 ,10 
2015-05-30 13:53:59,969 [http-nio-8080-exec-6] DEBUG cn.mypandora.system.LogEntity.pageLogs - ==> Parameters: 
2015-05-30 13:54:00,044 [http-nio-8080-exec-6] DEBUG cn.mypandora.orm.dao.impl.BaseEntityDaoImpl - SQL Key <cn.mypandora.system.LogEntity.pageLogs>
2015-05-30 13:54:00,046 [http-nio-8080-exec-6] DEBUG cn.mypandora.dao.base.countSql - ooo Using Connection [com.mchange.v2.c3p0.impl.NewProxyConnection@d707ec]
2015-05-30 13:54:00,046 [http-nio-8080-exec-6] DEBUG cn.mypandora.dao.base.countSql - ==>  Preparing: select count(1) from (select * from t_base_log where 1=1 ) count_sql_alias 
2015-05-30 13:54:00,046 [http-nio-8080-exec-6] DEBUG cn.mypandora.dao.base.countSql - ==> Parameters: 
2015-05-30 13:54:00,054 [http-nio-8080-exec-6] DEBUG cn.mypandora.log.MyLogAspect - end around
2015-05-30 13:54:01,069 [http-nio-8080-exec-2] DEBUG cn.mypandora.log.MyLogAspect - begin around
2015-05-30 13:54:01,070 [http-nio-8080-exec-2] DEBUG cn.mypandora.orm.dao.impl.BaseNestedDaoImpl - SQL Key <cn.mypandora.system.BaseRes.loadTreeWithLevel>
2015-05-30 13:54:01,089 [http-nio-8080-exec-2] DEBUG cn.mypandora.system.BaseRes.loadTreeWithLevel - ooo Using Connection [com.mchange.v2.c3p0.impl.NewProxyConnection@12d5f49]
2015-05-30 13:54:01,090 [http-nio-8080-exec-2] DEBUG cn.mypandora.system.BaseRes.loadTreeWithLevel - ==>  Preparing: SELECT node.*,(COUNT(parent.name)-1) AS LEVEL FROM t_base_res node,t_base_res parent WHERE node.lft BETWEEN parent.lft AND parent.rgt GROUP BY node.name HAVING COUNT(parent.name)-1>0 ORDER BY node.lft 
2015-05-30 13:54:01,093 [http-nio-8080-exec-2] DEBUG cn.mypandora.system.BaseRes.loadTreeWithLevel - ==> Parameters: 
2015-05-30 13:54:01,098 [http-nio-8080-exec-2] DEBUG cn.mypandora.log.MyLogAspect - end around
2015-05-30 13:54:09,662 [http-nio-8080-exec-18] DEBUG cn.mypandora.log.MyLogAspect - begin around
2015-05-30 13:54:09,663 [http-nio-8080-exec-18] DEBUG cn.mypandora.orm.dao.impl.BaseNestedDaoImpl - SQL Key <cn.mypandora.system.BaseRes.update>
2015-05-30 13:54:09,667 [http-nio-8080-exec-18] DEBUG cn.mypandora.system.BaseRes.update - ooo Using Connection [com.mchange.v2.c3p0.impl.NewProxyConnection@6f0db0]
2015-05-30 13:54:09,667 [http-nio-8080-exec-18] DEBUG cn.mypandora.system.BaseRes.update - ==>  Preparing: UPDATE t_base_res t WHERE id=? 
2015-05-30 13:54:09,668 [http-nio-8080-exec-18] DEBUG cn.mypandora.system.BaseRes.update - ==> Parameters: 33(Long)
2015-05-30 13:54:10,280 [http-nio-8080-exec-18] ERROR 500.jsp - cn.mypandora.system.BaseRes.update (batch index #1) failed. Cause: java.sql.BatchUpdateException: You have an error in your SQL syntax; check the manual that corresponds to your MariaDB server version for the right syntax to use near 'WHERE id=33' at line 3
; bad SQL grammar []; nested exception is java.sql.BatchUpdateException: You have an error in your SQL syntax; check the manual that corresponds to your MariaDB server version for the right syntax to use near 'WHERE id=33' at line 3
org.springframework.jdbc.BadSqlGrammarException: cn.mypandora.system.BaseRes.update (batch index #1) failed. Cause: java.sql.BatchUpdateException: You have an error in your SQL syntax; check the manual that corresponds to your MariaDB server version for the right syntax to use near 'WHERE id=33' at line 3
; bad SQL grammar []; nested exception is java.sql.BatchUpdateException: You have an error in your SQL syntax; check the manual that corresponds to your MariaDB server version for the right syntax to use near 'WHERE id=33' at line 3
	at org.springframework.jdbc.support.SQLErrorCodeSQLExceptionTranslator.doTranslate(SQLErrorCodeSQLExceptionTranslator.java:237) ~[spring-jdbc-3.2.8.RELEASE.jar:3.2.8.RELEASE]
	at org.springframework.jdbc.support.AbstractFallbackSQLExceptionTranslator.translate(AbstractFallbackSQLExceptionTranslator.java:72) ~[spring-jdbc-3.2.8.RELEASE.jar:3.2.8.RELEASE]
	at org.mybatis.spring.MyBatisExceptionTranslator.translateExceptionIfPossible(MyBatisExceptionTranslator.java:71) ~[mybatis-spring-1.1.1.jar:1.1.1]
	at org.mybatis.spring.SqlSessionTemplate$SqlSessionInterceptor.invoke(SqlSessionTemplate.java:365) ~[mybatis-spring-1.1.1.jar:1.1.1]
	at com.sun.proxy.$Proxy18.update(Unknown Source) ~[na:na]
	at org.mybatis.spring.SqlSessionTemplate.update(SqlSessionTemplate.java:251) ~[mybatis-spring-1.1.1.jar:1.1.1]
	at cn.mypandora.orm.dao.impl.BaseNestedDaoImpl.updateEntity(BaseNestedDaoImpl.java:267) ~[classes/:na]
	at cn.mypandora.system.service.impl.BaseResServiceImpl.updateRes(BaseResServiceImpl.java:108) ~[classes/:na]
	at sun.reflect.NativeMethodAccessorImpl.invoke0(Native Method) ~[na:1.7.0_51]
	at sun.reflect.NativeMethodAccessorImpl.invoke(NativeMethodAccessorImpl.java:57) ~[na:1.7.0_51]
	at sun.reflect.DelegatingMethodAccessorImpl.invoke(DelegatingMethodAccessorImpl.java:43) ~[na:1.7.0_51]
	at java.lang.reflect.Method.invoke(Method.java:606) ~[na:1.7.0_51]
	at org.springframework.aop.support.AopUtils.invokeJoinpointUsingReflection(AopUtils.java:317) ~[spring-aop-3.2.8.RELEASE.jar:3.2.8.RELEASE]
	at org.springframework.aop.framework.ReflectiveMethodInvocation.invokeJoinpoint(ReflectiveMethodInvocation.java:183) ~[spring-aop-3.2.8.RELEASE.jar:3.2.8.RELEASE]
	at org.springframework.aop.framework.ReflectiveMethodInvocation.proceed(ReflectiveMethodInvocation.java:150) ~[spring-aop-3.2.8.RELEASE.jar:3.2.8.RELEASE]
	at org.springframework.aop.aspectj.MethodInvocationProceedingJoinPoint.proceed(MethodInvocationProceedingJoinPoint.java:80) ~[spring-aop-3.2.8.RELEASE.jar:3.2.8.RELEASE]
	at cn.mypandora.log.MyLogAspect.around(MyLogAspect.java:107) ~[classes/:na]
	at sun.reflect.NativeMethodAccessorImpl.invoke0(Native Method) ~[na:1.7.0_51]
	at sun.reflect.NativeMethodAccessorImpl.invoke(NativeMethodAccessorImpl.java:57) ~[na:1.7.0_51]
	at sun.reflect.DelegatingMethodAccessorImpl.invoke(DelegatingMethodAccessorImpl.java:43) ~[na:1.7.0_51]
	at java.lang.reflect.Method.invoke(Method.java:606) ~[na:1.7.0_51]
	at org.springframework.aop.aspectj.AbstractAspectJAdvice.invokeAdviceMethodWithGivenArgs(AbstractAspectJAdvice.java:621) ~[spring-aop-3.2.8.RELEASE.jar:3.2.8.RELEASE]
	at org.springframework.aop.aspectj.AbstractAspectJAdvice.invokeAdviceMethod(AbstractAspectJAdvice.java:610) ~[spring-aop-3.2.8.RELEASE.jar:3.2.8.RELEASE]
	at org.springframework.aop.aspectj.AspectJAroundAdvice.invoke(AspectJAroundAdvice.java:65) ~[spring-aop-3.2.8.RELEASE.jar:3.2.8.RELEASE]
	at org.springframework.aop.framework.ReflectiveMethodInvocation.proceed(ReflectiveMethodInvocation.java:172) ~[spring-aop-3.2.8.RELEASE.jar:3.2.8.RELEASE]
	at org.springframework.aop.aspectj.AspectJAfterAdvice.invoke(AspectJAfterAdvice.java:42) ~[spring-aop-3.2.8.RELEASE.jar:3.2.8.RELEASE]
	at org.springframework.aop.framework.ReflectiveMethodInvocation.proceed(ReflectiveMethodInvocation.java:172) ~[spring-aop-3.2.8.RELEASE.jar:3.2.8.RELEASE]
	at org.springframework.aop.aspectj.AspectJAfterThrowingAdvice.invoke(AspectJAfterThrowingAdvice.java:55) ~[spring-aop-3.2.8.RELEASE.jar:3.2.8.RELEASE]
	at org.springframework.aop.framework.ReflectiveMethodInvocation.proceed(ReflectiveMethodInvocation.java:172) ~[spring-aop-3.2.8.RELEASE.jar:3.2.8.RELEASE]
	at org.springframework.aop.interceptor.ExposeInvocationInterceptor.invoke(ExposeInvocationInterceptor.java:91) ~[spring-aop-3.2.8.RELEASE.jar:3.2.8.RELEASE]
	at org.springframework.aop.framework.ReflectiveMethodInvocation.proceed(ReflectiveMethodInvocation.java:172) ~[spring-aop-3.2.8.RELEASE.jar:3.2.8.RELEASE]
	at org.springframework.aop.framework.JdkDynamicAopProxy.invoke(JdkDynamicAopProxy.java:204) ~[spring-aop-3.2.8.RELEASE.jar:3.2.8.RELEASE]
	at com.sun.proxy.$Proxy22.updateRes(Unknown Source) ~[$Proxy22.class:na]
	at cn.mypandora.system.controller.BaseResController.edit(BaseResController.java:81) ~[classes/:na]
	at sun.reflect.NativeMethodAccessorImpl.invoke0(Native Method) ~[na:1.7.0_51]
	at sun.reflect.NativeMethodAccessorImpl.invoke(NativeMethodAccessorImpl.java:57) ~[na:1.7.0_51]
	at sun.reflect.DelegatingMethodAccessorImpl.invoke(DelegatingMethodAccessorImpl.java:43) ~[na:1.7.0_51]
	at java.lang.reflect.Method.invoke(Method.java:606) ~[na:1.7.0_51]
	at org.springframework.web.method.support.InvocableHandlerMethod.invoke(InvocableHandlerMethod.java:215) ~[spring-web-3.2.8.RELEASE.jar:3.2.8.RELEASE]
	at org.springframework.web.method.support.InvocableHandlerMethod.invokeForRequest(InvocableHandlerMethod.java:132) ~[spring-web-3.2.8.RELEASE.jar:3.2.8.RELEASE]
	at org.springframework.web.servlet.mvc.method.annotation.ServletInvocableHandlerMethod.invokeAndHandle(ServletInvocableHandlerMethod.java:104) ~[spring-webmvc-3.2.8.RELEASE.jar:3.2.8.RELEASE]
	at org.springframework.web.servlet.mvc.method.annotation.RequestMappingHandlerAdapter.invokeHandleMethod(RequestMappingHandlerAdapter.java:745) ~[spring-webmvc-3.2.8.RELEASE.jar:3.2.8.RELEASE]
	at org.springframework.web.servlet.mvc.method.annotation.RequestMappingHandlerAdapter.handleInternal(RequestMappingHandlerAdapter.java:686) ~[spring-webmvc-3.2.8.RELEASE.jar:3.2.8.RELEASE]
	at org.springframework.web.servlet.mvc.method.AbstractHandlerMethodAdapter.handle(AbstractHandlerMethodAdapter.java:80) ~[spring-webmvc-3.2.8.RELEASE.jar:3.2.8.RELEASE]
	at org.springframework.web.servlet.DispatcherServlet.doDispatch(DispatcherServlet.java:925) [spring-webmvc-3.2.8.RELEASE.jar:3.2.8.RELEASE]
	at org.springframework.web.servlet.DispatcherServlet.doService(DispatcherServlet.java:856) [spring-webmvc-3.2.8.RELEASE.jar:3.2.8.RELEASE]
	at org.springframework.web.servlet.FrameworkServlet.processRequest(FrameworkServlet.java:953) ~[spring-webmvc-3.2.8.RELEASE.jar:3.2.8.RELEASE]
	at org.springframework.web.servlet.FrameworkServlet.doPut(FrameworkServlet.java:866) ~[spring-webmvc-3.2.8.RELEASE.jar:3.2.8.RELEASE]
	at javax.servlet.http.HttpServlet.service(HttpServlet.java:649) ~[servlet-api.jar:na]
	at org.springframework.web.servlet.FrameworkServlet.service(FrameworkServlet.java:829) ~[spring-webmvc-3.2.8.RELEASE.jar:3.2.8.RELEASE]
	at javax.servlet.http.HttpServlet.service(HttpServlet.java:727) ~[servlet-api.jar:na]
	at org.apache.catalina.core.ApplicationFilterChain.internalDoFilter(ApplicationFilterChain.java:303) ~[catalina.jar:7.0.55]
	at org.apache.catalina.core.ApplicationFilterChain.doFilter(ApplicationFilterChain.java:208) ~[catalina.jar:7.0.55]
	at org.springframework.web.filter.HttpPutFormContentFilter.doFilterInternal(HttpPutFormContentFilter.java:85) ~[spring-web-3.2.8.RELEASE.jar:3.2.8.RELEASE]
	at org.springframework.web.filter.OncePerRequestFilter.doFilter(OncePerRequestFilter.java:107) ~[spring-web-3.2.8.RELEASE.jar:3.2.8.RELEASE]
	at org.apache.catalina.core.ApplicationFilterChain.internalDoFilter(ApplicationFilterChain.java:241) ~[catalina.jar:7.0.55]
	at org.apache.catalina.core.ApplicationFilterChain.doFilter(ApplicationFilterChain.java:208) ~[catalina.jar:7.0.55]
	at org.apache.tomcat.websocket.server.WsFilter.doFilter(WsFilter.java:52) ~[tomcat7-websocket.jar:7.0.55]
	at org.apache.catalina.core.ApplicationFilterChain.internalDoFilter(ApplicationFilterChain.java:241) ~[catalina.jar:7.0.55]
	at org.apache.catalina.core.ApplicationFilterChain.doFilter(ApplicationFilterChain.java:208) ~[catalina.jar:7.0.55]
	at org.springframework.web.filter.CharacterEncodingFilter.doFilterInternal(CharacterEncodingFilter.java:88) ~[spring-web-3.2.8.RELEASE.jar:3.2.8.RELEASE]
	at org.springframework.web.filter.OncePerRequestFilter.doFilter(OncePerRequestFilter.java:107) ~[spring-web-3.2.8.RELEASE.jar:3.2.8.RELEASE]
	at org.apache.catalina.core.ApplicationFilterChain.internalDoFilter(ApplicationFilterChain.java:241) ~[catalina.jar:7.0.55]
	at org.apache.catalina.core.ApplicationFilterChain.doFilter(ApplicationFilterChain.java:208) ~[catalina.jar:7.0.55]
	at org.apache.catalina.core.StandardWrapperValve.invoke(StandardWrapperValve.java:220) ~[catalina.jar:7.0.55]
	at org.apache.catalina.core.StandardContextValve.__invoke(StandardContextValve.java:122) ~[catalina.jar:7.0.55]
	at org.apache.catalina.core.StandardContextValve.invoke(StandardContextValve.java) ~[catalina.jar:7.0.55]
	at org.apache.catalina.authenticator.AuthenticatorBase.invoke(AuthenticatorBase.java:501) ~[catalina.jar:7.0.55]
	at org.apache.catalina.core.StandardHostValve.__invoke(StandardHostValve.java:171) ~[catalina.jar:7.0.55]
	at org.apache.catalina.core.StandardHostValve.invoke(StandardHostValve.java) ~[catalina.jar:7.0.55]
	at org.apache.catalina.valves.ErrorReportValve.invoke(ErrorReportValve.java:103) ~[catalina.jar:7.0.55]
	at org.apache.catalina.valves.AccessLogValve.invoke(AccessLogValve.java:950) ~[catalina.jar:7.0.55]
	at org.apache.catalina.core.StandardEngineValve.invoke(StandardEngineValve.java:116) ~[catalina.jar:7.0.55]
	at org.apache.catalina.connector.CoyoteAdapter.service(CoyoteAdapter.java:408) ~[catalina.jar:7.0.55]
	at org.apache.coyote.http11.AbstractHttp11Processor.process(AbstractHttp11Processor.java:1070) ~[tomcat-coyote.jar:7.0.55]
	at org.apache.coyote.AbstractProtocol$AbstractConnectionHandler.process(AbstractProtocol.java:611) ~[tomcat-coyote.jar:7.0.55]
	at org.apache.tomcat.util.net.NioEndpoint$SocketProcessor.doRun(NioEndpoint.java:1736) ~[tomcat-coyote.jar:7.0.55]
	at org.apache.tomcat.util.net.NioEndpoint$SocketProcessor.run(NioEndpoint.java:1695) ~[tomcat-coyote.jar:7.0.55]
	at java.util.concurrent.ThreadPoolExecutor.runWorker(ThreadPoolExecutor.java:1145) ~[na:1.7.0_51]
	at java.util.concurrent.ThreadPoolExecutor$Worker.run(ThreadPoolExecutor.java:615) ~[na:1.7.0_51]
	at org.apache.tomcat.util.threads.TaskThread$WrappingRunnable.run(TaskThread.java:61) ~[tomcat-coyote.jar:7.0.55]
	at java.lang.Thread.run(Thread.java:744) ~[na:1.7.0_51]
Caused by: java.sql.BatchUpdateException: You have an error in your SQL syntax; check the manual that corresponds to your MariaDB server version for the right syntax to use near 'WHERE id=33' at line 3
	at com.mysql.jdbc.PreparedStatement.executeBatchSerially(PreparedStatement.java:2055) ~[mysql-connector-java-5.1.28.jar:na]
	at com.mysql.jdbc.PreparedStatement.executeBatch(PreparedStatement.java:1467) ~[mysql-connector-java-5.1.28.jar:na]
	at com.mchange.v2.c3p0.impl.NewProxyPreparedStatement.executeBatch(NewProxyPreparedStatement.java:1723) ~[c3p0-0.9.1.2.jar:0.9.1.2]
	at sun.reflect.NativeMethodAccessorImpl.invoke0(Native Method) ~[na:1.7.0_51]
	at sun.reflect.NativeMethodAccessorImpl.invoke(NativeMethodAccessorImpl.java:57) ~[na:1.7.0_51]
	at sun.reflect.DelegatingMethodAccessorImpl.invoke(DelegatingMethodAccessorImpl.java:43) ~[na:1.7.0_51]
	at java.lang.reflect.Method.invoke(Method.java:606) ~[na:1.7.0_51]
	at org.apache.ibatis.logging.jdbc.PreparedStatementLogger.invoke(PreparedStatementLogger.java:77) ~[mybatis-3.2.2.jar:3.2.2]
	at com.sun.proxy.$Proxy35.executeBatch(Unknown Source) ~[na:na]
	at org.apache.ibatis.executor.BatchExecutor.doFlushStatements(BatchExecutor.java:99) ~[mybatis-3.2.2.jar:3.2.2]
	at org.apache.ibatis.executor.BaseExecutor.flushStatements(BaseExecutor.java:109) ~[mybatis-3.2.2.jar:3.2.2]
	at org.apache.ibatis.executor.BaseExecutor.flushStatements(BaseExecutor.java:104) ~[mybatis-3.2.2.jar:3.2.2]
	at org.apache.ibatis.executor.BaseExecutor.commit(BaseExecutor.java:193) ~[mybatis-3.2.2.jar:3.2.2]
	at org.apache.ibatis.executor.CachingExecutor.commit(CachingExecutor.java:113) ~[mybatis-3.2.2.jar:3.2.2]
	at org.apache.ibatis.session.defaults.DefaultSqlSession.commit(DefaultSqlSession.java:170) ~[mybatis-3.2.2.jar:3.2.2]
	at org.mybatis.spring.SqlSessionTemplate$SqlSessionInterceptor.invoke(SqlSessionTemplate.java:359) ~[mybatis-spring-1.1.1.jar:1.1.1]
	... 78 common frames omitted
Caused by: com.mysql.jdbc.exceptions.jdbc4.MySQLSyntaxErrorException: You have an error in your SQL syntax; check the manual that corresponds to your MariaDB server version for the right syntax to use near 'WHERE id=33' at line 3
	at sun.reflect.NativeConstructorAccessorImpl.newInstance0(Native Method) ~[na:1.7.0_51]
	at sun.reflect.NativeConstructorAccessorImpl.newInstance(NativeConstructorAccessorImpl.java:57) ~[na:1.7.0_51]
	at sun.reflect.DelegatingConstructorAccessorImpl.newInstance(DelegatingConstructorAccessorImpl.java:45) ~[na:1.7.0_51]
	at java.lang.reflect.Constructor.newInstance(Constructor.java:526) ~[na:1.7.0_51]
	at com.mysql.jdbc.Util.handleNewInstance(Util.java:411) ~[mysql-connector-java-5.1.28.jar:na]
	at com.mysql.jdbc.Util.getInstance(Util.java:386) ~[mysql-connector-java-5.1.28.jar:na]
	at com.mysql.jdbc.SQLError.createSQLException(SQLError.java:1054) ~[mysql-connector-java-5.1.28.jar:na]
	at com.mysql.jdbc.MysqlIO.checkErrorPacket(MysqlIO.java:4237) ~[mysql-connector-java-5.1.28.jar:na]
	at com.mysql.jdbc.MysqlIO.checkErrorPacket(MysqlIO.java:4169) ~[mysql-connector-java-5.1.28.jar:na]
	at com.mysql.jdbc.MysqlIO.sendCommand(MysqlIO.java:2617) ~[mysql-connector-java-5.1.28.jar:na]
	at com.mysql.jdbc.MysqlIO.sqlQueryDirect(MysqlIO.java:2778) ~[mysql-connector-java-5.1.28.jar:na]
	at com.mysql.jdbc.ConnectionImpl.execSQL(ConnectionImpl.java:2825) ~[mysql-connector-java-5.1.28.jar:na]
	at com.mysql.jdbc.PreparedStatement.executeInternal(PreparedStatement.java:2156) ~[mysql-connector-java-5.1.28.jar:na]
	at com.mysql.jdbc.PreparedStatement.executeUpdate(PreparedStatement.java:2441) ~[mysql-connector-java-5.1.28.jar:na]
	at com.mysql.jdbc.PreparedStatement.executeBatchSerially(PreparedStatement.java:2007) ~[mysql-connector-java-5.1.28.jar:na]
	... 93 common frames omitted
2015-05-30 13:54:59,717 [http-nio-8080-exec-1] DEBUG cn.mypandora.log.MyLogAspect - begin around
2015-05-30 13:54:59,718 [http-nio-8080-exec-1] DEBUG cn.mypandora.orm.dao.impl.BaseNestedDaoImpl - SQL Key <cn.mypandora.system.BaseRes.findById>
2015-05-30 13:54:59,719 [http-nio-8080-exec-1] DEBUG cn.mypandora.system.BaseRes.findById - ooo Using Connection [com.mchange.v2.c3p0.impl.NewProxyConnection@13b03e3]
2015-05-30 13:54:59,719 [http-nio-8080-exec-1] DEBUG cn.mypandora.system.BaseRes.findById - ==>  Preparing: select * from t_base_res where id = ? 
2015-05-30 13:54:59,720 [http-nio-8080-exec-1] DEBUG cn.mypandora.system.BaseRes.findById - ==> Parameters: 23(Long)
2015-05-30 13:54:59,721 [http-nio-8080-exec-1] DEBUG cn.mypandora.log.MyLogAspect - end around
2015-05-30 13:54:59,723 [http-nio-8080-exec-1] DEBUG cn.mypandora.log.MyLogAspect - begin around
2015-05-30 13:54:59,724 [http-nio-8080-exec-1] DEBUG cn.mypandora.orm.dao.impl.BaseNestedDaoImpl - SQL Key <cn.mypandora.system.BaseRes.lftPlus2>
2015-05-30 13:54:59,724 [http-nio-8080-exec-1] DEBUG cn.mypandora.system.BaseRes.lftPlus2 - ooo Using Connection [com.mchange.v2.c3p0.impl.NewProxyConnection@68a5aa]
2015-05-30 13:54:59,724 [http-nio-8080-exec-1] DEBUG cn.mypandora.system.BaseRes.lftPlus2 - ==>  Preparing: UPDATE t_base_res t,(SELECT * FROM t_base_res WHERE id=?) f SET t.lft=t.lft+2 WHERE t.lft>f.rgt 
2015-05-30 13:54:59,725 [http-nio-8080-exec-1] DEBUG cn.mypandora.system.BaseRes.lftPlus2 - ==> Parameters: 23(Long)
2015-05-30 13:54:59,725 [http-nio-8080-exec-1] DEBUG cn.mypandora.orm.dao.impl.BaseNestedDaoImpl - SQL Key <cn.mypandora.system.BaseRes.rgtPlus2>
2015-05-30 13:54:59,725 [http-nio-8080-exec-1] DEBUG cn.mypandora.system.BaseRes.rgtPlus2 - ooo Using Connection [com.mchange.v2.c3p0.impl.NewProxyConnection@68a5aa]
2015-05-30 13:54:59,726 [http-nio-8080-exec-1] DEBUG cn.mypandora.system.BaseRes.rgtPlus2 - ==>  Preparing: UPDATE t_base_res t,(SELECT * FROM t_base_res WHERE id=?) f SET t.rgt=t.rgt+2 WHERE t.rgt>f.rgt 
2015-05-30 13:54:59,726 [http-nio-8080-exec-1] DEBUG cn.mypandora.system.BaseRes.rgtPlus2 - ==> Parameters: 23(Long)
2015-05-30 13:54:59,726 [http-nio-8080-exec-1] DEBUG cn.mypandora.orm.dao.impl.BaseNestedDaoImpl - SQL Key <cn.mypandora.system.BaseRes.insertNode>
2015-05-30 13:54:59,727 [http-nio-8080-exec-1] DEBUG cn.mypandora.system.BaseRes.insertNode - ooo Using Connection [com.mchange.v2.c3p0.impl.NewProxyConnection@68a5aa]
2015-05-30 13:54:59,727 [http-nio-8080-exec-1] DEBUG cn.mypandora.system.BaseRes.insertNode - ==>  Preparing: INSERT INTO t_base_res ( name, node_id, lft, rgt, parent_id, is_enable, URL ) VALUES ( ?, ?, ?, ?, ?, ?, ? ) 
2015-05-30 13:54:59,728 [http-nio-8080-exec-1] DEBUG cn.mypandora.system.BaseRes.insertNode - ==> Parameters: test11(String), null, 4(Integer), 5(Integer), 23(Long), false(Boolean), /users/toList(String)
2015-05-30 13:54:59,728 [http-nio-8080-exec-1] DEBUG cn.mypandora.orm.dao.impl.BaseNestedDaoImpl - SQL Key <cn.mypandora.system.BaseRes.parentRgtPlus2>
2015-05-30 13:54:59,728 [http-nio-8080-exec-1] DEBUG cn.mypandora.system.BaseRes.parentRgtPlus2 - ooo Using Connection [com.mchange.v2.c3p0.impl.NewProxyConnection@68a5aa]
2015-05-30 13:54:59,728 [http-nio-8080-exec-1] DEBUG cn.mypandora.system.BaseRes.parentRgtPlus2 - ==>  Preparing: UPDATE t_base_res t SET t.rgt=t.rgt+2 WHERE id=? 
2015-05-30 13:54:59,729 [http-nio-8080-exec-1] DEBUG cn.mypandora.system.BaseRes.parentRgtPlus2 - ==> Parameters: 23(Long)
2015-05-30 13:54:59,729 [http-nio-8080-exec-1] DEBUG cn.mypandora.log.MyLogAspect - end around
2015-05-30 13:54:59,898 [http-nio-8080-exec-1] DEBUG cn.mypandora.system.BaseRes.insertNode!selectKey - ooo Using Connection [com.mchange.v2.c3p0.impl.NewProxyConnection@68a5aa]
2015-05-30 13:54:59,898 [http-nio-8080-exec-1] DEBUG cn.mypandora.system.BaseRes.insertNode!selectKey - ==>  Preparing: SELECT LAST_INSERT_ID() AS ID 
2015-05-30 13:54:59,900 [http-nio-8080-exec-1] DEBUG cn.mypandora.system.BaseRes.insertNode!selectKey - ==> Parameters: 
2015-05-30 13:55:07,818 [http-nio-8080-exec-3] DEBUG cn.mypandora.log.MyLogAspect - begin around
2015-05-30 13:55:07,818 [http-nio-8080-exec-3] DEBUG cn.mypandora.orm.dao.impl.BaseEntityDaoImpl - SQL Key <cn.mypandora.system.UserEntity.hasMatchUser>
2015-05-30 13:55:07,820 [http-nio-8080-exec-3] DEBUG cn.mypandora.system.UserEntity.hasMatchUser - ooo Using Connection [com.mchange.v2.c3p0.impl.NewProxyConnection@9bc00f]
2015-05-30 13:55:07,820 [http-nio-8080-exec-3] DEBUG cn.mypandora.system.UserEntity.hasMatchUser - ==>  Preparing: select * from t_base_user where 1=1 and user_name = ? and password = ? order by id desc 
2015-05-30 13:55:07,821 [http-nio-8080-exec-3] DEBUG cn.mypandora.system.UserEntity.hasMatchUser - ==> Parameters: 8(String), 8(String)
2015-05-30 13:55:07,824 [http-nio-8080-exec-3] DEBUG cn.mypandora.log.MyLogAspect - end around
2015-05-30 13:55:07,826 [http-nio-8080-exec-3] DEBUG cn.mypandora.log.MyLogAspect - begin around
2015-05-30 13:55:07,826 [http-nio-8080-exec-3] DEBUG cn.mypandora.orm.dao.impl.BaseEntityDaoImpl - SQL Key <cn.mypandora.system.UserEntity.findUserByName>
2015-05-30 13:55:07,827 [http-nio-8080-exec-3] DEBUG cn.mypandora.system.UserEntity.findUserByName - ooo Using Connection [com.mchange.v2.c3p0.impl.NewProxyConnection@19ab24b]
2015-05-30 13:55:07,827 [http-nio-8080-exec-3] DEBUG cn.mypandora.system.UserEntity.findUserByName - ==>  Preparing: select * from t_base_user where 1=1 and user_name = ? 
2015-05-30 13:55:07,827 [http-nio-8080-exec-3] DEBUG cn.mypandora.system.UserEntity.findUserByName - ==> Parameters: 8(String)
2015-05-30 13:55:07,830 [http-nio-8080-exec-3] DEBUG cn.mypandora.log.MyLogAspect - end around
2015-05-30 13:55:07,831 [http-nio-8080-exec-3] DEBUG cn.mypandora.log.MyLogAspect - begin around
2015-05-30 13:55:07,831 [http-nio-8080-exec-3] DEBUG cn.mypandora.orm.dao.impl.BaseEntityDaoImpl - SQL Key <cn.mypandora.system.UserEntity.update>
2015-05-30 13:55:07,834 [http-nio-8080-exec-3] DEBUG cn.mypandora.system.UserEntity.update - ooo Using Connection [com.mchange.v2.c3p0.impl.NewProxyConnection@1b069cb]
2015-05-30 13:55:07,834 [http-nio-8080-exec-3] DEBUG cn.mypandora.system.UserEntity.update - ==>  Preparing: update t_base_user SET user_name=?, password=?, credits=?, last_ip=?, sex=? WHERE id = ? 
2015-05-30 13:55:07,835 [http-nio-8080-exec-3] DEBUG cn.mypandora.system.UserEntity.update - ==> Parameters: 8(String), 8(String), 175(Integer), 0:0:0:0:0:0:0:1(String), 1(Integer), 30(Long)
2015-05-30 13:55:07,835 [http-nio-8080-exec-3] DEBUG cn.mypandora.log.MyLogAspect - end around
2015-05-30 13:55:07,836 [http-nio-8080-exec-3] DEBUG cn.mypandora.log.MyLogAspect - begin around
2015-05-30 13:55:07,836 [http-nio-8080-exec-3] DEBUG cn.mypandora.orm.dao.impl.BaseEntityDaoImpl - SQL Key <cn.mypandora.system.LogEntity.add>
2015-05-30 13:55:07,837 [http-nio-8080-exec-3] DEBUG cn.mypandora.system.LogEntity.add - ooo Using Connection [com.mchange.v2.c3p0.impl.NewProxyConnection@1b069cb]
2015-05-30 13:55:07,837 [http-nio-8080-exec-3] DEBUG cn.mypandora.system.LogEntity.add - ==>  Preparing: INSERT INTO t_base_log ( user_name, description, ip, create_time ) VALUES ( ?, ?, ?, ? ) 
2015-05-30 13:55:07,838 [http-nio-8080-exec-3] DEBUG cn.mypandora.system.LogEntity.add - ==> Parameters: 稍后获取(String), 用户登录成功(String), 稍后获取(String), 2015-05-30 13:55:07.836(Timestamp)
2015-05-30 13:55:07,838 [http-nio-8080-exec-3] DEBUG cn.mypandora.log.MyLogAspect - end around
2015-05-30 13:55:07,840 [http-nio-8080-exec-3] DEBUG cn.mypandora.system.LogEntity.add!selectKey - ooo Using Connection [com.mchange.v2.c3p0.impl.NewProxyConnection@1b069cb]
2015-05-30 13:55:07,840 [http-nio-8080-exec-3] DEBUG cn.mypandora.system.LogEntity.add!selectKey - ==>  Preparing: SELECT LAST_INSERT_ID() AS ID 
2015-05-30 13:55:07,841 [http-nio-8080-exec-3] DEBUG cn.mypandora.system.LogEntity.add!selectKey - ==> Parameters: 
2015-05-30 13:55:07,928 [http-nio-8080-exec-3] DEBUG cn.mypandora.log.MyLogAspect - begin around
2015-05-30 13:55:07,928 [http-nio-8080-exec-3] DEBUG cn.mypandora.orm.dao.impl.BaseNestedDaoImpl - SQL Key <cn.mypandora.system.BaseRes.getDescendants>
2015-05-30 13:55:07,929 [http-nio-8080-exec-3] DEBUG cn.mypandora.system.BaseRes.getDescendants - ooo Using Connection [com.mchange.v2.c3p0.impl.NewProxyConnection@1563a43]
2015-05-30 13:55:07,929 [http-nio-8080-exec-3] DEBUG cn.mypandora.system.BaseRes.getDescendants - ==>  Preparing: SELECT * FROM t_base_res t WHERE 1=1 AND t.lft>( SELECT s.lft FROM t_base_res s WHERE s.id=?) AND t.rgt<( SELECT s.rgt FROM t_base_res s WHERE s.id=?) ORDER BY t.lft ASC 
2015-05-30 13:55:07,929 [http-nio-8080-exec-3] DEBUG cn.mypandora.system.BaseRes.getDescendants - ==> Parameters: 1(Long), 1(Long)
2015-05-30 13:55:07,934 [http-nio-8080-exec-3] DEBUG cn.mypandora.log.MyLogAspect - end around
2015-05-30 13:55:08,543 [http-nio-8080-exec-1] DEBUG cn.mypandora.log.MyLogAspect - begin around
2015-05-30 13:55:08,543 [http-nio-8080-exec-1] DEBUG cn.mypandora.orm.dao.impl.BaseEntityDaoImpl - SQL Key <cn.mypandora.system.UserEntity.pageUsers>
2015-05-30 13:55:08,544 [http-nio-8080-exec-1] DEBUG cn.mypandora.system.UserEntity.pageUsers - ooo Using Connection [com.mchange.v2.c3p0.impl.NewProxyConnection@1cf083]
2015-05-30 13:55:08,545 [http-nio-8080-exec-1] DEBUG cn.mypandora.orm.OffsetLimitInterceptor - 生成的分页SQL：select * from t_base_user where 1=1 order by ? ? limit 0 ,10
2015-05-30 13:55:08,545 [http-nio-8080-exec-1] DEBUG cn.mypandora.system.UserEntity.pageUsers - ==>  Preparing: select * from t_base_user where 1=1 order by ? ? limit 0 ,10 
2015-05-30 13:55:08,545 [http-nio-8080-exec-1] DEBUG cn.mypandora.system.UserEntity.pageUsers - ==> Parameters: id(String), desc(String)
2015-05-30 13:55:08,551 [http-nio-8080-exec-1] DEBUG cn.mypandora.orm.dao.impl.BaseEntityDaoImpl - SQL Key <cn.mypandora.system.UserEntity.pageUsers>
2015-05-30 13:55:08,552 [http-nio-8080-exec-1] DEBUG cn.mypandora.dao.base.countSql - ooo Using Connection [com.mchange.v2.c3p0.impl.NewProxyConnection@1dd28f9]
2015-05-30 13:55:08,553 [http-nio-8080-exec-1] DEBUG cn.mypandora.dao.base.countSql - ==>  Preparing: select count(1) from (select * from t_base_user where 1=1 ) count_sql_alias 
2015-05-30 13:55:08,553 [http-nio-8080-exec-1] DEBUG cn.mypandora.dao.base.countSql - ==> Parameters: 
2015-05-30 13:55:08,554 [http-nio-8080-exec-1] DEBUG cn.mypandora.log.MyLogAspect - end around
2015-05-30 13:55:13,336 [http-nio-8080-exec-19] DEBUG cn.mypandora.log.MyLogAspect - begin around
2015-05-30 13:55:13,337 [http-nio-8080-exec-19] DEBUG cn.mypandora.orm.dao.impl.BaseEntityDaoImpl - SQL Key <cn.mypandora.system.UserEntity.pageUsers>
2015-05-30 13:55:13,338 [http-nio-8080-exec-19] DEBUG cn.mypandora.orm.dao.impl.BaseEntityDaoImpl - SQL Key <cn.mypandora.system.UserEntity.pageUsers>
2015-05-30 13:55:13,338 [http-nio-8080-exec-19] DEBUG cn.mypandora.dao.base.countSql - ooo Using Connection [com.mchange.v2.c3p0.impl.NewProxyConnection@18bde18]
2015-05-30 13:55:13,339 [http-nio-8080-exec-19] DEBUG cn.mypandora.dao.base.countSql - ==>  Preparing: select count(1) from (select * from t_base_user where 1=1 ) count_sql_alias 
2015-05-30 13:55:13,339 [http-nio-8080-exec-19] DEBUG cn.mypandora.dao.base.countSql - ==> Parameters: 
2015-05-30 13:55:13,340 [http-nio-8080-exec-19] DEBUG cn.mypandora.log.MyLogAspect - end around
2015-05-30 13:55:15,972 [http-nio-8080-exec-18] DEBUG cn.mypandora.log.MyLogAspect - begin around
2015-05-30 13:55:15,973 [http-nio-8080-exec-18] DEBUG cn.mypandora.orm.dao.impl.BaseEntityDaoImpl - SQL Key <cn.mypandora.system.UserEntity.pageUsers>
2015-05-30 13:55:15,974 [http-nio-8080-exec-18] DEBUG cn.mypandora.orm.dao.impl.BaseEntityDaoImpl - SQL Key <cn.mypandora.system.UserEntity.pageUsers>
2015-05-30 13:55:15,975 [http-nio-8080-exec-18] DEBUG cn.mypandora.dao.base.countSql - ooo Using Connection [com.mchange.v2.c3p0.impl.NewProxyConnection@189dabe]
2015-05-30 13:55:15,975 [http-nio-8080-exec-18] DEBUG cn.mypandora.dao.base.countSql - ==>  Preparing: select count(1) from (select * from t_base_user where 1=1 ) count_sql_alias 
2015-05-30 13:55:15,976 [http-nio-8080-exec-18] DEBUG cn.mypandora.dao.base.countSql - ==> Parameters: 
2015-05-30 13:55:15,977 [http-nio-8080-exec-18] DEBUG cn.mypandora.log.MyLogAspect - end around
2015-05-30 13:55:16,875 [http-nio-8080-exec-11] DEBUG cn.mypandora.log.MyLogAspect - begin around
2015-05-30 13:55:16,875 [http-nio-8080-exec-11] DEBUG cn.mypandora.orm.dao.impl.BaseNestedDaoImpl - SQL Key <cn.mypandora.system.BaseDept.loadFullTree>
2015-05-30 13:55:16,876 [http-nio-8080-exec-11] DEBUG cn.mypandora.system.BaseDept.loadFullTree - ooo Using Connection [com.mchange.v2.c3p0.impl.NewProxyConnection@1057485]
2015-05-30 13:55:16,876 [http-nio-8080-exec-11] DEBUG cn.mypandora.system.BaseDept.loadFullTree - ==>  Preparing: SELECT * FROM t_base_dept t WHERE 1=1 ORDER BY t.lft ASC 
2015-05-30 13:55:16,876 [http-nio-8080-exec-11] DEBUG cn.mypandora.system.BaseDept.loadFullTree - ==> Parameters: 
2015-05-30 13:55:16,956 [http-nio-8080-exec-11] DEBUG cn.mypandora.log.MyLogAspect - end around
2015-05-30 13:55:17,604 [http-nio-8080-exec-19] DEBUG cn.mypandora.log.MyLogAspect - begin around
2015-05-30 13:55:17,605 [http-nio-8080-exec-19] DEBUG cn.mypandora.orm.dao.impl.BaseEntityDaoImpl - SQL Key <cn.mypandora.system.UserEntity.pageUsers>
2015-05-30 13:55:17,605 [http-nio-8080-exec-19] DEBUG cn.mypandora.orm.dao.impl.BaseEntityDaoImpl - SQL Key <cn.mypandora.system.UserEntity.pageUsers>
2015-05-30 13:55:17,606 [http-nio-8080-exec-19] DEBUG cn.mypandora.dao.base.countSql - ooo Using Connection [com.mchange.v2.c3p0.impl.NewProxyConnection@853806]
2015-05-30 13:55:17,606 [http-nio-8080-exec-19] DEBUG cn.mypandora.dao.base.countSql - ==>  Preparing: select count(1) from (select * from t_base_user where 1=1 ) count_sql_alias 
2015-05-30 13:55:17,607 [http-nio-8080-exec-19] DEBUG cn.mypandora.dao.base.countSql - ==> Parameters: 
2015-05-30 13:55:17,608 [http-nio-8080-exec-19] DEBUG cn.mypandora.log.MyLogAspect - end around
2015-05-30 13:55:18,993 [http-nio-8080-exec-14] DEBUG cn.mypandora.log.MyLogAspect - begin around
2015-05-30 13:55:18,994 [http-nio-8080-exec-14] DEBUG cn.mypandora.orm.dao.impl.BaseEntityDaoImpl - SQL Key <cn.mypandora.system.LogEntity.pageLogs>
2015-05-30 13:55:18,995 [http-nio-8080-exec-14] DEBUG cn.mypandora.system.LogEntity.pageLogs - ooo Using Connection [com.mchange.v2.c3p0.impl.NewProxyConnection@1015ef9]
2015-05-30 13:55:18,997 [http-nio-8080-exec-14] DEBUG cn.mypandora.orm.OffsetLimitInterceptor - 生成的分页SQL：select * from t_base_log where 1=1 order by create_time desc limit 0 ,10
2015-05-30 13:55:18,997 [http-nio-8080-exec-14] DEBUG cn.mypandora.system.LogEntity.pageLogs - ==>  Preparing: select * from t_base_log where 1=1 order by create_time desc limit 0 ,10 
2015-05-30 13:55:18,998 [http-nio-8080-exec-14] DEBUG cn.mypandora.system.LogEntity.pageLogs - ==> Parameters: 
2015-05-30 13:55:19,018 [http-nio-8080-exec-14] DEBUG cn.mypandora.orm.dao.impl.BaseEntityDaoImpl - SQL Key <cn.mypandora.system.LogEntity.pageLogs>
2015-05-30 13:55:19,019 [http-nio-8080-exec-14] DEBUG cn.mypandora.dao.base.countSql - ooo Using Connection [com.mchange.v2.c3p0.impl.NewProxyConnection@1eb12f0]
2015-05-30 13:55:19,019 [http-nio-8080-exec-14] DEBUG cn.mypandora.dao.base.countSql - ==>  Preparing: select count(1) from (select * from t_base_log where 1=1 ) count_sql_alias 
2015-05-30 13:55:19,020 [http-nio-8080-exec-14] DEBUG cn.mypandora.dao.base.countSql - ==> Parameters: 
2015-05-30 13:55:19,026 [http-nio-8080-exec-14] DEBUG cn.mypandora.log.MyLogAspect - end around
2015-05-30 13:55:20,997 [http-nio-8080-exec-4] DEBUG cn.mypandora.log.MyLogAspect - begin around
2015-05-30 13:55:20,997 [http-nio-8080-exec-4] DEBUG cn.mypandora.orm.dao.impl.BaseEntityDaoImpl - SQL Key <cn.mypandora.system.UserEntity.pageUsers>
2015-05-30 13:55:20,998 [http-nio-8080-exec-4] DEBUG cn.mypandora.orm.dao.impl.BaseEntityDaoImpl - SQL Key <cn.mypandora.system.UserEntity.pageUsers>
2015-05-30 13:55:20,999 [http-nio-8080-exec-4] DEBUG cn.mypandora.dao.base.countSql - ooo Using Connection [com.mchange.v2.c3p0.impl.NewProxyConnection@e4c094]
2015-05-30 13:55:20,999 [http-nio-8080-exec-4] DEBUG cn.mypandora.dao.base.countSql - ==>  Preparing: select count(1) from (select * from t_base_user where 1=1 ) count_sql_alias 
2015-05-30 13:55:20,999 [http-nio-8080-exec-4] DEBUG cn.mypandora.dao.base.countSql - ==> Parameters: 
2015-05-30 13:55:21,000 [http-nio-8080-exec-4] DEBUG cn.mypandora.log.MyLogAspect - end around
2015-05-30 13:55:25,740 [http-nio-8080-exec-11] DEBUG cn.mypandora.log.MyLogAspect - begin around
2015-05-30 13:55:25,740 [http-nio-8080-exec-11] DEBUG cn.mypandora.orm.dao.impl.BaseEntityDaoImpl - SQL Key <cn.mypandora.system.LogEntity.pageLogs>
2015-05-30 13:55:25,741 [http-nio-8080-exec-11] DEBUG cn.mypandora.system.LogEntity.pageLogs - ooo Using Connection [com.mchange.v2.c3p0.impl.NewProxyConnection@d6a427]
2015-05-30 13:55:25,742 [http-nio-8080-exec-11] DEBUG cn.mypandora.orm.OffsetLimitInterceptor - 生成的分页SQL：select * from t_base_log where 1=1 order by create_time desc limit 0 ,10
2015-05-30 13:55:25,742 [http-nio-8080-exec-11] DEBUG cn.mypandora.system.LogEntity.pageLogs - ==>  Preparing: select * from t_base_log where 1=1 order by create_time desc limit 0 ,10 
2015-05-30 13:55:25,743 [http-nio-8080-exec-11] DEBUG cn.mypandora.system.LogEntity.pageLogs - ==> Parameters: 
2015-05-30 13:55:25,765 [http-nio-8080-exec-11] DEBUG cn.mypandora.orm.dao.impl.BaseEntityDaoImpl - SQL Key <cn.mypandora.system.LogEntity.pageLogs>
2015-05-30 13:55:25,765 [http-nio-8080-exec-11] DEBUG cn.mypandora.dao.base.countSql - ooo Using Connection [com.mchange.v2.c3p0.impl.NewProxyConnection@43b086]
2015-05-30 13:55:25,766 [http-nio-8080-exec-11] DEBUG cn.mypandora.dao.base.countSql - ==>  Preparing: select count(1) from (select * from t_base_log where 1=1 ) count_sql_alias 
2015-05-30 13:55:25,766 [http-nio-8080-exec-11] DEBUG cn.mypandora.dao.base.countSql - ==> Parameters: 
2015-05-30 13:55:25,771 [http-nio-8080-exec-11] DEBUG cn.mypandora.log.MyLogAspect - end around
2015-05-30 13:55:32,547 [http-nio-8080-exec-5] DEBUG cn.mypandora.log.MyLogAspect - begin around
2015-05-30 13:55:32,548 [http-nio-8080-exec-5] DEBUG cn.mypandora.orm.dao.impl.BaseEntityDaoImpl - SQL Key <cn.mypandora.system.UserEntity.pageUsers>
2015-05-30 13:55:32,548 [http-nio-8080-exec-5] DEBUG cn.mypandora.orm.dao.impl.BaseEntityDaoImpl - SQL Key <cn.mypandora.system.UserEntity.pageUsers>
2015-05-30 13:55:32,549 [http-nio-8080-exec-5] DEBUG cn.mypandora.dao.base.countSql - ooo Using Connection [com.mchange.v2.c3p0.impl.NewProxyConnection@a194c3]
2015-05-30 13:55:32,549 [http-nio-8080-exec-5] DEBUG cn.mypandora.dao.base.countSql - ==>  Preparing: select count(1) from (select * from t_base_user where 1=1 ) count_sql_alias 
2015-05-30 13:55:32,549 [http-nio-8080-exec-5] DEBUG cn.mypandora.dao.base.countSql - ==> Parameters: 
2015-05-30 13:55:32,550 [http-nio-8080-exec-5] DEBUG cn.mypandora.log.MyLogAspect - end around
2015-05-30 13:56:41,558 [http-nio-8080-exec-3] DEBUG cn.mypandora.log.MyLogAspect - begin around
2015-05-30 13:56:41,558 [http-nio-8080-exec-3] DEBUG cn.mypandora.orm.dao.impl.BaseEntityDaoImpl - SQL Key <cn.mypandora.system.UserEntity.pageUsers>
2015-05-30 13:56:41,559 [http-nio-8080-exec-3] DEBUG cn.mypandora.orm.dao.impl.BaseEntityDaoImpl - SQL Key <cn.mypandora.system.UserEntity.pageUsers>
2015-05-30 13:56:41,560 [http-nio-8080-exec-3] DEBUG cn.mypandora.dao.base.countSql - ooo Using Connection [com.mchange.v2.c3p0.impl.NewProxyConnection@851ef6]
2015-05-30 13:56:41,560 [http-nio-8080-exec-3] DEBUG cn.mypandora.dao.base.countSql - ==>  Preparing: select count(1) from (select * from t_base_user where 1=1 ) count_sql_alias 
2015-05-30 13:56:41,561 [http-nio-8080-exec-3] DEBUG cn.mypandora.dao.base.countSql - ==> Parameters: 
2015-05-30 13:56:41,562 [http-nio-8080-exec-3] DEBUG cn.mypandora.log.MyLogAspect - end around
2015-05-30 13:56:57,083 [http-nio-8080-exec-11] DEBUG cn.mypandora.log.MyLogAspect - begin around
2015-05-30 13:56:57,083 [http-nio-8080-exec-11] DEBUG cn.mypandora.orm.dao.impl.BaseEntityDaoImpl - SQL Key <cn.mypandora.system.UserEntity.delete>
2015-05-30 13:56:57,084 [http-nio-8080-exec-11] DEBUG cn.mypandora.system.UserEntity.delete - ooo Using Connection [com.mchange.v2.c3p0.impl.NewProxyConnection@c924fc]
2015-05-30 13:56:57,084 [http-nio-8080-exec-11] DEBUG cn.mypandora.system.UserEntity.delete - ==>  Preparing: DELETE from t_base_user WHERE id = ? 
2015-05-30 13:56:57,084 [http-nio-8080-exec-11] DEBUG cn.mypandora.system.UserEntity.delete - ==> Parameters: 34(Long)
2015-05-30 13:56:57,084 [http-nio-8080-exec-11] DEBUG cn.mypandora.log.MyLogAspect - end around
2015-05-30 13:56:57,086 [http-nio-8080-exec-11] DEBUG cn.mypandora.log.MyLogAspect - begin around
2015-05-30 13:56:57,087 [http-nio-8080-exec-11] DEBUG cn.mypandora.orm.dao.impl.BaseEntityDaoImpl - SQL Key <cn.mypandora.system.LogEntity.add>
2015-05-30 13:56:57,087 [http-nio-8080-exec-11] DEBUG cn.mypandora.system.LogEntity.add - ooo Using Connection [com.mchange.v2.c3p0.impl.NewProxyConnection@c924fc]
2015-05-30 13:56:57,087 [http-nio-8080-exec-11] DEBUG cn.mypandora.system.LogEntity.add - ==>  Preparing: INSERT INTO t_base_log ( user_name, description, ip, create_time ) VALUES ( ?, ?, ?, ? ) 
2015-05-30 13:56:57,088 [http-nio-8080-exec-11] DEBUG cn.mypandora.system.LogEntity.add - ==> Parameters: 稍后获取(String), 删除批量用户(String), 稍后获取(String), 2015-05-30 13:56:57.086(Timestamp)
2015-05-30 13:56:57,088 [http-nio-8080-exec-11] DEBUG cn.mypandora.log.MyLogAspect - end around
2015-05-30 13:56:57,110 [http-nio-8080-exec-11] DEBUG cn.mypandora.system.LogEntity.add!selectKey - ooo Using Connection [com.mchange.v2.c3p0.impl.NewProxyConnection@c924fc]
2015-05-30 13:56:57,110 [http-nio-8080-exec-11] DEBUG cn.mypandora.system.LogEntity.add!selectKey - ==>  Preparing: SELECT LAST_INSERT_ID() AS ID 
2015-05-30 13:56:57,110 [http-nio-8080-exec-11] DEBUG cn.mypandora.system.LogEntity.add!selectKey - ==> Parameters: 
2015-05-30 13:56:57,222 [http-nio-8080-exec-20] DEBUG cn.mypandora.log.MyLogAspect - begin around
2015-05-30 13:56:57,222 [http-nio-8080-exec-20] DEBUG cn.mypandora.orm.dao.impl.BaseEntityDaoImpl - SQL Key <cn.mypandora.system.UserEntity.pageUsers>
2015-05-30 13:56:57,223 [http-nio-8080-exec-20] DEBUG cn.mypandora.system.UserEntity.pageUsers - ooo Using Connection [com.mchange.v2.c3p0.impl.NewProxyConnection@484edb]
2015-05-30 13:56:57,224 [http-nio-8080-exec-20] DEBUG cn.mypandora.orm.OffsetLimitInterceptor - 生成的分页SQL：select * from t_base_user where 1=1 order by ? ? limit 0 ,10
2015-05-30 13:56:57,224 [http-nio-8080-exec-20] DEBUG cn.mypandora.system.UserEntity.pageUsers - ==>  Preparing: select * from t_base_user where 1=1 order by ? ? limit 0 ,10 
2015-05-30 13:56:57,225 [http-nio-8080-exec-20] DEBUG cn.mypandora.system.UserEntity.pageUsers - ==> Parameters: id(String), desc(String)
2015-05-30 13:56:57,228 [http-nio-8080-exec-20] DEBUG cn.mypandora.orm.dao.impl.BaseEntityDaoImpl - SQL Key <cn.mypandora.system.UserEntity.pageUsers>
2015-05-30 13:56:57,231 [http-nio-8080-exec-20] DEBUG cn.mypandora.dao.base.countSql - ooo Using Connection [com.mchange.v2.c3p0.impl.NewProxyConnection@1c59005]
2015-05-30 13:56:57,231 [http-nio-8080-exec-20] DEBUG cn.mypandora.dao.base.countSql - ==>  Preparing: select count(1) from (select * from t_base_user where 1=1 ) count_sql_alias 
2015-05-30 13:56:57,231 [http-nio-8080-exec-20] DEBUG cn.mypandora.dao.base.countSql - ==> Parameters: 
2015-05-30 13:56:57,234 [http-nio-8080-exec-20] DEBUG cn.mypandora.log.MyLogAspect - end around
2015-05-30 13:56:59,715 [http-nio-8080-exec-16] DEBUG cn.mypandora.log.MyLogAspect - begin around
2015-05-30 13:56:59,716 [http-nio-8080-exec-16] DEBUG cn.mypandora.orm.dao.impl.BaseEntityDaoImpl - SQL Key <cn.mypandora.system.UserEntity.pageUsers>
2015-05-30 13:56:59,716 [http-nio-8080-exec-16] DEBUG cn.mypandora.orm.dao.impl.BaseEntityDaoImpl - SQL Key <cn.mypandora.system.UserEntity.pageUsers>
2015-05-30 13:56:59,717 [http-nio-8080-exec-16] DEBUG cn.mypandora.dao.base.countSql - ooo Using Connection [com.mchange.v2.c3p0.impl.NewProxyConnection@16fcd27]
2015-05-30 13:56:59,717 [http-nio-8080-exec-16] DEBUG cn.mypandora.dao.base.countSql - ==>  Preparing: select count(1) from (select * from t_base_user where 1=1 ) count_sql_alias 
2015-05-30 13:56:59,717 [http-nio-8080-exec-16] DEBUG cn.mypandora.dao.base.countSql - ==> Parameters: 
2015-05-30 13:56:59,718 [http-nio-8080-exec-16] DEBUG cn.mypandora.log.MyLogAspect - end around
