2015-05-26 00:00:01,973 [http-nio-8080-exec-1] DEBUG cn.mypandora.log.MyLogAspect - begin around
2015-05-26 00:00:01,989 [http-nio-8080-exec-1] DEBUG cn.mypandora.orm.dao.impl.BaseEntityDaoImpl - SQL Key <cn.mypandora.system.UserEntity.findById>
2015-05-26 00:00:01,990 [http-nio-8080-exec-1] DEBUG cn.mypandora.system.UserEntity.findById - ooo Using Connection [com.mchange.v2.c3p0.impl.NewProxyConnection@11b51e0]
2015-05-26 00:00:01,991 [http-nio-8080-exec-1] DEBUG cn.mypandora.system.UserEntity.findById - ==>  Preparing: select * from t_base_user where id = ? 
2015-05-26 00:00:01,991 [http-nio-8080-exec-1] DEBUG cn.mypandora.system.UserEntity.findById - ==> Parameters: 5(Long)
2015-05-26 00:00:01,995 [http-nio-8080-exec-1] DEBUG cn.mypandora.log.MyLogAspect - end around
2015-05-26 00:01:14,725 [http-nio-8080-exec-14] DEBUG cn.mypandora.log.MyLogAspect - begin around
2015-05-26 00:01:14,726 [http-nio-8080-exec-14] DEBUG cn.mypandora.orm.dao.impl.BaseEntityDaoImpl - SQL Key <cn.mypandora.system.UserEntity.pageUsers>
2015-05-26 00:01:14,727 [http-nio-8080-exec-14] DEBUG cn.mypandora.system.UserEntity.pageUsers - ooo Using Connection [com.mchange.v2.c3p0.impl.NewProxyConnection@f043bc]
2015-05-26 00:01:14,729 [http-nio-8080-exec-14] DEBUG cn.mypandora.orm.OffsetLimitInterceptor - 生成的分页SQL：select * from t_base_user where 1=1 order by ? ? limit 0 ,10
2015-05-26 00:01:14,729 [http-nio-8080-exec-14] DEBUG cn.mypandora.system.UserEntity.pageUsers - ==>  Preparing: select * from t_base_user where 1=1 order by ? ? limit 0 ,10 
2015-05-26 00:01:14,730 [http-nio-8080-exec-14] DEBUG cn.mypandora.system.UserEntity.pageUsers - ==> Parameters: id(String), desc(String)
2015-05-26 00:01:14,738 [http-nio-8080-exec-14] DEBUG cn.mypandora.orm.dao.impl.BaseEntityDaoImpl - SQL Key <cn.mypandora.system.UserEntity.pageUsers>
2015-05-26 00:01:14,739 [http-nio-8080-exec-14] DEBUG cn.mypandora.dao.base.countSql - ooo Using Connection [com.mchange.v2.c3p0.impl.NewProxyConnection@17fc3d5]
2015-05-26 00:01:14,740 [http-nio-8080-exec-14] DEBUG cn.mypandora.dao.base.countSql - ==>  Preparing: select count(1) from (select * from t_base_user where 1=1 ) count_sql_alias 
2015-05-26 00:01:14,740 [http-nio-8080-exec-14] DEBUG cn.mypandora.dao.base.countSql - ==> Parameters: 
2015-05-26 00:01:14,742 [http-nio-8080-exec-14] DEBUG cn.mypandora.log.MyLogAspect - end around
2015-05-26 00:01:16,185 [http-nio-8080-exec-4] DEBUG cn.mypandora.log.MyLogAspect - begin around
2015-05-26 00:01:16,185 [http-nio-8080-exec-4] DEBUG cn.mypandora.orm.dao.impl.BaseEntityDaoImpl - SQL Key <cn.mypandora.system.UserEntity.findById>
2015-05-26 00:01:16,186 [http-nio-8080-exec-4] DEBUG cn.mypandora.system.UserEntity.findById - ooo Using Connection [com.mchange.v2.c3p0.impl.NewProxyConnection@13d3849]
2015-05-26 00:01:16,186 [http-nio-8080-exec-4] DEBUG cn.mypandora.system.UserEntity.findById - ==>  Preparing: select * from t_base_user where id = ? 
2015-05-26 00:01:16,186 [http-nio-8080-exec-4] DEBUG cn.mypandora.system.UserEntity.findById - ==> Parameters: 5(Long)
2015-05-26 00:01:16,189 [http-nio-8080-exec-4] DEBUG cn.mypandora.log.MyLogAspect - end around
2015-05-26 00:01:19,546 [http-nio-8080-exec-15] DEBUG cn.mypandora.log.MyLogAspect - begin around
2015-05-26 00:01:19,577 [http-nio-8080-exec-15] DEBUG cn.mypandora.orm.dao.impl.BaseEntityDaoImpl - SQL Key <cn.mypandora.system.UserEntity.findById>
2015-05-26 00:01:19,579 [http-nio-8080-exec-15] DEBUG cn.mypandora.system.UserEntity.findById - ooo Using Connection [com.mchange.v2.c3p0.impl.NewProxyConnection@850309]
2015-05-26 00:01:19,579 [http-nio-8080-exec-15] DEBUG cn.mypandora.system.UserEntity.findById - ==>  Preparing: select * from t_base_user where id = ? 
2015-05-26 00:01:19,580 [http-nio-8080-exec-15] DEBUG cn.mypandora.system.UserEntity.findById - ==> Parameters: 5(Long)
2015-05-26 00:01:19,583 [http-nio-8080-exec-15] DEBUG cn.mypandora.log.MyLogAspect - end around
2015-05-26 00:02:23,807 [http-nio-8080-exec-2] DEBUG cn.mypandora.log.MyLogAspect - begin around
2015-05-26 00:02:23,807 [http-nio-8080-exec-2] DEBUG cn.mypandora.orm.dao.impl.BaseEntityDaoImpl - SQL Key <cn.mypandora.system.UserEntity.pageUsers>
2015-05-26 00:02:23,810 [http-nio-8080-exec-2] DEBUG cn.mypandora.system.UserEntity.pageUsers - ooo Using Connection [com.mchange.v2.c3p0.impl.NewProxyConnection@61d018]
2015-05-26 00:02:23,811 [http-nio-8080-exec-2] DEBUG cn.mypandora.orm.OffsetLimitInterceptor - 生成的分页SQL：select * from t_base_user where 1=1 order by ? ? limit 0 ,10
2015-05-26 00:02:23,811 [http-nio-8080-exec-2] DEBUG cn.mypandora.system.UserEntity.pageUsers - ==>  Preparing: select * from t_base_user where 1=1 order by ? ? limit 0 ,10 
2015-05-26 00:02:23,812 [http-nio-8080-exec-2] DEBUG cn.mypandora.system.UserEntity.pageUsers - ==> Parameters: id(String), desc(String)
2015-05-26 00:02:23,817 [http-nio-8080-exec-2] DEBUG cn.mypandora.orm.dao.impl.BaseEntityDaoImpl - SQL Key <cn.mypandora.system.UserEntity.pageUsers>
2015-05-26 00:02:23,838 [http-nio-8080-exec-2] DEBUG cn.mypandora.dao.base.countSql - ooo Using Connection [com.mchange.v2.c3p0.impl.NewProxyConnection@284a09]
2015-05-26 00:02:23,840 [http-nio-8080-exec-2] DEBUG cn.mypandora.dao.base.countSql - ==>  Preparing: select count(1) from (select * from t_base_user where 1=1 ) count_sql_alias 
2015-05-26 00:02:23,843 [http-nio-8080-exec-2] DEBUG cn.mypandora.dao.base.countSql - ==> Parameters: 
2015-05-26 00:02:23,844 [http-nio-8080-exec-2] DEBUG cn.mypandora.log.MyLogAspect - end around
2015-05-26 00:02:25,702 [http-nio-8080-exec-15] DEBUG cn.mypandora.log.MyLogAspect - begin around
2015-05-26 00:02:25,702 [http-nio-8080-exec-15] DEBUG cn.mypandora.orm.dao.impl.BaseEntityDaoImpl - SQL Key <cn.mypandora.system.UserEntity.findById>
2015-05-26 00:02:25,703 [http-nio-8080-exec-15] DEBUG cn.mypandora.system.UserEntity.findById - ooo Using Connection [com.mchange.v2.c3p0.impl.NewProxyConnection@33793a]
2015-05-26 00:02:25,703 [http-nio-8080-exec-15] DEBUG cn.mypandora.system.UserEntity.findById - ==>  Preparing: select * from t_base_user where id = ? 
2015-05-26 00:02:25,704 [http-nio-8080-exec-15] DEBUG cn.mypandora.system.UserEntity.findById - ==> Parameters: 22(Long)
2015-05-26 00:02:25,707 [http-nio-8080-exec-15] DEBUG cn.mypandora.log.MyLogAspect - end around
2015-05-26 00:02:31,269 [http-nio-8080-exec-5] DEBUG cn.mypandora.log.MyLogAspect - begin around
2015-05-26 00:02:31,270 [http-nio-8080-exec-5] DEBUG cn.mypandora.orm.dao.impl.BaseEntityDaoImpl - SQL Key <cn.mypandora.system.UserEntity.findById>
2015-05-26 00:02:31,271 [http-nio-8080-exec-5] DEBUG cn.mypandora.system.UserEntity.findById - ooo Using Connection [com.mchange.v2.c3p0.impl.NewProxyConnection@5ac68d]
2015-05-26 00:02:31,271 [http-nio-8080-exec-5] DEBUG cn.mypandora.system.UserEntity.findById - ==>  Preparing: select * from t_base_user where id = ? 
2015-05-26 00:02:31,272 [http-nio-8080-exec-5] DEBUG cn.mypandora.system.UserEntity.findById - ==> Parameters: 22(Long)
2015-05-26 00:02:31,279 [http-nio-8080-exec-5] DEBUG cn.mypandora.log.MyLogAspect - end around
2015-05-26 00:05:57,472 [http-nio-8080-exec-3] DEBUG cn.mypandora.log.MyLogAspect - begin around
2015-05-26 00:05:57,473 [http-nio-8080-exec-3] DEBUG cn.mypandora.orm.dao.impl.BaseEntityDaoImpl - SQL Key <cn.mypandora.system.UserEntity.findById>
2015-05-26 00:05:57,474 [http-nio-8080-exec-3] DEBUG cn.mypandora.system.UserEntity.findById - ooo Using Connection [com.mchange.v2.c3p0.impl.NewProxyConnection@9570d9]
2015-05-26 00:05:57,474 [http-nio-8080-exec-3] DEBUG cn.mypandora.system.UserEntity.findById - ==>  Preparing: select * from t_base_user where id = ? 
2015-05-26 00:05:57,474 [http-nio-8080-exec-3] DEBUG cn.mypandora.system.UserEntity.findById - ==> Parameters: 22(Long)
2015-05-26 00:05:57,477 [http-nio-8080-exec-3] DEBUG cn.mypandora.log.MyLogAspect - end around
2015-05-26 00:06:51,189 [http-nio-8080-exec-13] DEBUG cn.mypandora.log.MyLogAspect - begin around
2015-05-26 00:06:51,189 [http-nio-8080-exec-13] DEBUG cn.mypandora.orm.dao.impl.BaseEntityDaoImpl - SQL Key <cn.mypandora.system.UserEntity.pageUsers>
2015-05-26 00:06:51,194 [http-nio-8080-exec-13] DEBUG cn.mypandora.system.UserEntity.pageUsers - ooo Using Connection [com.mchange.v2.c3p0.impl.NewProxyConnection@1745a2a]
2015-05-26 00:06:51,195 [http-nio-8080-exec-13] DEBUG cn.mypandora.orm.OffsetLimitInterceptor - 生成的分页SQL：select * from t_base_user where 1=1 order by ? ? limit 0 ,10
2015-05-26 00:06:51,195 [http-nio-8080-exec-13] DEBUG cn.mypandora.system.UserEntity.pageUsers - ==>  Preparing: select * from t_base_user where 1=1 order by ? ? limit 0 ,10 
2015-05-26 00:06:51,196 [http-nio-8080-exec-13] DEBUG cn.mypandora.system.UserEntity.pageUsers - ==> Parameters: id(String), desc(String)
2015-05-26 00:06:51,201 [http-nio-8080-exec-13] DEBUG cn.mypandora.orm.dao.impl.BaseEntityDaoImpl - SQL Key <cn.mypandora.system.UserEntity.pageUsers>
2015-05-26 00:06:51,202 [http-nio-8080-exec-13] DEBUG cn.mypandora.dao.base.countSql - ooo Using Connection [com.mchange.v2.c3p0.impl.NewProxyConnection@17adcc5]
2015-05-26 00:06:51,202 [http-nio-8080-exec-13] DEBUG cn.mypandora.dao.base.countSql - ==>  Preparing: select count(1) from (select * from t_base_user where 1=1 ) count_sql_alias 
2015-05-26 00:06:51,203 [http-nio-8080-exec-13] DEBUG cn.mypandora.dao.base.countSql - ==> Parameters: 
2015-05-26 00:06:51,205 [http-nio-8080-exec-13] DEBUG cn.mypandora.log.MyLogAspect - end around
2015-05-26 00:06:54,886 [http-nio-8080-exec-4] DEBUG cn.mypandora.log.MyLogAspect - begin around
2015-05-26 00:06:54,887 [http-nio-8080-exec-4] DEBUG cn.mypandora.orm.dao.impl.BaseEntityDaoImpl - SQL Key <cn.mypandora.system.UserEntity.findById>
2015-05-26 00:06:54,888 [http-nio-8080-exec-4] DEBUG cn.mypandora.system.UserEntity.findById - ooo Using Connection [com.mchange.v2.c3p0.impl.NewProxyConnection@130e0ba]
2015-05-26 00:06:54,888 [http-nio-8080-exec-4] DEBUG cn.mypandora.system.UserEntity.findById - ==>  Preparing: select * from t_base_user where id = ? 
2015-05-26 00:06:54,888 [http-nio-8080-exec-4] DEBUG cn.mypandora.system.UserEntity.findById - ==> Parameters: 22(Long)
2015-05-26 00:06:54,891 [http-nio-8080-exec-4] DEBUG cn.mypandora.log.MyLogAspect - end around
2015-05-26 00:07:05,997 [http-nio-8080-exec-14] DEBUG cn.mypandora.log.MyLogAspect - begin around
2015-05-26 00:07:05,998 [http-nio-8080-exec-14] DEBUG cn.mypandora.orm.dao.impl.BaseEntityDaoImpl - SQL Key <cn.mypandora.system.UserEntity.findById>
2015-05-26 00:07:05,999 [http-nio-8080-exec-14] DEBUG cn.mypandora.system.UserEntity.findById - ooo Using Connection [com.mchange.v2.c3p0.impl.NewProxyConnection@7eea9b]
2015-05-26 00:07:05,999 [http-nio-8080-exec-14] DEBUG cn.mypandora.system.UserEntity.findById - ==>  Preparing: select * from t_base_user where id = ? 
2015-05-26 00:07:06,000 [http-nio-8080-exec-14] DEBUG cn.mypandora.system.UserEntity.findById - ==> Parameters: 22(Long)
2015-05-26 00:07:06,005 [http-nio-8080-exec-14] DEBUG cn.mypandora.log.MyLogAspect - end around
2015-05-26 00:07:44,898 [http-nio-8080-exec-5] DEBUG cn.mypandora.log.MyLogAspect - begin around
2015-05-26 00:07:44,898 [http-nio-8080-exec-5] DEBUG cn.mypandora.orm.dao.impl.BaseEntityDaoImpl - SQL Key <cn.mypandora.system.UserEntity.pageUsers>
2015-05-26 00:07:44,899 [http-nio-8080-exec-5] DEBUG cn.mypandora.system.UserEntity.pageUsers - ooo Using Connection [com.mchange.v2.c3p0.impl.NewProxyConnection@f1fdab]
2015-05-26 00:07:44,900 [http-nio-8080-exec-5] DEBUG cn.mypandora.orm.OffsetLimitInterceptor - 生成的分页SQL：select * from t_base_user where 1=1 order by ? ? limit 0 ,10
2015-05-26 00:07:44,900 [http-nio-8080-exec-5] DEBUG cn.mypandora.system.UserEntity.pageUsers - ==>  Preparing: select * from t_base_user where 1=1 order by ? ? limit 0 ,10 
2015-05-26 00:07:44,900 [http-nio-8080-exec-5] DEBUG cn.mypandora.system.UserEntity.pageUsers - ==> Parameters: id(String), desc(String)
2015-05-26 00:07:44,932 [http-nio-8080-exec-5] DEBUG cn.mypandora.orm.dao.impl.BaseEntityDaoImpl - SQL Key <cn.mypandora.system.UserEntity.pageUsers>
2015-05-26 00:07:44,933 [http-nio-8080-exec-5] DEBUG cn.mypandora.dao.base.countSql - ooo Using Connection [com.mchange.v2.c3p0.impl.NewProxyConnection@1e8d72f]
2015-05-26 00:07:44,934 [http-nio-8080-exec-5] DEBUG cn.mypandora.dao.base.countSql - ==>  Preparing: select count(1) from (select * from t_base_user where 1=1 ) count_sql_alias 
2015-05-26 00:07:44,934 [http-nio-8080-exec-5] DEBUG cn.mypandora.dao.base.countSql - ==> Parameters: 
2015-05-26 00:07:44,935 [http-nio-8080-exec-5] DEBUG cn.mypandora.log.MyLogAspect - end around
2015-05-26 00:08:06,387 [http-nio-8080-exec-18] DEBUG cn.mypandora.log.MyLogAspect - begin around
2015-05-26 00:08:06,387 [http-nio-8080-exec-18] DEBUG cn.mypandora.orm.dao.impl.BaseEntityDaoImpl - SQL Key <cn.mypandora.system.UserEntity.findById>
2015-05-26 00:08:06,389 [http-nio-8080-exec-18] DEBUG cn.mypandora.system.UserEntity.findById - ooo Using Connection [com.mchange.v2.c3p0.impl.NewProxyConnection@c1552]
2015-05-26 00:08:06,389 [http-nio-8080-exec-18] DEBUG cn.mypandora.system.UserEntity.findById - ==>  Preparing: select * from t_base_user where id = ? 
2015-05-26 00:08:06,389 [http-nio-8080-exec-18] DEBUG cn.mypandora.system.UserEntity.findById - ==> Parameters: 23(Long)
2015-05-26 00:08:06,392 [http-nio-8080-exec-18] DEBUG cn.mypandora.log.MyLogAspect - end around
2015-05-26 00:08:09,777 [http-nio-8080-exec-1] DEBUG cn.mypandora.log.MyLogAspect - begin around
2015-05-26 00:08:09,777 [http-nio-8080-exec-1] DEBUG cn.mypandora.orm.dao.impl.BaseEntityDaoImpl - SQL Key <cn.mypandora.system.UserEntity.findById>
2015-05-26 00:08:09,778 [http-nio-8080-exec-1] DEBUG cn.mypandora.system.UserEntity.findById - ooo Using Connection [com.mchange.v2.c3p0.impl.NewProxyConnection@164003c]
2015-05-26 00:08:09,778 [http-nio-8080-exec-1] DEBUG cn.mypandora.system.UserEntity.findById - ==>  Preparing: select * from t_base_user where id = ? 
2015-05-26 00:08:09,779 [http-nio-8080-exec-1] DEBUG cn.mypandora.system.UserEntity.findById - ==> Parameters: 23(Long)
2015-05-26 00:08:09,782 [http-nio-8080-exec-1] DEBUG cn.mypandora.log.MyLogAspect - end around
2015-05-26 00:08:32,961 [http-nio-8080-exec-6] DEBUG cn.mypandora.log.MyLogAspect - begin around
2015-05-26 00:08:32,961 [http-nio-8080-exec-6] DEBUG cn.mypandora.orm.dao.impl.BaseEntityDaoImpl - SQL Key <cn.mypandora.system.UserEntity.pageUsers>
2015-05-26 00:08:32,962 [http-nio-8080-exec-6] DEBUG cn.mypandora.system.UserEntity.pageUsers - ooo Using Connection [com.mchange.v2.c3p0.impl.NewProxyConnection@1f7a0a6]
2015-05-26 00:08:32,963 [http-nio-8080-exec-6] DEBUG cn.mypandora.orm.OffsetLimitInterceptor - 生成的分页SQL：select * from t_base_user where 1=1 order by ? ? limit 0 ,10
2015-05-26 00:08:32,964 [http-nio-8080-exec-6] DEBUG cn.mypandora.system.UserEntity.pageUsers - ==>  Preparing: select * from t_base_user where 1=1 order by ? ? limit 0 ,10 
2015-05-26 00:08:32,964 [http-nio-8080-exec-6] DEBUG cn.mypandora.system.UserEntity.pageUsers - ==> Parameters: id(String), desc(String)
2015-05-26 00:08:32,968 [http-nio-8080-exec-6] DEBUG cn.mypandora.orm.dao.impl.BaseEntityDaoImpl - SQL Key <cn.mypandora.system.UserEntity.pageUsers>
2015-05-26 00:08:32,969 [http-nio-8080-exec-6] DEBUG cn.mypandora.dao.base.countSql - ooo Using Connection [com.mchange.v2.c3p0.impl.NewProxyConnection@9b8a9f]
2015-05-26 00:08:32,969 [http-nio-8080-exec-6] DEBUG cn.mypandora.dao.base.countSql - ==>  Preparing: select count(1) from (select * from t_base_user where 1=1 ) count_sql_alias 
2015-05-26 00:08:32,969 [http-nio-8080-exec-6] DEBUG cn.mypandora.dao.base.countSql - ==> Parameters: 
2015-05-26 00:08:32,971 [http-nio-8080-exec-6] DEBUG cn.mypandora.log.MyLogAspect - end around
2015-05-26 00:08:35,322 [http-nio-8080-exec-16] DEBUG cn.mypandora.log.MyLogAspect - begin around
2015-05-26 00:08:35,322 [http-nio-8080-exec-16] DEBUG cn.mypandora.orm.dao.impl.BaseEntityDaoImpl - SQL Key <cn.mypandora.system.UserEntity.findById>
2015-05-26 00:08:35,323 [http-nio-8080-exec-16] DEBUG cn.mypandora.system.UserEntity.findById - ooo Using Connection [com.mchange.v2.c3p0.impl.NewProxyConnection@f3c443]
2015-05-26 00:08:35,323 [http-nio-8080-exec-16] DEBUG cn.mypandora.system.UserEntity.findById - ==>  Preparing: select * from t_base_user where id = ? 
2015-05-26 00:08:35,323 [http-nio-8080-exec-16] DEBUG cn.mypandora.system.UserEntity.findById - ==> Parameters: 5(Long)
2015-05-26 00:08:35,325 [http-nio-8080-exec-16] DEBUG cn.mypandora.log.MyLogAspect - end around
2015-05-26 00:08:39,120 [http-nio-8080-exec-2] DEBUG cn.mypandora.log.MyLogAspect - begin around
2015-05-26 00:08:39,120 [http-nio-8080-exec-2] DEBUG cn.mypandora.orm.dao.impl.BaseEntityDaoImpl - SQL Key <cn.mypandora.system.UserEntity.findById>
2015-05-26 00:08:39,121 [http-nio-8080-exec-2] DEBUG cn.mypandora.system.UserEntity.findById - ooo Using Connection [com.mchange.v2.c3p0.impl.NewProxyConnection@1fdefcd]
2015-05-26 00:08:39,121 [http-nio-8080-exec-2] DEBUG cn.mypandora.system.UserEntity.findById - ==>  Preparing: select * from t_base_user where id = ? 
2015-05-26 00:08:39,122 [http-nio-8080-exec-2] DEBUG cn.mypandora.system.UserEntity.findById - ==> Parameters: 5(Long)
2015-05-26 00:08:39,125 [http-nio-8080-exec-2] DEBUG cn.mypandora.log.MyLogAspect - end around
2015-05-26 00:18:42,055 [http-nio-8080-exec-1] DEBUG cn.mypandora.log.MyLogAspect - begin around
2015-05-26 00:18:42,096 [http-nio-8080-exec-1] DEBUG cn.mypandora.orm.dao.impl.BaseEntityDaoImpl - SQL Key <cn.mypandora.system.UserEntity.hasMatchUser>
2015-05-26 00:18:42,259 [http-nio-8080-exec-1] DEBUG cn.mypandora.system.UserEntity.hasMatchUser - ooo Using Connection [com.mchange.v2.c3p0.impl.NewProxyConnection@1453864]
2015-05-26 00:18:42,269 [http-nio-8080-exec-1] DEBUG cn.mypandora.system.UserEntity.hasMatchUser - ==>  Preparing: select * from t_base_user where 1=1 and user_name = ? and password = ? order by id desc 
2015-05-26 00:18:42,311 [http-nio-8080-exec-1] DEBUG cn.mypandora.system.UserEntity.hasMatchUser - ==> Parameters: admin(String), 1(String)
2015-05-26 00:18:42,349 [http-nio-8080-exec-1] DEBUG cn.mypandora.log.MyLogAspect - end around
2015-05-26 00:18:42,355 [http-nio-8080-exec-1] DEBUG cn.mypandora.log.MyLogAspect - begin around
2015-05-26 00:18:42,356 [http-nio-8080-exec-1] DEBUG cn.mypandora.orm.dao.impl.BaseEntityDaoImpl - SQL Key <cn.mypandora.system.UserEntity.findUserByName>
2015-05-26 00:18:42,358 [http-nio-8080-exec-1] DEBUG cn.mypandora.system.UserEntity.findUserByName - ooo Using Connection [com.mchange.v2.c3p0.impl.NewProxyConnection@194f218]
2015-05-26 00:18:42,358 [http-nio-8080-exec-1] DEBUG cn.mypandora.system.UserEntity.findUserByName - ==>  Preparing: select * from t_base_user where 1=1 and user_name = ? 
2015-05-26 00:18:42,359 [http-nio-8080-exec-1] DEBUG cn.mypandora.system.UserEntity.findUserByName - ==> Parameters: admin(String)
2015-05-26 00:18:42,363 [http-nio-8080-exec-1] DEBUG cn.mypandora.log.MyLogAspect - end around
2015-05-26 00:18:42,381 [http-nio-8080-exec-1] DEBUG cn.mypandora.log.MyLogAspect - begin around
2015-05-26 00:18:42,382 [http-nio-8080-exec-1] DEBUG cn.mypandora.orm.dao.impl.BaseEntityDaoImpl - SQL Key <cn.mypandora.system.UserEntity.update>
2015-05-26 00:18:42,386 [http-nio-8080-exec-1] DEBUG cn.mypandora.system.UserEntity.update - ooo Using Connection [com.mchange.v2.c3p0.impl.NewProxyConnection@1e2512]
2015-05-26 00:18:42,386 [http-nio-8080-exec-1] DEBUG cn.mypandora.system.UserEntity.update - ==>  Preparing: update t_base_user set user_name=?, real_name=?, password=?, email=?, mobile=?, phone=?, picture_url=?, sex=?, birthday=?, last_ip=?, credits=? WHERE id = ? 
2015-05-26 00:18:42,389 [http-nio-8080-exec-1] DEBUG cn.mypandora.system.UserEntity.update - ==> Parameters: admin(String), test(String), 1(String), han@lanxum.com(String), 18610815241(String), 81234567(String), /resources/upload/pic/00000001.jpg(String), 0(Integer), null, 0:0:0:0:0:0:0:1(String), 5510(Integer), 5(Long)
2015-05-26 00:18:42,390 [http-nio-8080-exec-1] DEBUG cn.mypandora.log.MyLogAspect - end around
2015-05-26 00:18:42,392 [http-nio-8080-exec-1] DEBUG cn.mypandora.log.MyLogAspect - begin around
2015-05-26 00:18:42,392 [http-nio-8080-exec-1] DEBUG cn.mypandora.orm.dao.impl.BaseEntityDaoImpl - SQL Key <cn.mypandora.system.LogEntity.add>
2015-05-26 00:18:42,393 [http-nio-8080-exec-1] DEBUG cn.mypandora.system.LogEntity.add - ooo Using Connection [com.mchange.v2.c3p0.impl.NewProxyConnection@1e2512]
2015-05-26 00:18:42,393 [http-nio-8080-exec-1] DEBUG cn.mypandora.system.LogEntity.add - ==>  Preparing: INSERT INTO t_base_log ( user_name, description, ip, create_time ) VALUES ( ?, ?, ?, ? ) 
2015-05-26 00:18:42,403 [http-nio-8080-exec-1] DEBUG cn.mypandora.system.LogEntity.add - ==> Parameters: 稍后获取(String), 用户登录成功(String), 稍后获取(String), 2015-05-26 00:18:42.39(Timestamp)
2015-05-26 00:18:42,404 [http-nio-8080-exec-1] DEBUG cn.mypandora.log.MyLogAspect - end around
2015-05-26 00:18:42,434 [http-nio-8080-exec-1] DEBUG cn.mypandora.system.LogEntity.add!selectKey - ooo Using Connection [com.mchange.v2.c3p0.impl.NewProxyConnection@1e2512]
2015-05-26 00:18:42,434 [http-nio-8080-exec-1] DEBUG cn.mypandora.system.LogEntity.add!selectKey - ==>  Preparing: SELECT LAST_INSERT_ID() AS ID 
2015-05-26 00:18:42,434 [http-nio-8080-exec-1] DEBUG cn.mypandora.system.LogEntity.add!selectKey - ==> Parameters: 
2015-05-26 00:18:42,532 [http-nio-8080-exec-1] DEBUG cn.mypandora.log.MyLogAspect - begin around
2015-05-26 00:18:42,533 [http-nio-8080-exec-1] DEBUG cn.mypandora.orm.dao.impl.BaseNestedDaoImpl - SQL Key <cn.mypandora.system.BaseRes.getDescendants>
2015-05-26 00:18:42,537 [http-nio-8080-exec-1] DEBUG cn.mypandora.system.BaseRes.getDescendants - ooo Using Connection [com.mchange.v2.c3p0.impl.NewProxyConnection@d9805d]
2015-05-26 00:18:42,538 [http-nio-8080-exec-1] DEBUG cn.mypandora.system.BaseRes.getDescendants - ==>  Preparing: SELECT * FROM t_base_res t WHERE 1=1 AND t.lft>( SELECT s.lft FROM t_base_res s WHERE s.id=?) AND t.rgt<( SELECT s.rgt FROM t_base_res s WHERE s.id=?) ORDER BY t.lft ASC 
2015-05-26 00:18:42,539 [http-nio-8080-exec-1] DEBUG cn.mypandora.system.BaseRes.getDescendants - ==> Parameters: 1(Long), 1(Long)
2015-05-26 00:18:42,552 [http-nio-8080-exec-1] DEBUG cn.mypandora.log.MyLogAspect - end around
2015-05-26 00:18:45,455 [http-nio-8080-exec-9] DEBUG cn.mypandora.log.MyLogAspect - begin around
2015-05-26 00:18:45,456 [http-nio-8080-exec-9] DEBUG cn.mypandora.orm.dao.impl.BaseEntityDaoImpl - SQL Key <cn.mypandora.system.UserEntity.pageUsers>
2015-05-26 00:18:45,458 [http-nio-8080-exec-9] DEBUG cn.mypandora.system.UserEntity.pageUsers - ooo Using Connection [com.mchange.v2.c3p0.impl.NewProxyConnection@103e36b]
2015-05-26 00:18:45,488 [http-nio-8080-exec-9] DEBUG cn.mypandora.orm.OffsetLimitInterceptor - 生成的分页SQL：select * from t_base_user where 1=1 order by ? ? limit 0 ,10
2015-05-26 00:18:45,488 [http-nio-8080-exec-9] DEBUG cn.mypandora.system.UserEntity.pageUsers - ==>  Preparing: select * from t_base_user where 1=1 order by ? ? limit 0 ,10 
2015-05-26 00:18:45,489 [http-nio-8080-exec-9] DEBUG cn.mypandora.system.UserEntity.pageUsers - ==> Parameters: id(String), desc(String)
2015-05-26 00:18:45,498 [http-nio-8080-exec-9] DEBUG cn.mypandora.orm.dao.impl.BaseEntityDaoImpl - SQL Key <cn.mypandora.system.UserEntity.pageUsers>
2015-05-26 00:18:45,511 [http-nio-8080-exec-9] DEBUG cn.mypandora.dao.base.countSql - ooo Using Connection [com.mchange.v2.c3p0.impl.NewProxyConnection@1679731]
2015-05-26 00:18:45,511 [http-nio-8080-exec-9] DEBUG cn.mypandora.dao.base.countSql - ==>  Preparing: select count(1) from (select * from t_base_user where 1=1 ) count_sql_alias 
2015-05-26 00:18:45,511 [http-nio-8080-exec-9] DEBUG cn.mypandora.dao.base.countSql - ==> Parameters: 
2015-05-26 00:18:45,513 [http-nio-8080-exec-9] DEBUG cn.mypandora.log.MyLogAspect - end around
2015-05-26 00:18:46,982 [http-nio-8080-exec-15] DEBUG cn.mypandora.log.MyLogAspect - begin around
2015-05-26 00:18:46,982 [http-nio-8080-exec-15] DEBUG cn.mypandora.orm.dao.impl.BaseEntityDaoImpl - SQL Key <cn.mypandora.system.UserEntity.pageUsers>
2015-05-26 00:18:46,983 [http-nio-8080-exec-15] DEBUG cn.mypandora.system.UserEntity.pageUsers - ooo Using Connection [com.mchange.v2.c3p0.impl.NewProxyConnection@334e99]
2015-05-26 00:18:46,984 [http-nio-8080-exec-15] DEBUG cn.mypandora.orm.OffsetLimitInterceptor - 生成的分页SQL：select * from t_base_user where 1=1 order by ? ? limit 0 ,10
2015-05-26 00:18:46,985 [http-nio-8080-exec-15] DEBUG cn.mypandora.system.UserEntity.pageUsers - ==>  Preparing: select * from t_base_user where 1=1 order by ? ? limit 0 ,10 
2015-05-26 00:18:46,985 [http-nio-8080-exec-15] DEBUG cn.mypandora.system.UserEntity.pageUsers - ==> Parameters: id(String), desc(String)
2015-05-26 00:18:46,993 [http-nio-8080-exec-15] DEBUG cn.mypandora.orm.dao.impl.BaseEntityDaoImpl - SQL Key <cn.mypandora.system.UserEntity.pageUsers>
2015-05-26 00:18:46,994 [http-nio-8080-exec-15] DEBUG cn.mypandora.dao.base.countSql - ooo Using Connection [com.mchange.v2.c3p0.impl.NewProxyConnection@16dc3ab]
2015-05-26 00:18:46,994 [http-nio-8080-exec-15] DEBUG cn.mypandora.dao.base.countSql - ==>  Preparing: select count(1) from (select * from t_base_user where 1=1 ) count_sql_alias 
2015-05-26 00:18:46,994 [http-nio-8080-exec-15] DEBUG cn.mypandora.dao.base.countSql - ==> Parameters: 
2015-05-26 00:18:46,996 [http-nio-8080-exec-15] DEBUG cn.mypandora.log.MyLogAspect - end around
2015-05-26 00:18:49,162 [http-nio-8080-exec-20] DEBUG cn.mypandora.log.MyLogAspect - begin around
2015-05-26 00:18:49,162 [http-nio-8080-exec-20] DEBUG cn.mypandora.orm.dao.impl.BaseEntityDaoImpl - SQL Key <cn.mypandora.system.UserEntity.findById>
2015-05-26 00:18:49,163 [http-nio-8080-exec-20] DEBUG cn.mypandora.system.UserEntity.findById - ooo Using Connection [com.mchange.v2.c3p0.impl.NewProxyConnection@ddac33]
2015-05-26 00:18:49,163 [http-nio-8080-exec-20] DEBUG cn.mypandora.system.UserEntity.findById - ==>  Preparing: select * from t_base_user where id = ? 
2015-05-26 00:18:49,164 [http-nio-8080-exec-20] DEBUG cn.mypandora.system.UserEntity.findById - ==> Parameters: 23(Long)
2015-05-26 00:18:49,166 [http-nio-8080-exec-20] DEBUG cn.mypandora.log.MyLogAspect - end around
2015-05-26 00:18:53,525 [http-nio-8080-exec-10] DEBUG cn.mypandora.log.MyLogAspect - begin around
2015-05-26 00:18:53,525 [http-nio-8080-exec-10] DEBUG cn.mypandora.orm.dao.impl.BaseEntityDaoImpl - SQL Key <cn.mypandora.system.UserEntity.findById>
2015-05-26 00:18:53,527 [http-nio-8080-exec-10] DEBUG cn.mypandora.system.UserEntity.findById - ooo Using Connection [com.mchange.v2.c3p0.impl.NewProxyConnection@1e3856a]
2015-05-26 00:18:53,527 [http-nio-8080-exec-10] DEBUG cn.mypandora.system.UserEntity.findById - ==>  Preparing: select * from t_base_user where id = ? 
2015-05-26 00:18:53,527 [http-nio-8080-exec-10] DEBUG cn.mypandora.system.UserEntity.findById - ==> Parameters: 23(Long)
2015-05-26 00:18:53,530 [http-nio-8080-exec-10] DEBUG cn.mypandora.log.MyLogAspect - end around
2015-05-26 00:19:19,748 [http-nio-8080-exec-18] DEBUG cn.mypandora.log.MyLogAspect - begin around
2015-05-26 00:19:19,748 [http-nio-8080-exec-18] DEBUG cn.mypandora.orm.dao.impl.BaseEntityDaoImpl - SQL Key <cn.mypandora.system.UserEntity.hasMatchUser>
2015-05-26 00:19:19,749 [http-nio-8080-exec-18] DEBUG cn.mypandora.system.UserEntity.hasMatchUser - ooo Using Connection [com.mchange.v2.c3p0.impl.NewProxyConnection@8c09db]
2015-05-26 00:19:19,750 [http-nio-8080-exec-18] DEBUG cn.mypandora.system.UserEntity.hasMatchUser - ==>  Preparing: select * from t_base_user where 1=1 and user_name = ? and password = ? order by id desc 
2015-05-26 00:19:19,750 [http-nio-8080-exec-18] DEBUG cn.mypandora.system.UserEntity.hasMatchUser - ==> Parameters: admin(String), 1(String)
2015-05-26 00:19:19,753 [http-nio-8080-exec-18] DEBUG cn.mypandora.log.MyLogAspect - end around
2015-05-26 00:19:19,753 [http-nio-8080-exec-18] DEBUG cn.mypandora.log.MyLogAspect - begin around
2015-05-26 00:19:19,754 [http-nio-8080-exec-18] DEBUG cn.mypandora.orm.dao.impl.BaseEntityDaoImpl - SQL Key <cn.mypandora.system.UserEntity.findUserByName>
2015-05-26 00:19:19,754 [http-nio-8080-exec-18] DEBUG cn.mypandora.system.UserEntity.findUserByName - ooo Using Connection [com.mchange.v2.c3p0.impl.NewProxyConnection@1266f3d]
2015-05-26 00:19:19,754 [http-nio-8080-exec-18] DEBUG cn.mypandora.system.UserEntity.findUserByName - ==>  Preparing: select * from t_base_user where 1=1 and user_name = ? 
2015-05-26 00:19:19,755 [http-nio-8080-exec-18] DEBUG cn.mypandora.system.UserEntity.findUserByName - ==> Parameters: admin(String)
2015-05-26 00:19:19,758 [http-nio-8080-exec-18] DEBUG cn.mypandora.log.MyLogAspect - end around
2015-05-26 00:19:19,759 [http-nio-8080-exec-18] DEBUG cn.mypandora.log.MyLogAspect - begin around
2015-05-26 00:19:19,759 [http-nio-8080-exec-18] DEBUG cn.mypandora.orm.dao.impl.BaseEntityDaoImpl - SQL Key <cn.mypandora.system.UserEntity.update>
2015-05-26 00:19:19,760 [http-nio-8080-exec-18] DEBUG cn.mypandora.system.UserEntity.update - ooo Using Connection [com.mchange.v2.c3p0.impl.NewProxyConnection@17b66a4]
2015-05-26 00:19:19,760 [http-nio-8080-exec-18] DEBUG cn.mypandora.system.UserEntity.update - ==>  Preparing: update t_base_user set user_name=?, real_name=?, password=?, email=?, mobile=?, phone=?, picture_url=?, sex=?, birthday=?, last_ip=?, credits=? WHERE id = ? 
2015-05-26 00:19:19,763 [http-nio-8080-exec-18] DEBUG cn.mypandora.system.UserEntity.update - ==> Parameters: admin(String), test(String), 1(String), han@lanxum.com(String), 18610815241(String), 81234567(String), /resources/upload/pic/00000001.jpg(String), 0(Integer), null, 0:0:0:0:0:0:0:1(String), 5515(Integer), 5(Long)
2015-05-26 00:19:19,764 [http-nio-8080-exec-18] DEBUG cn.mypandora.log.MyLogAspect - end around
2015-05-26 00:19:19,764 [http-nio-8080-exec-18] DEBUG cn.mypandora.log.MyLogAspect - begin around
2015-05-26 00:19:19,765 [http-nio-8080-exec-18] DEBUG cn.mypandora.orm.dao.impl.BaseEntityDaoImpl - SQL Key <cn.mypandora.system.LogEntity.add>
2015-05-26 00:19:19,766 [http-nio-8080-exec-18] DEBUG cn.mypandora.system.LogEntity.add - ooo Using Connection [com.mchange.v2.c3p0.impl.NewProxyConnection@17b66a4]
2015-05-26 00:19:19,768 [http-nio-8080-exec-18] DEBUG cn.mypandora.system.LogEntity.add - ==>  Preparing: INSERT INTO t_base_log ( user_name, description, ip, create_time ) VALUES ( ?, ?, ?, ? ) 
2015-05-26 00:19:19,771 [http-nio-8080-exec-18] DEBUG cn.mypandora.system.LogEntity.add - ==> Parameters: 稍后获取(String), 用户登录成功(String), 稍后获取(String), 2015-05-26 00:19:19.764(Timestamp)
2015-05-26 00:19:19,772 [http-nio-8080-exec-18] DEBUG cn.mypandora.log.MyLogAspect - end around
2015-05-26 00:19:19,811 [http-nio-8080-exec-18] DEBUG cn.mypandora.system.LogEntity.add!selectKey - ooo Using Connection [com.mchange.v2.c3p0.impl.NewProxyConnection@17b66a4]
2015-05-26 00:19:19,811 [http-nio-8080-exec-18] DEBUG cn.mypandora.system.LogEntity.add!selectKey - ==>  Preparing: SELECT LAST_INSERT_ID() AS ID 
2015-05-26 00:19:19,812 [http-nio-8080-exec-18] DEBUG cn.mypandora.system.LogEntity.add!selectKey - ==> Parameters: 
2015-05-26 00:19:19,910 [http-nio-8080-exec-18] DEBUG cn.mypandora.log.MyLogAspect - begin around
2015-05-26 00:19:19,911 [http-nio-8080-exec-18] DEBUG cn.mypandora.orm.dao.impl.BaseNestedDaoImpl - SQL Key <cn.mypandora.system.BaseRes.getDescendants>
2015-05-26 00:19:19,912 [http-nio-8080-exec-18] DEBUG cn.mypandora.system.BaseRes.getDescendants - ooo Using Connection [com.mchange.v2.c3p0.impl.NewProxyConnection@b8f846]
2015-05-26 00:19:19,912 [http-nio-8080-exec-18] DEBUG cn.mypandora.system.BaseRes.getDescendants - ==>  Preparing: SELECT * FROM t_base_res t WHERE 1=1 AND t.lft>( SELECT s.lft FROM t_base_res s WHERE s.id=?) AND t.rgt<( SELECT s.rgt FROM t_base_res s WHERE s.id=?) ORDER BY t.lft ASC 
2015-05-26 00:19:19,913 [http-nio-8080-exec-18] DEBUG cn.mypandora.system.BaseRes.getDescendants - ==> Parameters: 1(Long), 1(Long)
2015-05-26 00:19:19,948 [http-nio-8080-exec-18] DEBUG cn.mypandora.log.MyLogAspect - end around
2015-05-26 00:19:22,778 [http-nio-8080-exec-12] DEBUG cn.mypandora.log.MyLogAspect - begin around
2015-05-26 00:19:22,779 [http-nio-8080-exec-12] DEBUG cn.mypandora.orm.dao.impl.BaseEntityDaoImpl - SQL Key <cn.mypandora.system.UserEntity.pageUsers>
2015-05-26 00:19:22,780 [http-nio-8080-exec-12] DEBUG cn.mypandora.system.UserEntity.pageUsers - ooo Using Connection [com.mchange.v2.c3p0.impl.NewProxyConnection@1213954]
2015-05-26 00:19:22,781 [http-nio-8080-exec-12] DEBUG cn.mypandora.orm.OffsetLimitInterceptor - 生成的分页SQL：select * from t_base_user where 1=1 order by ? ? limit 0 ,10
2015-05-26 00:19:22,781 [http-nio-8080-exec-12] DEBUG cn.mypandora.system.UserEntity.pageUsers - ==>  Preparing: select * from t_base_user where 1=1 order by ? ? limit 0 ,10 
2015-05-26 00:19:22,781 [http-nio-8080-exec-12] DEBUG cn.mypandora.system.UserEntity.pageUsers - ==> Parameters: id(String), desc(String)
2015-05-26 00:19:22,785 [http-nio-8080-exec-12] DEBUG cn.mypandora.orm.dao.impl.BaseEntityDaoImpl - SQL Key <cn.mypandora.system.UserEntity.pageUsers>
2015-05-26 00:19:22,787 [http-nio-8080-exec-12] DEBUG cn.mypandora.dao.base.countSql - ooo Using Connection [com.mchange.v2.c3p0.impl.NewProxyConnection@140dbbb]
2015-05-26 00:19:22,787 [http-nio-8080-exec-12] DEBUG cn.mypandora.dao.base.countSql - ==>  Preparing: select count(1) from (select * from t_base_user where 1=1 ) count_sql_alias 
2015-05-26 00:19:22,816 [http-nio-8080-exec-12] DEBUG cn.mypandora.dao.base.countSql - ==> Parameters: 
2015-05-26 00:19:22,822 [http-nio-8080-exec-12] DEBUG cn.mypandora.log.MyLogAspect - end around
2015-05-26 00:19:28,072 [http-nio-8080-exec-6] DEBUG cn.mypandora.log.MyLogAspect - begin around
2015-05-26 00:19:28,072 [http-nio-8080-exec-6] DEBUG cn.mypandora.orm.dao.impl.BaseEntityDaoImpl - SQL Key <cn.mypandora.system.UserEntity.findById>
2015-05-26 00:19:28,073 [http-nio-8080-exec-6] DEBUG cn.mypandora.system.UserEntity.findById - ooo Using Connection [com.mchange.v2.c3p0.impl.NewProxyConnection@730e5f]
2015-05-26 00:19:28,073 [http-nio-8080-exec-6] DEBUG cn.mypandora.system.UserEntity.findById - ==>  Preparing: select * from t_base_user where id = ? 
2015-05-26 00:19:28,074 [http-nio-8080-exec-6] DEBUG cn.mypandora.system.UserEntity.findById - ==> Parameters: 32(Long)
2015-05-26 00:19:28,076 [http-nio-8080-exec-6] DEBUG cn.mypandora.log.MyLogAspect - end around
2015-05-26 00:19:32,874 [http-nio-8080-exec-18] DEBUG cn.mypandora.log.MyLogAspect - begin around
2015-05-26 00:19:32,875 [http-nio-8080-exec-18] DEBUG cn.mypandora.orm.dao.impl.BaseEntityDaoImpl - SQL Key <cn.mypandora.system.UserEntity.findById>
2015-05-26 00:19:32,877 [http-nio-8080-exec-18] DEBUG cn.mypandora.system.UserEntity.findById - ooo Using Connection [com.mchange.v2.c3p0.impl.NewProxyConnection@414389]
2015-05-26 00:19:32,877 [http-nio-8080-exec-18] DEBUG cn.mypandora.system.UserEntity.findById - ==>  Preparing: select * from t_base_user where id = ? 
2015-05-26 00:19:32,877 [http-nio-8080-exec-18] DEBUG cn.mypandora.system.UserEntity.findById - ==> Parameters: 32(Long)
2015-05-26 00:19:32,880 [http-nio-8080-exec-18] DEBUG cn.mypandora.log.MyLogAspect - end around
2015-05-26 00:27:05,841 [http-nio-8080-exec-3] DEBUG cn.mypandora.log.MyLogAspect - begin around
2015-05-26 00:27:05,864 [http-nio-8080-exec-3] DEBUG cn.mypandora.orm.dao.impl.BaseEntityDaoImpl - SQL Key <cn.mypandora.system.UserEntity.hasMatchUser>
2015-05-26 00:27:06,126 [http-nio-8080-exec-3] DEBUG cn.mypandora.system.UserEntity.hasMatchUser - ooo Using Connection [com.mchange.v2.c3p0.impl.NewProxyConnection@19d51a6]
2015-05-26 00:27:06,141 [http-nio-8080-exec-3] DEBUG cn.mypandora.system.UserEntity.hasMatchUser - ==>  Preparing: select * from t_base_user where 1=1 and user_name = ? and password = ? order by id desc 
2015-05-26 00:27:06,187 [http-nio-8080-exec-3] DEBUG cn.mypandora.system.UserEntity.hasMatchUser - ==> Parameters: admin(String), 1(String)
2015-05-26 00:27:06,228 [http-nio-8080-exec-3] DEBUG cn.mypandora.log.MyLogAspect - end around
2015-05-26 00:27:06,234 [http-nio-8080-exec-3] DEBUG cn.mypandora.log.MyLogAspect - begin around
2015-05-26 00:27:06,235 [http-nio-8080-exec-3] DEBUG cn.mypandora.orm.dao.impl.BaseEntityDaoImpl - SQL Key <cn.mypandora.system.UserEntity.findUserByName>
2015-05-26 00:27:06,237 [http-nio-8080-exec-3] DEBUG cn.mypandora.system.UserEntity.findUserByName - ooo Using Connection [com.mchange.v2.c3p0.impl.NewProxyConnection@1c060d7]
2015-05-26 00:27:06,237 [http-nio-8080-exec-3] DEBUG cn.mypandora.system.UserEntity.findUserByName - ==>  Preparing: select * from t_base_user where 1=1 and user_name = ? 
2015-05-26 00:27:06,237 [http-nio-8080-exec-3] DEBUG cn.mypandora.system.UserEntity.findUserByName - ==> Parameters: admin(String)
2015-05-26 00:27:06,240 [http-nio-8080-exec-3] DEBUG cn.mypandora.log.MyLogAspect - end around
2015-05-26 00:27:06,259 [http-nio-8080-exec-3] DEBUG cn.mypandora.log.MyLogAspect - begin around
2015-05-26 00:27:06,259 [http-nio-8080-exec-3] DEBUG cn.mypandora.orm.dao.impl.BaseEntityDaoImpl - SQL Key <cn.mypandora.system.UserEntity.update>
2015-05-26 00:27:06,264 [http-nio-8080-exec-3] DEBUG cn.mypandora.system.UserEntity.update - ooo Using Connection [com.mchange.v2.c3p0.impl.NewProxyConnection@4a8e8e]
2015-05-26 00:27:06,264 [http-nio-8080-exec-3] DEBUG cn.mypandora.system.UserEntity.update - ==>  Preparing: update t_base_user set user_name=?, real_name=?, password=?, email=?, mobile=?, phone=?, picture_url=?, sex=?, birthday=?, last_ip=?, credits=? WHERE id = ? 
2015-05-26 00:27:06,267 [http-nio-8080-exec-3] DEBUG cn.mypandora.system.UserEntity.update - ==> Parameters: admin(String), test(String), 1(String), han@lanxum.com(String), 18610815241(String), 81234567(String), /resources/upload/pic/00000001.jpg(String), 0(Integer), null, 0:0:0:0:0:0:0:1(String), 5520(Integer), 5(Long)
2015-05-26 00:27:06,268 [http-nio-8080-exec-3] DEBUG cn.mypandora.log.MyLogAspect - end around
2015-05-26 00:27:06,270 [http-nio-8080-exec-3] DEBUG cn.mypandora.log.MyLogAspect - begin around
2015-05-26 00:27:06,270 [http-nio-8080-exec-3] DEBUG cn.mypandora.orm.dao.impl.BaseEntityDaoImpl - SQL Key <cn.mypandora.system.LogEntity.add>
2015-05-26 00:27:06,271 [http-nio-8080-exec-3] DEBUG cn.mypandora.system.LogEntity.add - ooo Using Connection [com.mchange.v2.c3p0.impl.NewProxyConnection@4a8e8e]
2015-05-26 00:27:06,271 [http-nio-8080-exec-3] DEBUG cn.mypandora.system.LogEntity.add - ==>  Preparing: INSERT INTO t_base_log ( user_name, description, ip, create_time ) VALUES ( ?, ?, ?, ? ) 
2015-05-26 00:27:06,284 [http-nio-8080-exec-3] DEBUG cn.mypandora.system.LogEntity.add - ==> Parameters: 稍后获取(String), 用户登录成功(String), 稍后获取(String), 2015-05-26 00:27:06.269(Timestamp)
2015-05-26 00:27:06,285 [http-nio-8080-exec-3] DEBUG cn.mypandora.log.MyLogAspect - end around
2015-05-26 00:27:06,325 [http-nio-8080-exec-3] DEBUG cn.mypandora.system.LogEntity.add!selectKey - ooo Using Connection [com.mchange.v2.c3p0.impl.NewProxyConnection@4a8e8e]
2015-05-26 00:27:06,325 [http-nio-8080-exec-3] DEBUG cn.mypandora.system.LogEntity.add!selectKey - ==>  Preparing: SELECT LAST_INSERT_ID() AS ID 
2015-05-26 00:27:06,325 [http-nio-8080-exec-3] DEBUG cn.mypandora.system.LogEntity.add!selectKey - ==> Parameters: 
2015-05-26 00:27:06,418 [http-nio-8080-exec-3] DEBUG cn.mypandora.log.MyLogAspect - begin around
2015-05-26 00:27:06,419 [http-nio-8080-exec-3] DEBUG cn.mypandora.orm.dao.impl.BaseNestedDaoImpl - SQL Key <cn.mypandora.system.BaseRes.getDescendants>
2015-05-26 00:27:06,420 [http-nio-8080-exec-3] DEBUG cn.mypandora.system.BaseRes.getDescendants - ooo Using Connection [com.mchange.v2.c3p0.impl.NewProxyConnection@147fe0f]
2015-05-26 00:27:06,421 [http-nio-8080-exec-3] DEBUG cn.mypandora.system.BaseRes.getDescendants - ==>  Preparing: SELECT * FROM t_base_res t WHERE 1=1 AND t.lft>( SELECT s.lft FROM t_base_res s WHERE s.id=?) AND t.rgt<( SELECT s.rgt FROM t_base_res s WHERE s.id=?) ORDER BY t.lft ASC 
2015-05-26 00:27:06,422 [http-nio-8080-exec-3] DEBUG cn.mypandora.system.BaseRes.getDescendants - ==> Parameters: 1(Long), 1(Long)
2015-05-26 00:27:06,430 [http-nio-8080-exec-3] DEBUG cn.mypandora.log.MyLogAspect - end around
2015-05-26 00:27:21,174 [http-nio-8080-exec-7] DEBUG cn.mypandora.log.MyLogAspect - begin around
2015-05-26 00:27:21,176 [http-nio-8080-exec-7] DEBUG cn.mypandora.orm.dao.impl.BaseEntityDaoImpl - SQL Key <cn.mypandora.system.UserEntity.pageUsers>
2015-05-26 00:27:21,181 [http-nio-8080-exec-7] DEBUG cn.mypandora.system.UserEntity.pageUsers - ooo Using Connection [com.mchange.v2.c3p0.impl.NewProxyConnection@45dba9]
2015-05-26 00:27:21,254 [http-nio-8080-exec-7] DEBUG cn.mypandora.orm.OffsetLimitInterceptor - 生成的分页SQL：select * from t_base_user where 1=1 order by ? ? limit 0 ,10
2015-05-26 00:27:21,255 [http-nio-8080-exec-7] DEBUG cn.mypandora.system.UserEntity.pageUsers - ==>  Preparing: select * from t_base_user where 1=1 order by ? ? limit 0 ,10 
2015-05-26 00:27:21,257 [http-nio-8080-exec-7] DEBUG cn.mypandora.system.UserEntity.pageUsers - ==> Parameters: id(String), desc(String)
2015-05-26 00:27:21,264 [http-nio-8080-exec-7] DEBUG cn.mypandora.orm.dao.impl.BaseEntityDaoImpl - SQL Key <cn.mypandora.system.UserEntity.pageUsers>
2015-05-26 00:27:21,278 [http-nio-8080-exec-7] DEBUG cn.mypandora.dao.base.countSql - ooo Using Connection [com.mchange.v2.c3p0.impl.NewProxyConnection@1b65ec2]
2015-05-26 00:27:21,278 [http-nio-8080-exec-7] DEBUG cn.mypandora.dao.base.countSql - ==>  Preparing: select count(1) from (select * from t_base_user where 1=1 ) count_sql_alias 
2015-05-26 00:27:21,278 [http-nio-8080-exec-7] DEBUG cn.mypandora.dao.base.countSql - ==> Parameters: 
2015-05-26 00:27:21,280 [http-nio-8080-exec-7] DEBUG cn.mypandora.log.MyLogAspect - end around
2015-05-26 00:27:32,276 [http-nio-8080-exec-12] DEBUG cn.mypandora.log.MyLogAspect - begin around
2015-05-26 00:27:32,277 [http-nio-8080-exec-12] DEBUG cn.mypandora.orm.dao.impl.BaseEntityDaoImpl - SQL Key <cn.mypandora.system.UserEntity.findById>
2015-05-26 00:27:32,279 [http-nio-8080-exec-12] DEBUG cn.mypandora.system.UserEntity.findById - ooo Using Connection [com.mchange.v2.c3p0.impl.NewProxyConnection@dc0eb9]
2015-05-26 00:27:32,279 [http-nio-8080-exec-12] DEBUG cn.mypandora.system.UserEntity.findById - ==>  Preparing: select * from t_base_user where id = ? 
2015-05-26 00:27:32,285 [http-nio-8080-exec-12] DEBUG cn.mypandora.system.UserEntity.findById - ==> Parameters: 22(Long)
2015-05-26 00:27:32,292 [http-nio-8080-exec-12] DEBUG cn.mypandora.log.MyLogAspect - end around
2015-05-26 00:28:26,588 [http-nio-8080-exec-10] DEBUG cn.mypandora.log.MyLogAspect - begin around
2015-05-26 00:28:26,589 [http-nio-8080-exec-10] DEBUG cn.mypandora.orm.dao.impl.BaseEntityDaoImpl - SQL Key <cn.mypandora.system.UserEntity.findById>
2015-05-26 00:28:26,592 [http-nio-8080-exec-10] DEBUG cn.mypandora.system.UserEntity.findById - ooo Using Connection [com.mchange.v2.c3p0.impl.NewProxyConnection@ad3470]
2015-05-26 00:28:26,593 [http-nio-8080-exec-10] DEBUG cn.mypandora.system.UserEntity.findById - ==>  Preparing: select * from t_base_user where id = ? 
2015-05-26 00:28:26,594 [http-nio-8080-exec-10] DEBUG cn.mypandora.system.UserEntity.findById - ==> Parameters: 22(Long)
2015-05-26 00:28:26,599 [http-nio-8080-exec-10] DEBUG cn.mypandora.log.MyLogAspect - end around
2015-05-26 00:31:55,322 [http-nio-8080-exec-16] DEBUG cn.mypandora.log.MyLogAspect - begin around
2015-05-26 00:31:55,323 [http-nio-8080-exec-16] DEBUG cn.mypandora.orm.dao.impl.BaseEntityDaoImpl - SQL Key <cn.mypandora.system.UserEntity.pageUsers>
2015-05-26 00:31:55,326 [http-nio-8080-exec-16] DEBUG cn.mypandora.system.UserEntity.pageUsers - ooo Using Connection [com.mchange.v2.c3p0.impl.NewProxyConnection@60d1dc]
2015-05-26 00:31:55,328 [http-nio-8080-exec-16] DEBUG cn.mypandora.orm.OffsetLimitInterceptor - 生成的分页SQL：select * from t_base_user where 1=1 order by ? ? limit 0 ,10
2015-05-26 00:31:55,328 [http-nio-8080-exec-16] DEBUG cn.mypandora.system.UserEntity.pageUsers - ==>  Preparing: select * from t_base_user where 1=1 order by ? ? limit 0 ,10 
2015-05-26 00:31:55,329 [http-nio-8080-exec-16] DEBUG cn.mypandora.system.UserEntity.pageUsers - ==> Parameters: id(String), desc(String)
2015-05-26 00:31:55,340 [http-nio-8080-exec-16] DEBUG cn.mypandora.orm.dao.impl.BaseEntityDaoImpl - SQL Key <cn.mypandora.system.UserEntity.pageUsers>
2015-05-26 00:31:55,342 [http-nio-8080-exec-16] DEBUG cn.mypandora.dao.base.countSql - ooo Using Connection [com.mchange.v2.c3p0.impl.NewProxyConnection@8ec2ba]
2015-05-26 00:31:55,342 [http-nio-8080-exec-16] DEBUG cn.mypandora.dao.base.countSql - ==>  Preparing: select count(1) from (select * from t_base_user where 1=1 ) count_sql_alias 
2015-05-26 00:31:55,342 [http-nio-8080-exec-16] DEBUG cn.mypandora.dao.base.countSql - ==> Parameters: 
2015-05-26 00:31:55,345 [http-nio-8080-exec-16] DEBUG cn.mypandora.log.MyLogAspect - end around
2015-05-26 00:32:05,767 [http-nio-8080-exec-14] DEBUG cn.mypandora.log.MyLogAspect - begin around
2015-05-26 00:32:05,767 [http-nio-8080-exec-14] DEBUG cn.mypandora.orm.dao.impl.BaseEntityDaoImpl - SQL Key <cn.mypandora.system.UserEntity.findById>
2015-05-26 00:32:05,768 [http-nio-8080-exec-14] DEBUG cn.mypandora.system.UserEntity.findById - ooo Using Connection [com.mchange.v2.c3p0.impl.NewProxyConnection@2d8b85]
2015-05-26 00:32:05,769 [http-nio-8080-exec-14] DEBUG cn.mypandora.system.UserEntity.findById - ==>  Preparing: select * from t_base_user where id = ? 
2015-05-26 00:32:05,769 [http-nio-8080-exec-14] DEBUG cn.mypandora.system.UserEntity.findById - ==> Parameters: 22(Long)
2015-05-26 00:32:05,772 [http-nio-8080-exec-14] DEBUG cn.mypandora.log.MyLogAspect - end around
2015-05-26 00:32:30,298 [http-nio-8080-exec-1] DEBUG cn.mypandora.log.MyLogAspect - begin around
2015-05-26 00:32:30,300 [http-nio-8080-exec-1] DEBUG cn.mypandora.orm.dao.impl.BaseEntityDaoImpl - SQL Key <cn.mypandora.system.UserEntity.findById>
2015-05-26 00:32:30,308 [http-nio-8080-exec-1] DEBUG cn.mypandora.system.UserEntity.findById - ooo Using Connection [com.mchange.v2.c3p0.impl.NewProxyConnection@1a27766]
2015-05-26 00:32:30,318 [http-nio-8080-exec-1] DEBUG cn.mypandora.system.UserEntity.findById - ==>  Preparing: select * from t_base_user where id = ? 
2015-05-26 00:32:30,323 [http-nio-8080-exec-1] DEBUG cn.mypandora.system.UserEntity.findById - ==> Parameters: 22(Long)
2015-05-26 00:32:30,353 [http-nio-8080-exec-1] DEBUG cn.mypandora.log.MyLogAspect - end around
2015-05-26 13:24:04,698 [http-nio-8080-exec-3] DEBUG cn.mypandora.log.MyLogAspect - begin around
2015-05-26 13:24:04,747 [http-nio-8080-exec-3] DEBUG cn.mypandora.orm.dao.impl.BaseEntityDaoImpl - SQL Key <cn.mypandora.system.UserEntity.hasMatchUser>
2015-05-26 13:24:04,995 [http-nio-8080-exec-3] DEBUG cn.mypandora.system.UserEntity.hasMatchUser - ooo Using Connection [com.mchange.v2.c3p0.impl.NewProxyConnection@888ac1]
2015-05-26 13:24:05,006 [http-nio-8080-exec-3] DEBUG cn.mypandora.system.UserEntity.hasMatchUser - ==>  Preparing: select * from t_base_user where 1=1 and user_name = ? and password = ? order by id desc 
2015-05-26 13:24:05,053 [http-nio-8080-exec-3] DEBUG cn.mypandora.system.UserEntity.hasMatchUser - ==> Parameters: admin(String), 1(String)
2015-05-26 13:24:05,127 [http-nio-8080-exec-3] DEBUG cn.mypandora.log.MyLogAspect - end around
2015-05-26 13:24:05,133 [http-nio-8080-exec-3] DEBUG cn.mypandora.log.MyLogAspect - begin around
2015-05-26 13:24:05,134 [http-nio-8080-exec-3] DEBUG cn.mypandora.orm.dao.impl.BaseEntityDaoImpl - SQL Key <cn.mypandora.system.UserEntity.findUserByName>
2015-05-26 13:24:05,135 [http-nio-8080-exec-3] DEBUG cn.mypandora.system.UserEntity.findUserByName - ooo Using Connection [com.mchange.v2.c3p0.impl.NewProxyConnection@54de96]
2015-05-26 13:24:05,135 [http-nio-8080-exec-3] DEBUG cn.mypandora.system.UserEntity.findUserByName - ==>  Preparing: select * from t_base_user where 1=1 and user_name = ? 
2015-05-26 13:24:05,135 [http-nio-8080-exec-3] DEBUG cn.mypandora.system.UserEntity.findUserByName - ==> Parameters: admin(String)
2015-05-26 13:24:05,139 [http-nio-8080-exec-3] DEBUG cn.mypandora.log.MyLogAspect - end around
2015-05-26 13:24:05,156 [http-nio-8080-exec-3] DEBUG cn.mypandora.log.MyLogAspect - begin around
2015-05-26 13:24:05,157 [http-nio-8080-exec-3] DEBUG cn.mypandora.orm.dao.impl.BaseEntityDaoImpl - SQL Key <cn.mypandora.system.UserEntity.update>
2015-05-26 13:24:05,163 [http-nio-8080-exec-3] DEBUG cn.mypandora.system.UserEntity.update - ooo Using Connection [com.mchange.v2.c3p0.impl.NewProxyConnection@e8db37]
2015-05-26 13:24:05,163 [http-nio-8080-exec-3] DEBUG cn.mypandora.system.UserEntity.update - ==>  Preparing: update t_base_user set user_name=?, real_name=?, password=?, email=?, mobile=?, phone=?, picture_url=?, sex=?, birthday=?, last_ip=?, credits=? WHERE id = ? 
2015-05-26 13:24:05,166 [http-nio-8080-exec-3] DEBUG cn.mypandora.system.UserEntity.update - ==> Parameters: admin(String), test(String), 1(String), han@lanxum.com(String), 18610815241(String), 81234567(String), /resources/upload/pic/00000001.jpg(String), 0(Integer), null, 0:0:0:0:0:0:0:1(String), 5525(Integer), 5(Long)
2015-05-26 13:24:05,168 [http-nio-8080-exec-3] DEBUG cn.mypandora.log.MyLogAspect - end around
2015-05-26 13:24:05,170 [http-nio-8080-exec-3] DEBUG cn.mypandora.log.MyLogAspect - begin around
2015-05-26 13:24:05,171 [http-nio-8080-exec-3] DEBUG cn.mypandora.orm.dao.impl.BaseEntityDaoImpl - SQL Key <cn.mypandora.system.LogEntity.add>
2015-05-26 13:24:05,172 [http-nio-8080-exec-3] DEBUG cn.mypandora.system.LogEntity.add - ooo Using Connection [com.mchange.v2.c3p0.impl.NewProxyConnection@e8db37]
2015-05-26 13:24:05,172 [http-nio-8080-exec-3] DEBUG cn.mypandora.system.LogEntity.add - ==>  Preparing: INSERT INTO t_base_log ( user_name, description, ip, create_time ) VALUES ( ?, ?, ?, ? ) 
2015-05-26 13:24:05,181 [http-nio-8080-exec-3] DEBUG cn.mypandora.system.LogEntity.add - ==> Parameters: 稍后获取(String), 用户登录成功(String), 稍后获取(String), 2015-05-26 13:24:05.169(Timestamp)
2015-05-26 13:24:05,182 [http-nio-8080-exec-3] DEBUG cn.mypandora.log.MyLogAspect - end around
2015-05-26 13:24:05,234 [http-nio-8080-exec-3] DEBUG cn.mypandora.system.LogEntity.add!selectKey - ooo Using Connection [com.mchange.v2.c3p0.impl.NewProxyConnection@e8db37]
2015-05-26 13:24:05,235 [http-nio-8080-exec-3] DEBUG cn.mypandora.system.LogEntity.add!selectKey - ==>  Preparing: SELECT LAST_INSERT_ID() AS ID 
2015-05-26 13:24:05,235 [http-nio-8080-exec-3] DEBUG cn.mypandora.system.LogEntity.add!selectKey - ==> Parameters: 
2015-05-26 13:24:05,333 [http-nio-8080-exec-3] DEBUG cn.mypandora.log.MyLogAspect - begin around
2015-05-26 13:24:05,333 [http-nio-8080-exec-3] DEBUG cn.mypandora.orm.dao.impl.BaseNestedDaoImpl - SQL Key <cn.mypandora.system.BaseRes.getDescendants>
2015-05-26 13:24:05,334 [http-nio-8080-exec-3] DEBUG cn.mypandora.system.BaseRes.getDescendants - ooo Using Connection [com.mchange.v2.c3p0.impl.NewProxyConnection@7cf247]
2015-05-26 13:24:05,335 [http-nio-8080-exec-3] DEBUG cn.mypandora.system.BaseRes.getDescendants - ==>  Preparing: SELECT * FROM t_base_res t WHERE 1=1 AND t.lft>( SELECT s.lft FROM t_base_res s WHERE s.id=?) AND t.rgt<( SELECT s.rgt FROM t_base_res s WHERE s.id=?) ORDER BY t.lft ASC 
2015-05-26 13:24:05,335 [http-nio-8080-exec-3] DEBUG cn.mypandora.system.BaseRes.getDescendants - ==> Parameters: 1(Long), 1(Long)
2015-05-26 13:24:05,409 [http-nio-8080-exec-3] DEBUG cn.mypandora.log.MyLogAspect - end around
2015-05-26 13:24:08,755 [http-nio-8080-exec-9] DEBUG cn.mypandora.log.MyLogAspect - begin around
2015-05-26 13:24:08,757 [http-nio-8080-exec-9] DEBUG cn.mypandora.orm.dao.impl.BaseEntityDaoImpl - SQL Key <cn.mypandora.system.UserEntity.pageUsers>
2015-05-26 13:24:08,759 [http-nio-8080-exec-9] DEBUG cn.mypandora.system.UserEntity.pageUsers - ooo Using Connection [com.mchange.v2.c3p0.impl.NewProxyConnection@1c3aff9]
2015-05-26 13:24:08,845 [http-nio-8080-exec-9] DEBUG cn.mypandora.orm.OffsetLimitInterceptor - 生成的分页SQL：select * from t_base_user where 1=1 order by ? ? limit 0 ,10
2015-05-26 13:24:08,845 [http-nio-8080-exec-9] DEBUG cn.mypandora.system.UserEntity.pageUsers - ==>  Preparing: select * from t_base_user where 1=1 order by ? ? limit 0 ,10 
2015-05-26 13:24:08,846 [http-nio-8080-exec-9] DEBUG cn.mypandora.system.UserEntity.pageUsers - ==> Parameters: id(String), desc(String)
2015-05-26 13:24:08,854 [http-nio-8080-exec-9] DEBUG cn.mypandora.orm.dao.impl.BaseEntityDaoImpl - SQL Key <cn.mypandora.system.UserEntity.pageUsers>
2015-05-26 13:24:08,890 [http-nio-8080-exec-9] DEBUG cn.mypandora.dao.base.countSql - ooo Using Connection [com.mchange.v2.c3p0.impl.NewProxyConnection@29236d]
2015-05-26 13:24:08,891 [http-nio-8080-exec-9] DEBUG cn.mypandora.dao.base.countSql - ==>  Preparing: select count(1) from (select * from t_base_user where 1=1 ) count_sql_alias 
2015-05-26 13:24:08,891 [http-nio-8080-exec-9] DEBUG cn.mypandora.dao.base.countSql - ==> Parameters: 
2015-05-26 13:24:08,893 [http-nio-8080-exec-9] DEBUG cn.mypandora.log.MyLogAspect - end around
2015-05-26 13:24:10,900 [http-nio-8080-exec-12] DEBUG cn.mypandora.log.MyLogAspect - begin around
2015-05-26 13:24:10,901 [http-nio-8080-exec-12] DEBUG cn.mypandora.orm.dao.impl.BaseEntityDaoImpl - SQL Key <cn.mypandora.system.UserEntity.findById>
2015-05-26 13:24:10,902 [http-nio-8080-exec-12] DEBUG cn.mypandora.system.UserEntity.findById - ooo Using Connection [com.mchange.v2.c3p0.impl.NewProxyConnection@e60a0a]
2015-05-26 13:24:10,903 [http-nio-8080-exec-12] DEBUG cn.mypandora.system.UserEntity.findById - ==>  Preparing: select * from t_base_user where id = ? 
2015-05-26 13:24:10,903 [http-nio-8080-exec-12] DEBUG cn.mypandora.system.UserEntity.findById - ==> Parameters: 22(Long)
2015-05-26 13:24:10,906 [http-nio-8080-exec-12] DEBUG cn.mypandora.log.MyLogAspect - end around
2015-05-26 13:24:18,166 [http-nio-8080-exec-15] DEBUG cn.mypandora.log.MyLogAspect - begin around
2015-05-26 13:24:18,166 [http-nio-8080-exec-15] DEBUG cn.mypandora.orm.dao.impl.BaseEntityDaoImpl - SQL Key <cn.mypandora.system.UserEntity.findById>
2015-05-26 13:24:18,168 [http-nio-8080-exec-15] DEBUG cn.mypandora.system.UserEntity.findById - ooo Using Connection [com.mchange.v2.c3p0.impl.NewProxyConnection@111b77f]
2015-05-26 13:24:18,168 [http-nio-8080-exec-15] DEBUG cn.mypandora.system.UserEntity.findById - ==>  Preparing: select * from t_base_user where id = ? 
2015-05-26 13:24:18,169 [http-nio-8080-exec-15] DEBUG cn.mypandora.system.UserEntity.findById - ==> Parameters: 22(Long)
2015-05-26 13:24:18,173 [http-nio-8080-exec-15] DEBUG cn.mypandora.log.MyLogAspect - end around
2015-05-26 13:36:32,158 [http-nio-8080-exec-6] DEBUG cn.mypandora.log.MyLogAspect - begin around
2015-05-26 13:36:32,158 [http-nio-8080-exec-6] DEBUG cn.mypandora.orm.dao.impl.BaseEntityDaoImpl - SQL Key <cn.mypandora.system.UserEntity.hasMatchUser>
2015-05-26 13:36:32,161 [http-nio-8080-exec-6] DEBUG cn.mypandora.system.UserEntity.hasMatchUser - ooo Using Connection [com.mchange.v2.c3p0.impl.NewProxyConnection@1f68c1b]
2015-05-26 13:36:32,161 [http-nio-8080-exec-6] DEBUG cn.mypandora.system.UserEntity.hasMatchUser - ==>  Preparing: select * from t_base_user where 1=1 and user_name = ? and password = ? order by id desc 
2015-05-26 13:36:32,162 [http-nio-8080-exec-6] DEBUG cn.mypandora.system.UserEntity.hasMatchUser - ==> Parameters: admin(String), 1(String)
2015-05-26 13:36:32,165 [http-nio-8080-exec-6] DEBUG cn.mypandora.log.MyLogAspect - end around
2015-05-26 13:36:32,165 [http-nio-8080-exec-6] DEBUG cn.mypandora.log.MyLogAspect - begin around
2015-05-26 13:36:32,165 [http-nio-8080-exec-6] DEBUG cn.mypandora.orm.dao.impl.BaseEntityDaoImpl - SQL Key <cn.mypandora.system.UserEntity.findUserByName>
2015-05-26 13:36:32,166 [http-nio-8080-exec-6] DEBUG cn.mypandora.system.UserEntity.findUserByName - ooo Using Connection [com.mchange.v2.c3p0.impl.NewProxyConnection@11087e8]
2015-05-26 13:36:32,166 [http-nio-8080-exec-6] DEBUG cn.mypandora.system.UserEntity.findUserByName - ==>  Preparing: select * from t_base_user where 1=1 and user_name = ? 
2015-05-26 13:36:32,167 [http-nio-8080-exec-6] DEBUG cn.mypandora.system.UserEntity.findUserByName - ==> Parameters: admin(String)
2015-05-26 13:36:32,169 [http-nio-8080-exec-6] DEBUG cn.mypandora.log.MyLogAspect - end around
2015-05-26 13:36:32,170 [http-nio-8080-exec-6] DEBUG cn.mypandora.log.MyLogAspect - begin around
2015-05-26 13:36:32,171 [http-nio-8080-exec-6] DEBUG cn.mypandora.orm.dao.impl.BaseEntityDaoImpl - SQL Key <cn.mypandora.system.UserEntity.update>
2015-05-26 13:36:32,172 [http-nio-8080-exec-6] DEBUG cn.mypandora.system.UserEntity.update - ooo Using Connection [com.mchange.v2.c3p0.impl.NewProxyConnection@4d1429]
2015-05-26 13:36:32,173 [http-nio-8080-exec-6] DEBUG cn.mypandora.system.UserEntity.update - ==>  Preparing: update t_base_user set user_name=?, real_name=?, password=?, email=?, mobile=?, phone=?, picture_url=?, sex=?, birthday=?, last_ip=?, credits=? WHERE id = ? 
2015-05-26 13:36:32,174 [http-nio-8080-exec-6] DEBUG cn.mypandora.system.UserEntity.update - ==> Parameters: admin(String), test(String), 1(String), han@lanxum.com(String), 18610815241(String), 81234567(String), /resources/upload/pic/00000001.jpg(String), 0(Integer), null, 0:0:0:0:0:0:0:1(String), 5530(Integer), 5(Long)
2015-05-26 13:36:32,174 [http-nio-8080-exec-6] DEBUG cn.mypandora.log.MyLogAspect - end around
2015-05-26 13:36:32,175 [http-nio-8080-exec-6] DEBUG cn.mypandora.log.MyLogAspect - begin around
2015-05-26 13:36:32,175 [http-nio-8080-exec-6] DEBUG cn.mypandora.orm.dao.impl.BaseEntityDaoImpl - SQL Key <cn.mypandora.system.LogEntity.add>
2015-05-26 13:36:32,176 [http-nio-8080-exec-6] DEBUG cn.mypandora.system.LogEntity.add - ooo Using Connection [com.mchange.v2.c3p0.impl.NewProxyConnection@4d1429]
2015-05-26 13:36:32,176 [http-nio-8080-exec-6] DEBUG cn.mypandora.system.LogEntity.add - ==>  Preparing: INSERT INTO t_base_log ( user_name, description, ip, create_time ) VALUES ( ?, ?, ?, ? ) 
2015-05-26 13:36:32,178 [http-nio-8080-exec-6] DEBUG cn.mypandora.system.LogEntity.add - ==> Parameters: 稍后获取(String), 用户登录成功(String), 稍后获取(String), 2015-05-26 13:36:32.175(Timestamp)
2015-05-26 13:36:32,178 [http-nio-8080-exec-6] DEBUG cn.mypandora.log.MyLogAspect - end around
2015-05-26 13:36:32,231 [http-nio-8080-exec-6] DEBUG cn.mypandora.system.LogEntity.add!selectKey - ooo Using Connection [com.mchange.v2.c3p0.impl.NewProxyConnection@4d1429]
2015-05-26 13:36:32,231 [http-nio-8080-exec-6] DEBUG cn.mypandora.system.LogEntity.add!selectKey - ==>  Preparing: SELECT LAST_INSERT_ID() AS ID 
2015-05-26 13:36:32,231 [http-nio-8080-exec-6] DEBUG cn.mypandora.system.LogEntity.add!selectKey - ==> Parameters: 
2015-05-26 13:36:32,339 [http-nio-8080-exec-6] DEBUG cn.mypandora.log.MyLogAspect - begin around
2015-05-26 13:36:32,340 [http-nio-8080-exec-6] DEBUG cn.mypandora.orm.dao.impl.BaseNestedDaoImpl - SQL Key <cn.mypandora.system.BaseRes.getDescendants>
2015-05-26 13:36:32,344 [http-nio-8080-exec-6] DEBUG cn.mypandora.system.BaseRes.getDescendants - ooo Using Connection [com.mchange.v2.c3p0.impl.NewProxyConnection@529768]
2015-05-26 13:36:32,349 [http-nio-8080-exec-6] DEBUG cn.mypandora.system.BaseRes.getDescendants - ==>  Preparing: SELECT * FROM t_base_res t WHERE 1=1 AND t.lft>( SELECT s.lft FROM t_base_res s WHERE s.id=?) AND t.rgt<( SELECT s.rgt FROM t_base_res s WHERE s.id=?) ORDER BY t.lft ASC 
2015-05-26 13:36:32,356 [http-nio-8080-exec-6] DEBUG cn.mypandora.system.BaseRes.getDescendants - ==> Parameters: 1(Long), 1(Long)
2015-05-26 13:36:32,372 [http-nio-8080-exec-6] DEBUG cn.mypandora.log.MyLogAspect - end around
2015-05-26 13:36:34,532 [http-nio-8080-exec-15] DEBUG cn.mypandora.log.MyLogAspect - begin around
2015-05-26 13:36:34,533 [http-nio-8080-exec-15] DEBUG cn.mypandora.orm.dao.impl.BaseEntityDaoImpl - SQL Key <cn.mypandora.system.UserEntity.pageUsers>
2015-05-26 13:36:34,534 [http-nio-8080-exec-15] DEBUG cn.mypandora.system.UserEntity.pageUsers - ooo Using Connection [com.mchange.v2.c3p0.impl.NewProxyConnection@7b5cbf]
2015-05-26 13:36:34,535 [http-nio-8080-exec-15] DEBUG cn.mypandora.orm.OffsetLimitInterceptor - 生成的分页SQL：select * from t_base_user where 1=1 order by ? ? limit 0 ,10
2015-05-26 13:36:34,535 [http-nio-8080-exec-15] DEBUG cn.mypandora.system.UserEntity.pageUsers - ==>  Preparing: select * from t_base_user where 1=1 order by ? ? limit 0 ,10 
2015-05-26 13:36:34,536 [http-nio-8080-exec-15] DEBUG cn.mypandora.system.UserEntity.pageUsers - ==> Parameters: id(String), desc(String)
2015-05-26 13:36:34,572 [http-nio-8080-exec-15] DEBUG cn.mypandora.orm.dao.impl.BaseEntityDaoImpl - SQL Key <cn.mypandora.system.UserEntity.pageUsers>
2015-05-26 13:36:34,573 [http-nio-8080-exec-15] DEBUG cn.mypandora.dao.base.countSql - ooo Using Connection [com.mchange.v2.c3p0.impl.NewProxyConnection@1802a59]
2015-05-26 13:36:34,574 [http-nio-8080-exec-15] DEBUG cn.mypandora.dao.base.countSql - ==>  Preparing: select count(1) from (select * from t_base_user where 1=1 ) count_sql_alias 
2015-05-26 13:36:34,574 [http-nio-8080-exec-15] DEBUG cn.mypandora.dao.base.countSql - ==> Parameters: 
2015-05-26 13:36:34,575 [http-nio-8080-exec-15] DEBUG cn.mypandora.log.MyLogAspect - end around
2015-05-26 13:36:44,240 [http-nio-8080-exec-10] DEBUG cn.mypandora.log.MyLogAspect - begin around
2015-05-26 13:36:44,240 [http-nio-8080-exec-10] DEBUG cn.mypandora.orm.dao.impl.BaseEntityDaoImpl - SQL Key <cn.mypandora.system.UserEntity.findById>
2015-05-26 13:36:44,241 [http-nio-8080-exec-10] DEBUG cn.mypandora.system.UserEntity.findById - ooo Using Connection [com.mchange.v2.c3p0.impl.NewProxyConnection@1627c4f]
2015-05-26 13:36:44,241 [http-nio-8080-exec-10] DEBUG cn.mypandora.system.UserEntity.findById - ==>  Preparing: select * from t_base_user where id = ? 
2015-05-26 13:36:44,241 [http-nio-8080-exec-10] DEBUG cn.mypandora.system.UserEntity.findById - ==> Parameters: 5(Long)
2015-05-26 13:36:44,244 [http-nio-8080-exec-10] DEBUG cn.mypandora.log.MyLogAspect - end around
2015-05-26 13:38:03,060 [http-nio-8080-exec-10] DEBUG cn.mypandora.log.MyLogAspect - begin around
2015-05-26 13:38:03,061 [http-nio-8080-exec-10] DEBUG cn.mypandora.orm.dao.impl.BaseEntityDaoImpl - SQL Key <cn.mypandora.system.UserEntity.pageUsers>
2015-05-26 13:38:03,062 [http-nio-8080-exec-10] DEBUG cn.mypandora.system.UserEntity.pageUsers - ooo Using Connection [com.mchange.v2.c3p0.impl.NewProxyConnection@d73788]
2015-05-26 13:38:03,064 [http-nio-8080-exec-10] DEBUG cn.mypandora.orm.OffsetLimitInterceptor - 生成的分页SQL：select * from t_base_user where 1=1 order by ? ? limit 0 ,10
2015-05-26 13:38:03,064 [http-nio-8080-exec-10] DEBUG cn.mypandora.system.UserEntity.pageUsers - ==>  Preparing: select * from t_base_user where 1=1 order by ? ? limit 0 ,10 
2015-05-26 13:38:03,065 [http-nio-8080-exec-10] DEBUG cn.mypandora.system.UserEntity.pageUsers - ==> Parameters: id(String), desc(String)
2015-05-26 13:38:03,075 [http-nio-8080-exec-10] DEBUG cn.mypandora.orm.dao.impl.BaseEntityDaoImpl - SQL Key <cn.mypandora.system.UserEntity.pageUsers>
2015-05-26 13:38:03,076 [http-nio-8080-exec-10] DEBUG cn.mypandora.dao.base.countSql - ooo Using Connection [com.mchange.v2.c3p0.impl.NewProxyConnection@12e0b50]
2015-05-26 13:38:03,077 [http-nio-8080-exec-10] DEBUG cn.mypandora.dao.base.countSql - ==>  Preparing: select count(1) from (select * from t_base_user where 1=1 ) count_sql_alias 
2015-05-26 13:38:03,077 [http-nio-8080-exec-10] DEBUG cn.mypandora.dao.base.countSql - ==> Parameters: 
2015-05-26 13:38:03,079 [http-nio-8080-exec-10] DEBUG cn.mypandora.log.MyLogAspect - end around
2015-05-26 13:38:04,677 [http-nio-8080-exec-8] DEBUG cn.mypandora.log.MyLogAspect - begin around
2015-05-26 13:38:04,677 [http-nio-8080-exec-8] DEBUG cn.mypandora.orm.dao.impl.BaseEntityDaoImpl - SQL Key <cn.mypandora.system.UserEntity.findById>
2015-05-26 13:38:04,678 [http-nio-8080-exec-8] DEBUG cn.mypandora.system.UserEntity.findById - ooo Using Connection [com.mchange.v2.c3p0.impl.NewProxyConnection@15fa7c4]
2015-05-26 13:38:04,678 [http-nio-8080-exec-8] DEBUG cn.mypandora.system.UserEntity.findById - ==>  Preparing: select * from t_base_user where id = ? 
2015-05-26 13:38:04,678 [http-nio-8080-exec-8] DEBUG cn.mypandora.system.UserEntity.findById - ==> Parameters: 5(Long)
2015-05-26 13:38:04,680 [http-nio-8080-exec-8] DEBUG cn.mypandora.log.MyLogAspect - end around
2015-05-26 13:38:05,927 [http-nio-8080-exec-12] DEBUG cn.mypandora.log.MyLogAspect - begin around
2015-05-26 13:38:05,928 [http-nio-8080-exec-12] DEBUG cn.mypandora.orm.dao.impl.BaseEntityDaoImpl - SQL Key <cn.mypandora.system.UserEntity.findById>
2015-05-26 13:38:05,929 [http-nio-8080-exec-12] DEBUG cn.mypandora.system.UserEntity.findById - ooo Using Connection [com.mchange.v2.c3p0.impl.NewProxyConnection@bfde3e]
2015-05-26 13:38:05,929 [http-nio-8080-exec-12] DEBUG cn.mypandora.system.UserEntity.findById - ==>  Preparing: select * from t_base_user where id = ? 
2015-05-26 13:38:05,930 [http-nio-8080-exec-12] DEBUG cn.mypandora.system.UserEntity.findById - ==> Parameters: 5(Long)
2015-05-26 13:38:05,932 [http-nio-8080-exec-12] DEBUG cn.mypandora.log.MyLogAspect - end around
2015-05-26 13:38:30,086 [http-nio-8080-exec-14] DEBUG cn.mypandora.log.MyLogAspect - begin around
2015-05-26 13:38:30,087 [http-nio-8080-exec-14] DEBUG cn.mypandora.orm.dao.impl.BaseEntityDaoImpl - SQL Key <cn.mypandora.system.UserEntity.findById>
2015-05-26 13:38:30,089 [http-nio-8080-exec-14] DEBUG cn.mypandora.system.UserEntity.findById - ooo Using Connection [com.mchange.v2.c3p0.impl.NewProxyConnection@138eb41]
2015-05-26 13:38:30,089 [http-nio-8080-exec-14] DEBUG cn.mypandora.system.UserEntity.findById - ==>  Preparing: select * from t_base_user where id = ? 
2015-05-26 13:38:30,090 [http-nio-8080-exec-14] DEBUG cn.mypandora.system.UserEntity.findById - ==> Parameters: 5(Long)
2015-05-26 13:38:30,093 [http-nio-8080-exec-14] DEBUG cn.mypandora.log.MyLogAspect - end around
2015-05-26 13:38:30,920 [http-nio-8080-exec-5] DEBUG cn.mypandora.log.MyLogAspect - begin around
2015-05-26 13:38:30,921 [http-nio-8080-exec-5] DEBUG cn.mypandora.orm.dao.impl.BaseEntityDaoImpl - SQL Key <cn.mypandora.system.UserEntity.findById>
2015-05-26 13:38:30,922 [http-nio-8080-exec-5] DEBUG cn.mypandora.system.UserEntity.findById - ooo Using Connection [com.mchange.v2.c3p0.impl.NewProxyConnection@d44e58]
2015-05-26 13:38:30,922 [http-nio-8080-exec-5] DEBUG cn.mypandora.system.UserEntity.findById - ==>  Preparing: select * from t_base_user where id = ? 
2015-05-26 13:38:30,923 [http-nio-8080-exec-5] DEBUG cn.mypandora.system.UserEntity.findById - ==> Parameters: 5(Long)
2015-05-26 13:38:30,926 [http-nio-8080-exec-5] DEBUG cn.mypandora.log.MyLogAspect - end around
